2025-07-25 15:21:24.256 [info] Reading sessions from keychain...
2025-07-25 15:21:24.256 [info] Getting sessions for all scopes...
2025-07-25 15:21:24.256 [info] Getting sessions for all scopes...
2025-07-25 15:21:24.256 [info] Getting sessions for all scopes...
2025-07-25 15:21:24.256 [info] Getting sessions for all scopes...
2025-07-25 15:21:24.256 [info] Getting sessions for all scopes...
2025-07-25 15:21:24.256 [info] Getting sessions for all scopes...
2025-07-25 15:21:24.256 [info] Getting sessions for all scopes...
2025-07-25 15:21:24.256 [info] Getting sessions for all scopes...
2025-07-25 15:21:24.257 [info] Got stored sessions!
2025-07-25 15:21:24.257 [info] Got 2 verified sessions.
2025-07-25 15:21:24.257 [info] Got 2 sessions for ...
2025-07-25 15:21:24.257 [info] Got 2 sessions for ...
2025-07-25 15:21:24.257 [info] Got 2 sessions for ...
2025-07-25 15:21:24.257 [info] Got 2 sessions for ...
2025-07-25 15:21:24.257 [info] Got 2 sessions for ...
2025-07-25 15:21:24.257 [info] Got 2 sessions for ...
2025-07-25 15:21:24.257 [info] Got 2 sessions for ...
2025-07-25 15:21:24.257 [info] Got 2 sessions for ...
2025-07-25 15:21:30.968 [info] Getting sessions for all scopes...
2025-07-25 15:21:30.970 [info] Got 1 sessions for ...
2025-07-25 15:21:30.974 [info] Getting sessions for all scopes...
2025-07-25 15:21:30.975 [info] Got 1 sessions for ...
2025-07-25 15:21:30.976 [info] Getting sessions for all scopes...
2025-07-25 15:21:30.979 [info] Got 1 sessions for ...
2025-07-25 15:21:30.981 [info] Getting sessions for all scopes...
2025-07-25 15:21:30.984 [info] Got 1 sessions for ...
2025-07-25 15:21:30.985 [info] Getting sessions for all scopes...
2025-07-25 15:21:30.985 [info] Got 1 sessions for ...
2025-07-25 15:21:30.989 [info] Getting sessions for all scopes...
2025-07-25 15:21:30.990 [info] Got 1 sessions for ...
2025-07-25 15:21:58.932 [info] Getting sessions for all scopes...
2025-07-25 15:21:58.932 [info] Got 2 sessions for ...
2025-07-25 15:21:58.933 [info] Getting sessions for all scopes...
2025-07-25 15:21:58.937 [info] Got 2 sessions for ...
2025-07-25 15:21:59.086 [info] Getting sessions for all scopes...
2025-07-25 15:21:59.086 [info] Got 2 sessions for ...
2025-07-25 15:22:03.293 [info] Getting sessions for all scopes...
2025-07-25 15:22:03.293 [info] Got 2 sessions for ...
2025-07-25 15:22:03.323 [info] Getting sessions for all scopes...
2025-07-25 15:22:03.323 [info] Got 2 sessions for ...
2025-07-25 15:22:04.556 [info] Getting sessions for all scopes...
2025-07-25 15:22:04.556 [info] Got 1 sessions for ...
2025-07-25 15:22:04.557 [info] Getting sessions for read:user,repo,user:email,workflow...
2025-07-25 15:22:04.560 [info] Got 1 sessions for read:user,repo,user:email,workflow...
2025-07-25 15:22:06.558 [info] Getting sessions for read:user,repo,user:email,workflow...
2025-07-25 15:22:06.559 [info] Got 1 sessions for read:user,repo,user:email,workflow...
2025-07-25 15:22:07.025 [info] Getting sessions for read:user,repo,user:email,workflow...
2025-07-25 15:22:07.028 [info] Got 1 sessions for read:user,repo,user:email,workflow...
2025-07-25 15:22:07.881 [info] Getting sessions for read:user...
2025-07-25 15:22:07.885 [info] Got 0 sessions for read:user...
2025-07-25 15:22:08.260 [info] Getting sessions for user:email...
2025-07-25 15:22:08.261 [info] Got 1 sessions for user:email...
2025-07-25 15:22:08.262 [info] Getting sessions for read:user,repo,user:email,workflow...
2025-07-25 15:22:08.262 [info] Got 1 sessions for read:user,repo,user:email,workflow...
2025-07-25 15:22:09.945 [info] Getting sessions for user:email...
2025-07-25 15:22:09.945 [info] Got 1 sessions for user:email...
2025-07-25 15:22:10.149 [info] Getting sessions for read:user,repo,user:email,workflow...
2025-07-25 15:22:10.149 [info] Got 1 sessions for read:user,repo,user:email,workflow...
2025-07-25 15:22:10.150 [info] Getting sessions for all scopes...
2025-07-25 15:22:10.151 [info] Got 2 sessions for ...
2025-07-25 15:22:10.152 [info] Getting sessions for all scopes...
2025-07-25 15:22:10.152 [info] Got 2 sessions for ...
2025-07-25 15:22:10.657 [info] Getting sessions for read:user,repo,user:email,workflow...
2025-07-25 15:22:10.657 [info] Got 1 sessions for read:user,repo,user:email,workflow...
2025-07-25 15:22:11.355 [info] Getting sessions for read:user,repo,user:email,workflow...
2025-07-25 15:22:11.355 [info] Got 1 sessions for read:user,repo,user:email,workflow...
2025-07-25 15:22:11.550 [info] Getting sessions for user:email...
2025-07-25 15:22:11.550 [info] Got 1 sessions for user:email...
2025-07-25 15:22:13.227 [info] Getting sessions for all scopes...
2025-07-25 15:22:13.228 [info] Got 2 sessions for ...
2025-07-25 15:22:13.249 [info] Getting sessions for read:user,repo,user:email,workflow...
2025-07-25 15:22:13.249 [info] Got 1 sessions for read:user,repo,user:email,workflow...
2025-07-25 15:22:13.361 [info] Getting sessions for read:user,repo,user:email,workflow...
2025-07-25 15:22:13.361 [info] Got 1 sessions for read:user,repo,user:email,workflow...
2025-07-25 15:22:13.560 [info] Getting sessions for read:user,repo,user:email,workflow...
2025-07-25 15:22:13.560 [info] Got 1 sessions for read:user,repo,user:email,workflow...
2025-07-25 15:22:13.572 [info] Getting sessions for all scopes...
2025-07-25 15:22:13.572 [info] Got 2 sessions for ...
2025-07-25 15:22:13.931 [info] Getting sessions for read:user,repo,user:email,workflow...
2025-07-25 15:22:13.932 [info] Got 1 sessions for read:user,repo,user:email,workflow...
2025-07-25 15:22:14.247 [info] Getting sessions for user:email...
2025-07-25 15:22:14.247 [info] Got 1 sessions for user:email...
2025-07-25 15:22:14.248 [info] Getting sessions for all scopes...
2025-07-25 15:22:14.248 [info] Got 2 sessions for ...
2025-07-25 15:22:14.299 [info] Getting sessions for read:user,repo,user:email,workflow...
2025-07-25 15:22:14.299 [info] Got 1 sessions for read:user,repo,user:email,workflow...
2025-07-25 15:22:14.335 [info] Getting sessions for read:user,repo,user:email,workflow...
2025-07-25 15:22:14.335 [info] Got 1 sessions for read:user,repo,user:email,workflow...
2025-07-25 15:22:14.373 [info] Getting sessions for all scopes...
2025-07-25 15:22:14.373 [info] Got 2 sessions for ...
2025-07-25 15:22:14.402 [info] Getting sessions for read:user,repo,user:email,workflow...
2025-07-25 15:22:14.403 [info] Got 1 sessions for read:user,repo,user:email,workflow...
2025-07-25 15:22:14.486 [info] Getting sessions for user:email...
2025-07-25 15:22:14.486 [info] Got 1 sessions for user:email...
2025-07-25 15:22:24.439 [info] Getting sessions for all scopes...
2025-07-25 15:22:24.439 [info] Got 2 sessions for ...
2025-07-25 15:22:24.546 [info] Getting sessions for all scopes...
2025-07-25 15:22:24.546 [info] Got 2 sessions for ...
2025-07-25 15:22:27.272 [info] Getting sessions for read:user,repo,user:email,workflow...
2025-07-25 15:22:27.273 [info] Got 1 sessions for read:user,repo,user:email,workflow...
2025-07-25 15:22:33.248 [info] Getting sessions for user:email...
2025-07-25 15:22:33.248 [info] Got 1 sessions for user:email...
2025-07-25 15:22:33.249 [info] Getting sessions for read:user,repo,user:email,workflow...
2025-07-25 15:22:33.250 [info] Got 1 sessions for read:user,repo,user:email,workflow...
2025-07-25 15:22:35.563 [info] Getting sessions for all scopes...
2025-07-25 15:22:35.564 [info] Got 2 sessions for ...
2025-07-25 15:22:35.859 [info] Getting sessions for all scopes...
2025-07-25 15:22:35.860 [info] Got 1 sessions for ...
2025-07-25 15:22:35.887 [info] Getting sessions for all scopes...
2025-07-25 15:22:35.889 [info] Got 2 sessions for ...
2025-07-25 15:22:36.214 [info] Getting sessions for read:user,repo,user:email,workflow...
2025-07-25 15:22:36.215 [info] Got 1 sessions for read:user,repo,user:email,workflow...
2025-07-25 15:22:36.263 [info] Getting sessions for user:email...
2025-07-25 15:22:36.263 [info] Got 1 sessions for user:email...
2025-07-25 15:25:49.292 [info] Getting sessions for all scopes...
2025-07-25 15:25:49.294 [info] Got 2 sessions for ...
2025-07-25 15:25:52.547 [info] Getting sessions for read:user,repo,user:email,workflow...
2025-07-25 15:25:52.548 [info] Got 1 sessions for read:user,repo,user:email,workflow...
2025-07-25 15:25:55.743 [info] Getting sessions for user:email...
2025-07-25 15:25:55.749 [info] Got 1 sessions for user:email...
2025-07-25 15:25:56.458 [info] Getting sessions for all scopes...
2025-07-25 15:25:56.459 [info] Got 2 sessions for ...
2025-07-25 15:25:56.505 [info] Getting sessions for read:user,repo,user:email,workflow...
2025-07-25 15:25:56.505 [info] Got 1 sessions for read:user,repo,user:email,workflow...
2025-07-25 15:25:56.524 [info] Getting sessions for user:email...
2025-07-25 15:25:56.524 [info] Got 1 sessions for user:email...
2025-07-25 15:25:57.439 [info] Getting sessions for all scopes...
2025-07-25 15:25:57.439 [info] Got 2 sessions for ...
2025-07-25 15:25:57.453 [info] Getting sessions for read:user,repo,user:email,workflow...
2025-07-25 15:25:57.454 [info] Got 1 sessions for read:user,repo,user:email,workflow...
2025-07-25 15:25:57.467 [info] Getting sessions for user:email...
2025-07-25 15:25:57.468 [info] Got 1 sessions for user:email...
2025-07-25 15:26:02.064 [info] Getting sessions for all scopes...
2025-07-25 15:26:02.064 [info] Got 2 sessions for ...
2025-07-25 15:26:02.526 [info] Getting sessions for read:user,repo,user:email,workflow...
2025-07-25 15:26:02.526 [info] Got 1 sessions for read:user,repo,user:email,workflow...
2025-07-25 15:26:02.678 [info] Getting sessions for user:email...
2025-07-25 15:26:02.679 [info] Got 1 sessions for user:email...
2025-07-25 15:26:02.964 [info] Getting sessions for all scopes...
2025-07-25 15:26:02.964 [info] Got 2 sessions for ...
2025-07-25 15:26:03.212 [info] Getting sessions for read:user,repo,user:email,workflow...
2025-07-25 15:26:03.213 [info] Got 1 sessions for read:user,repo,user:email,workflow...
2025-07-25 15:26:03.316 [info] Getting sessions for user:email...
2025-07-25 15:26:03.317 [info] Got 1 sessions for user:email...
2025-07-25 15:26:07.803 [info] Getting sessions for all scopes...
2025-07-25 15:26:07.803 [info] Got 2 sessions for ...
2025-07-25 15:26:07.826 [info] Getting sessions for read:user,repo,user:email,workflow...
2025-07-25 15:26:07.826 [info] Got 1 sessions for read:user,repo,user:email,workflow...
2025-07-25 15:26:07.842 [info] Getting sessions for user:email...
2025-07-25 15:26:07.843 [info] Got 1 sessions for user:email...
2025-07-25 15:26:19.938 [info] Getting sessions for all scopes...
2025-07-25 15:26:19.941 [info] Got 2 sessions for ...
2025-07-25 15:26:20.983 [info] Getting sessions for read:user,repo,user:email,workflow...
2025-07-25 15:26:20.983 [info] Got 1 sessions for read:user,repo,user:email,workflow...
2025-07-25 15:26:21.581 [info] Getting sessions for user:email...
2025-07-25 15:26:21.587 [info] Got 1 sessions for user:email...
2025-07-25 15:26:21.845 [info] Getting sessions for all scopes...
2025-07-25 15:26:21.845 [info] Got 2 sessions for ...
2025-07-25 15:26:21.880 [info] Getting sessions for read:user,repo,user:email,workflow...
2025-07-25 15:26:21.881 [info] Got 1 sessions for read:user,repo,user:email,workflow...
2025-07-25 15:26:21.903 [info] Getting sessions for user:email...
2025-07-25 15:26:21.907 [info] Got 1 sessions for user:email...
2025-07-25 15:26:22.383 [info] Getting sessions for all scopes...
2025-07-25 15:26:22.384 [info] Got 2 sessions for ...
2025-07-25 15:26:22.431 [info] Getting sessions for read:user,repo,user:email,workflow...
2025-07-25 15:26:22.431 [info] Got 1 sessions for read:user,repo,user:email,workflow...
2025-07-25 15:26:22.464 [info] Getting sessions for user:email...
2025-07-25 15:26:22.464 [info] Got 1 sessions for user:email...
2025-07-25 15:26:24.062 [info] Getting sessions for all scopes...
2025-07-25 15:26:24.063 [info] Got 2 sessions for ...
2025-07-25 15:26:24.229 [info] Getting sessions for read:user,repo,user:email,workflow...
2025-07-25 15:26:24.229 [info] Got 1 sessions for read:user,repo,user:email,workflow...
2025-07-25 15:26:24.346 [info] Getting sessions for user:email...
2025-07-25 15:26:24.347 [info] Got 1 sessions for user:email...
2025-07-25 15:26:24.728 [info] Getting sessions for all scopes...
2025-07-25 15:26:24.728 [info] Got 2 sessions for ...
2025-07-25 15:26:24.753 [info] Getting sessions for read:user,repo,user:email,workflow...
2025-07-25 15:26:24.753 [info] Got 1 sessions for read:user,repo,user:email,workflow...
2025-07-25 15:26:24.790 [info] Getting sessions for user:email...
2025-07-25 15:26:24.790 [info] Got 1 sessions for user:email...
2025-07-25 15:26:26.090 [info] Getting sessions for all scopes...
2025-07-25 15:26:26.092 [info] Got 2 sessions for ...
2025-07-25 15:26:26.187 [info] Getting sessions for read:user,repo,user:email,workflow...
2025-07-25 15:26:26.187 [info] Got 1 sessions for read:user,repo,user:email,workflow...
2025-07-25 15:26:27.364 [info] Getting sessions for user:email...
2025-07-25 15:26:27.373 [info] Got 1 sessions for user:email...
2025-07-25 15:26:27.793 [info] Getting sessions for all scopes...
2025-07-25 15:26:27.793 [info] Got 2 sessions for ...
2025-07-25 15:26:27.808 [info] Getting sessions for read:user,repo,user:email,workflow...
2025-07-25 15:26:27.808 [info] Got 1 sessions for read:user,repo,user:email,workflow...
2025-07-25 15:26:27.819 [info] Getting sessions for user:email...
2025-07-25 15:26:27.819 [info] Got 1 sessions for user:email...
2025-07-25 15:26:31.328 [info] Getting sessions for all scopes...
2025-07-25 15:26:31.331 [info] Got 2 sessions for ...
2025-07-25 15:26:31.341 [info] Getting sessions for read:user,repo,user:email,workflow...
2025-07-25 15:26:31.341 [info] Got 1 sessions for read:user,repo,user:email,workflow...
2025-07-25 15:26:31.350 [info] Getting sessions for user:email...
2025-07-25 15:26:31.350 [info] Got 1 sessions for user:email...
2025-07-25 15:26:50.038 [info] Getting sessions for all scopes...
2025-07-25 15:26:50.039 [info] Got 2 sessions for ...
2025-07-25 15:26:55.487 [info] Getting sessions for read:user,repo,user:email,workflow...
2025-07-25 15:26:55.488 [info] Got 1 sessions for read:user,repo,user:email,workflow...
2025-07-25 15:26:56.933 [info] Getting sessions for user:email...
2025-07-25 15:26:56.934 [info] Got 1 sessions for user:email...
2025-07-25 15:27:01.142 [info] Getting sessions for all scopes...
2025-07-25 15:27:01.142 [info] Got 2 sessions for ...
2025-07-25 15:27:04.341 [info] Getting sessions for read:user,repo,user:email,workflow...
2025-07-25 15:27:04.348 [info] Got 1 sessions for read:user,repo,user:email,workflow...
2025-07-25 15:27:05.819 [info] Getting sessions for user:email...
2025-07-25 15:27:05.824 [info] Got 1 sessions for user:email...
2025-07-25 15:27:06.406 [info] Getting sessions for all scopes...
2025-07-25 15:27:06.407 [info] Got 2 sessions for ...
2025-07-25 15:27:06.427 [info] Getting sessions for read:user,repo,user:email,workflow...
2025-07-25 15:27:06.430 [info] Got 1 sessions for read:user,repo,user:email,workflow...
2025-07-25 15:27:06.443 [info] Getting sessions for user:email...
2025-07-25 15:27:06.444 [info] Got 1 sessions for user:email...
2025-07-25 15:28:20.057 [info] Getting sessions for all scopes...
2025-07-25 15:28:20.057 [info] Got 2 sessions for ...
2025-07-25 15:28:20.742 [info] Getting sessions for read:user,repo,user:email,workflow...
2025-07-25 15:28:20.746 [info] Got 1 sessions for read:user,repo,user:email,workflow...
2025-07-25 15:28:20.822 [info] Getting sessions for user:email...
2025-07-25 15:28:20.825 [info] Got 1 sessions for user:email...
2025-07-25 15:28:20.912 [info] Getting sessions for all scopes...
2025-07-25 15:28:20.913 [info] Got 2 sessions for ...
2025-07-25 15:28:20.954 [info] Getting sessions for read:user,repo,user:email,workflow...
2025-07-25 15:28:20.954 [info] Got 1 sessions for read:user,repo,user:email,workflow...
2025-07-25 15:28:20.979 [info] Getting sessions for user:email...
2025-07-25 15:28:20.979 [info] Got 1 sessions for user:email...
2025-07-25 15:28:22.157 [info] Getting sessions for all scopes...
2025-07-25 15:28:22.158 [info] Got 2 sessions for ...
2025-07-25 15:28:25.107 [info] Getting sessions for read:user,repo,user:email,workflow...
2025-07-25 15:28:25.107 [info] Got 1 sessions for read:user,repo,user:email,workflow...
2025-07-25 15:28:26.145 [info] Getting sessions for user:email...
2025-07-25 15:28:26.149 [info] Got 1 sessions for user:email...
2025-07-25 15:28:26.503 [info] Getting sessions for all scopes...
2025-07-25 15:28:26.503 [info] Got 2 sessions for ...
2025-07-25 15:28:26.790 [info] Getting sessions for read:user,repo,user:email,workflow...
2025-07-25 15:28:26.794 [info] Got 1 sessions for read:user,repo,user:email,workflow...
2025-07-25 15:28:26.918 [info] Getting sessions for user:email...
2025-07-25 15:28:26.919 [info] Got 1 sessions for user:email...
2025-07-25 15:28:30.651 [info] Getting sessions for all scopes...
2025-07-25 15:28:30.651 [info] Got 2 sessions for ...
2025-07-25 15:28:30.816 [info] Getting sessions for read:user,repo,user:email,workflow...
2025-07-25 15:28:30.823 [info] Got 1 sessions for read:user,repo,user:email,workflow...
2025-07-25 15:28:31.289 [info] Getting sessions for user:email...
2025-07-25 15:28:31.294 [info] Got 1 sessions for user:email...
2025-07-25 15:28:32.220 [info] Getting sessions for all scopes...
2025-07-25 15:28:32.221 [info] Got 2 sessions for ...
2025-07-25 15:28:32.753 [info] Getting sessions for read:user,repo,user:email,workflow...
2025-07-25 15:28:32.762 [info] Got 1 sessions for read:user,repo,user:email,workflow...
2025-07-25 15:28:32.924 [info] Getting sessions for user:email...
2025-07-25 15:28:32.931 [info] Got 1 sessions for user:email...
2025-07-25 15:28:36.174 [info] Getting sessions for all scopes...
2025-07-25 15:28:36.174 [info] Got 2 sessions for ...
2025-07-25 15:28:36.300 [info] Getting sessions for read:user,repo,user:email,workflow...
2025-07-25 15:28:36.300 [info] Got 1 sessions for read:user,repo,user:email,workflow...
2025-07-25 15:28:36.358 [info] Getting sessions for user:email...
2025-07-25 15:28:36.362 [info] Got 1 sessions for user:email...
2025-07-25 15:28:40.761 [info] Getting sessions for all scopes...
2025-07-25 15:28:40.762 [info] Got 2 sessions for ...
2025-07-25 15:28:40.798 [info] Getting sessions for read:user,repo,user:email,workflow...
2025-07-25 15:28:40.798 [info] Got 1 sessions for read:user,repo,user:email,workflow...
2025-07-25 15:28:40.808 [info] Getting sessions for user:email...
2025-07-25 15:28:40.808 [info] Got 1 sessions for user:email...
2025-07-25 15:28:47.112 [info] Getting sessions for all scopes...
2025-07-25 15:28:47.112 [info] Got 2 sessions for ...
2025-07-25 15:28:48.272 [info] Getting sessions for read:user,repo,user:email,workflow...
2025-07-25 15:28:48.275 [info] Got 1 sessions for read:user,repo,user:email,workflow...
2025-07-25 15:28:51.843 [info] Getting sessions for user:email...
2025-07-25 15:28:51.844 [info] Got 1 sessions for user:email...
2025-07-25 15:28:53.507 [info] Getting sessions for all scopes...
2025-07-25 15:28:53.513 [info] Got 2 sessions for ...
2025-07-25 15:28:54.357 [info] Getting sessions for read:user,repo,user:email,workflow...
2025-07-25 15:28:54.357 [info] Got 1 sessions for read:user,repo,user:email,workflow...
2025-07-25 15:28:56.443 [info] Getting sessions for user:email...
2025-07-25 15:28:56.443 [info] Got 1 sessions for user:email...
2025-07-25 15:28:58.018 [info] Getting sessions for all scopes...
2025-07-25 15:28:58.018 [info] Got 2 sessions for ...
2025-07-25 15:28:58.532 [info] Getting sessions for read:user,repo,user:email,workflow...
2025-07-25 15:28:58.532 [info] Got 1 sessions for read:user,repo,user:email,workflow...
2025-07-25 15:28:58.730 [info] Getting sessions for user:email...
2025-07-25 15:28:58.730 [info] Got 1 sessions for user:email...
2025-07-25 15:29:04.874 [info] Getting sessions for all scopes...
2025-07-25 15:29:04.880 [info] Got 2 sessions for ...
2025-07-25 15:29:07.622 [info] Getting sessions for read:user,repo,user:email,workflow...
2025-07-25 15:29:07.622 [info] Got 1 sessions for read:user,repo,user:email,workflow...
2025-07-25 15:29:09.690 [info] Getting sessions for user:email...
2025-07-25 15:29:09.690 [info] Got 1 sessions for user:email...
2025-07-25 15:29:09.942 [info] Getting sessions for all scopes...
2025-07-25 15:29:09.943 [info] Got 2 sessions for ...
2025-07-25 15:29:09.969 [info] Getting sessions for read:user,repo,user:email,workflow...
2025-07-25 15:29:09.969 [info] Got 1 sessions for read:user,repo,user:email,workflow...
2025-07-25 15:29:09.981 [info] Getting sessions for user:email...
2025-07-25 15:29:09.981 [info] Got 1 sessions for user:email...
2025-07-25 15:29:10.542 [info] Getting sessions for all scopes...
2025-07-25 15:29:10.542 [info] Got 2 sessions for ...
2025-07-25 15:29:10.556 [info] Getting sessions for read:user,repo,user:email,workflow...
2025-07-25 15:29:10.557 [info] Got 1 sessions for read:user,repo,user:email,workflow...
2025-07-25 15:29:10.572 [info] Getting sessions for user:email...
2025-07-25 15:29:10.575 [info] Got 1 sessions for user:email...
2025-07-25 15:29:19.296 [info] Getting sessions for all scopes...
2025-07-25 15:29:19.296 [info] Got 2 sessions for ...
2025-07-25 15:29:23.226 [info] Getting sessions for read:user,repo,user:email,workflow...
2025-07-25 15:29:23.226 [info] Got 1 sessions for read:user,repo,user:email,workflow...
2025-07-25 15:29:24.318 [info] Getting sessions for user:email...
2025-07-25 15:29:24.318 [info] Got 1 sessions for user:email...
2025-07-25 15:29:24.554 [info] Getting sessions for all scopes...
2025-07-25 15:29:24.554 [info] Got 2 sessions for ...
2025-07-25 15:29:24.569 [info] Getting sessions for read:user,repo,user:email,workflow...
2025-07-25 15:29:24.570 [info] Got 1 sessions for read:user,repo,user:email,workflow...
2025-07-25 15:29:24.580 [info] Getting sessions for user:email...
2025-07-25 15:29:24.581 [info] Got 1 sessions for user:email...
2025-07-25 15:29:30.162 [info] Getting sessions for all scopes...
2025-07-25 15:29:30.162 [info] Got 2 sessions for ...
2025-07-25 15:29:30.234 [info] Getting sessions for read:user,repo,user:email,workflow...
2025-07-25 15:29:30.234 [info] Got 1 sessions for read:user,repo,user:email,workflow...
2025-07-25 15:29:30.439 [info] Getting sessions for user:email...
2025-07-25 15:29:30.443 [info] Got 1 sessions for user:email...
2025-07-25 15:29:31.068 [info] Getting sessions for all scopes...
2025-07-25 15:29:31.069 [info] Got 2 sessions for ...
2025-07-25 15:29:31.096 [info] Getting sessions for read:user,repo,user:email,workflow...
2025-07-25 15:29:31.096 [info] Got 1 sessions for read:user,repo,user:email,workflow...
2025-07-25 15:29:31.221 [info] Getting sessions for user:email...
2025-07-25 15:29:31.221 [info] Got 1 sessions for user:email...
2025-07-25 15:29:31.882 [info] Getting sessions for all scopes...
2025-07-25 15:29:31.882 [info] Got 2 sessions for ...
2025-07-25 15:29:32.082 [info] Getting sessions for read:user,repo,user:email,workflow...
2025-07-25 15:29:32.085 [info] Got 1 sessions for read:user,repo,user:email,workflow...
2025-07-25 15:29:32.104 [info] Getting sessions for user:email...
2025-07-25 15:29:32.105 [info] Got 1 sessions for user:email...
2025-07-25 15:29:36.516 [info] Getting sessions for all scopes...
2025-07-25 15:29:36.525 [info] Got 2 sessions for ...
2025-07-25 15:29:36.672 [info] Getting sessions for read:user,repo,user:email,workflow...
2025-07-25 15:29:36.672 [info] Got 1 sessions for read:user,repo,user:email,workflow...
2025-07-25 15:29:36.700 [info] Getting sessions for user:email...
2025-07-25 15:29:36.700 [info] Got 1 sessions for user:email...
2025-07-25 15:29:37.933 [info] Getting sessions for all scopes...
2025-07-25 15:29:37.933 [info] Got 2 sessions for ...
2025-07-25 15:29:38.267 [info] Getting sessions for read:user,repo,user:email,workflow...
2025-07-25 15:29:38.268 [info] Got 1 sessions for read:user,repo,user:email,workflow...
2025-07-25 15:29:38.364 [info] Getting sessions for user:email...
2025-07-25 15:29:38.365 [info] Got 1 sessions for user:email...
2025-07-25 15:29:38.404 [info] Getting sessions for all scopes...
2025-07-25 15:29:38.404 [info] Got 2 sessions for ...
2025-07-25 15:29:38.422 [info] Getting sessions for read:user,repo,user:email,workflow...
2025-07-25 15:29:38.422 [info] Got 1 sessions for read:user,repo,user:email,workflow...
2025-07-25 15:29:38.436 [info] Getting sessions for user:email...
2025-07-25 15:29:38.436 [info] Got 1 sessions for user:email...
2025-07-25 15:29:38.531 [info] Getting sessions for all scopes...
2025-07-25 15:29:38.532 [info] Got 2 sessions for ...
2025-07-25 15:29:38.550 [info] Getting sessions for read:user,repo,user:email,workflow...
2025-07-25 15:29:38.550 [info] Got 1 sessions for read:user,repo,user:email,workflow...
2025-07-25 15:29:38.566 [info] Getting sessions for user:email...
2025-07-25 15:29:38.566 [info] Got 1 sessions for user:email...
2025-07-25 15:29:40.731 [info] Getting sessions for all scopes...
2025-07-25 15:29:40.732 [info] Got 2 sessions for ...
2025-07-25 15:29:41.453 [info] Getting sessions for read:user,repo,user:email,workflow...
2025-07-25 15:29:41.453 [info] Got 1 sessions for read:user,repo,user:email,workflow...
2025-07-25 15:29:41.533 [info] Getting sessions for user:email...
2025-07-25 15:29:41.547 [info] Got 1 sessions for user:email...
2025-07-25 15:29:41.802 [info] Getting sessions for all scopes...
2025-07-25 15:29:41.802 [info] Got 2 sessions for ...
2025-07-25 15:29:41.825 [info] Getting sessions for read:user,repo,user:email,workflow...
2025-07-25 15:29:41.825 [info] Got 1 sessions for read:user,repo,user:email,workflow...
2025-07-25 15:29:41.854 [info] Getting sessions for user:email...
2025-07-25 15:29:41.854 [info] Got 1 sessions for user:email...
2025-07-25 15:29:46.003 [info] Getting sessions for all scopes...
2025-07-25 15:29:46.005 [info] Got 2 sessions for ...
2025-07-25 15:29:46.311 [info] Getting sessions for read:user,repo,user:email,workflow...
2025-07-25 15:29:46.311 [info] Got 1 sessions for read:user,repo,user:email,workflow...
2025-07-25 15:29:46.584 [info] Getting sessions for user:email...
2025-07-25 15:29:46.584 [info] Got 1 sessions for user:email...
2025-07-25 15:29:46.881 [info] Getting sessions for all scopes...
2025-07-25 15:29:46.881 [info] Got 2 sessions for ...
2025-07-25 15:29:46.901 [info] Getting sessions for read:user,repo,user:email,workflow...
2025-07-25 15:29:46.901 [info] Got 1 sessions for read:user,repo,user:email,workflow...
2025-07-25 15:29:46.913 [info] Getting sessions for user:email...
2025-07-25 15:29:46.914 [info] Got 1 sessions for user:email...
2025-07-25 15:29:48.185 [info] Getting sessions for all scopes...
2025-07-25 15:29:48.186 [info] Got 2 sessions for ...
2025-07-25 15:29:48.410 [info] Getting sessions for read:user,repo,user:email,workflow...
2025-07-25 15:29:48.411 [info] Got 1 sessions for read:user,repo,user:email,workflow...
2025-07-25 15:29:48.633 [info] Getting sessions for user:email...
2025-07-25 15:29:48.633 [info] Got 1 sessions for user:email...
2025-07-25 15:29:48.843 [info] Getting sessions for all scopes...
2025-07-25 15:29:48.844 [info] Got 2 sessions for ...
2025-07-25 15:29:48.970 [info] Getting sessions for read:user,repo,user:email,workflow...
2025-07-25 15:29:48.970 [info] Got 1 sessions for read:user,repo,user:email,workflow...
2025-07-25 15:29:48.986 [info] Getting sessions for user:email...
2025-07-25 15:29:48.986 [info] Got 1 sessions for user:email...
2025-07-25 15:30:00.619 [info] Getting sessions for all scopes...
2025-07-25 15:30:00.619 [info] Got 2 sessions for ...
2025-07-25 15:30:01.078 [info] Getting sessions for read:user,repo,user:email,workflow...
2025-07-25 15:30:01.078 [info] Got 1 sessions for read:user,repo,user:email,workflow...
2025-07-25 15:30:01.099 [info] Getting sessions for user:email...
2025-07-25 15:30:01.099 [info] Got 1 sessions for user:email...
2025-07-25 15:30:01.153 [info] Getting sessions for all scopes...
2025-07-25 15:30:01.153 [info] Got 2 sessions for ...
2025-07-25 15:30:01.166 [info] Getting sessions for read:user,repo,user:email,workflow...
2025-07-25 15:30:01.166 [info] Got 1 sessions for read:user,repo,user:email,workflow...
2025-07-25 15:30:01.183 [info] Getting sessions for user:email...
2025-07-25 15:30:01.183 [info] Got 1 sessions for user:email...
2025-07-25 15:30:01.259 [info] Getting sessions for all scopes...
2025-07-25 15:30:01.259 [info] Got 2 sessions for ...
2025-07-25 15:30:01.275 [info] Getting sessions for read:user,repo,user:email,workflow...
2025-07-25 15:30:01.276 [info] Got 1 sessions for read:user,repo,user:email,workflow...
2025-07-25 15:30:01.291 [info] Getting sessions for user:email...
2025-07-25 15:30:01.292 [info] Got 1 sessions for user:email...
2025-07-25 15:30:02.046 [info] Getting sessions for all scopes...
2025-07-25 15:30:02.046 [info] Got 2 sessions for ...
2025-07-25 15:30:02.419 [info] Getting sessions for read:user,repo,user:email,workflow...
2025-07-25 15:30:02.419 [info] Got 1 sessions for read:user,repo,user:email,workflow...
2025-07-25 15:30:03.071 [info] Getting sessions for user:email...
2025-07-25 15:30:03.075 [info] Got 1 sessions for user:email...
2025-07-25 15:30:04.842 [info] Getting sessions for all scopes...
2025-07-25 15:30:04.851 [info] Got 2 sessions for ...
2025-07-25 15:30:10.215 [info] Getting sessions for read:user,repo,user:email,workflow...
2025-07-25 15:30:10.217 [info] Got 1 sessions for read:user,repo,user:email,workflow...
2025-07-25 15:30:10.722 [info] Getting sessions for user:email...
2025-07-25 15:30:10.722 [info] Got 1 sessions for user:email...
2025-07-25 15:30:12.561 [info] Getting sessions for all scopes...
2025-07-25 15:30:12.562 [info] Got 2 sessions for ...
2025-07-25 15:30:15.520 [info] Getting sessions for read:user,repo,user:email,workflow...
2025-07-25 15:30:15.525 [info] Got 1 sessions for read:user,repo,user:email,workflow...
2025-07-25 15:30:15.592 [info] Getting sessions for user:email...
2025-07-25 15:30:15.593 [info] Got 1 sessions for user:email...
2025-07-25 15:30:15.728 [info] Getting sessions for all scopes...
2025-07-25 15:30:15.728 [info] Got 2 sessions for ...
2025-07-25 15:30:15.749 [info] Getting sessions for read:user,repo,user:email,workflow...
2025-07-25 15:30:15.749 [info] Got 1 sessions for read:user,repo,user:email,workflow...
2025-07-25 15:30:15.763 [info] Getting sessions for user:email...
2025-07-25 15:30:15.764 [info] Got 1 sessions for user:email...
2025-07-25 15:30:16.374 [info] Getting sessions for all scopes...
2025-07-25 15:30:16.375 [info] Got 2 sessions for ...
2025-07-25 15:30:16.407 [info] Getting sessions for read:user,repo,user:email,workflow...
2025-07-25 15:30:16.408 [info] Got 1 sessions for read:user,repo,user:email,workflow...
2025-07-25 15:30:16.427 [info] Getting sessions for user:email...
2025-07-25 15:30:16.429 [info] Got 1 sessions for user:email...
2025-07-25 15:30:21.601 [info] Getting sessions for all scopes...
2025-07-25 15:30:21.602 [info] Got 2 sessions for ...
2025-07-25 15:30:22.928 [info] Getting sessions for read:user,repo,user:email,workflow...
2025-07-25 15:30:22.928 [info] Got 1 sessions for read:user,repo,user:email,workflow...
2025-07-25 15:30:23.025 [info] Getting sessions for user:email...
2025-07-25 15:30:23.031 [info] Got 1 sessions for user:email...
2025-07-25 15:30:23.271 [info] Getting sessions for all scopes...
2025-07-25 15:30:23.271 [info] Got 2 sessions for ...
2025-07-25 15:30:23.342 [info] Getting sessions for read:user,repo,user:email,workflow...
2025-07-25 15:30:23.343 [info] Got 1 sessions for read:user,repo,user:email,workflow...
2025-07-25 15:30:23.397 [info] Getting sessions for user:email...
2025-07-25 15:30:23.397 [info] Got 1 sessions for user:email...
2025-07-25 15:36:58.241 [info] Getting sessions for all scopes...
2025-07-25 15:36:58.242 [info] Got 2 sessions for ...
2025-07-25 15:36:58.428 [info] Getting sessions for read:user,repo,user:email,workflow...
2025-07-25 15:36:58.429 [info] Got 1 sessions for read:user,repo,user:email,workflow...
2025-07-25 15:36:58.822 [info] Getting sessions for user:email...
2025-07-25 15:36:58.822 [info] Got 1 sessions for user:email...
2025-07-25 15:36:59.597 [info] Getting sessions for all scopes...
2025-07-25 15:36:59.597 [info] Got 2 sessions for ...
2025-07-25 15:36:59.899 [info] Getting sessions for read:user,repo,user:email,workflow...
2025-07-25 15:36:59.900 [info] Got 1 sessions for read:user,repo,user:email,workflow...
2025-07-25 15:37:00.186 [info] Getting sessions for user:email...
2025-07-25 15:37:00.206 [info] Got 1 sessions for user:email...
2025-07-25 15:37:07.185 [info] Getting sessions for all scopes...
2025-07-25 15:37:07.189 [info] Got 2 sessions for ...
2025-07-25 15:37:07.545 [info] Getting sessions for read:user,repo,user:email,workflow...
2025-07-25 15:37:07.549 [info] Got 1 sessions for read:user,repo,user:email,workflow...
2025-07-25 15:37:08.809 [info] Getting sessions for user:email...
2025-07-25 15:37:08.809 [info] Got 1 sessions for user:email...
2025-07-25 15:37:36.307 [info] Getting sessions for all scopes...
2025-07-25 15:37:36.308 [info] Got 2 sessions for ...
2025-07-25 15:37:36.367 [info] Getting sessions for read:user,repo,user:email,workflow...
2025-07-25 15:37:36.367 [info] Got 1 sessions for read:user,repo,user:email,workflow...
2025-07-25 15:37:36.430 [info] Getting sessions for user:email...
2025-07-25 15:37:36.430 [info] Got 1 sessions for user:email...
2025-07-25 15:37:36.497 [info] Getting sessions for all scopes...
2025-07-25 15:37:36.497 [info] Got 2 sessions for ...
2025-07-25 15:37:36.540 [info] Getting sessions for read:user,repo,user:email,workflow...
2025-07-25 15:37:36.541 [info] Got 1 sessions for read:user,repo,user:email,workflow...
2025-07-25 15:37:36.565 [info] Getting sessions for user:email...
2025-07-25 15:37:36.565 [info] Got 1 sessions for user:email...
2025-07-25 15:37:39.277 [info] Getting sessions for all scopes...
2025-07-25 15:37:39.277 [info] Got 2 sessions for ...
2025-07-25 15:37:40.298 [info] Getting sessions for read:user,repo,user:email,workflow...
2025-07-25 15:37:40.298 [info] Got 1 sessions for read:user,repo,user:email,workflow...
2025-07-25 15:37:40.404 [info] Getting sessions for user:email...
2025-07-25 15:37:40.405 [info] Got 1 sessions for user:email...
2025-07-25 15:37:40.477 [info] Getting sessions for all scopes...
2025-07-25 15:37:40.477 [info] Got 2 sessions for ...
2025-07-25 15:37:42.031 [info] Getting sessions for read:user,repo,user:email,workflow...
2025-07-25 15:37:42.032 [info] Got 1 sessions for read:user,repo,user:email,workflow...
2025-07-25 15:37:44.266 [info] Getting sessions for user:email...
2025-07-25 15:37:44.268 [info] Got 1 sessions for user:email...
2025-07-25 15:37:52.303 [info] Getting sessions for all scopes...
2025-07-25 15:37:52.304 [info] Got 2 sessions for ...
2025-07-25 15:37:52.478 [info] Getting sessions for read:user,repo,user:email,workflow...
2025-07-25 15:37:52.481 [info] Got 1 sessions for read:user,repo,user:email,workflow...
2025-07-25 15:37:52.513 [info] Getting sessions for user:email...
2025-07-25 15:37:52.514 [info] Got 1 sessions for user:email...
2025-07-25 15:38:05.074 [info] Getting sessions for all scopes...
2025-07-25 15:38:05.075 [info] Got 2 sessions for ...
2025-07-25 15:38:05.173 [info] Getting sessions for read:user,repo,user:email,workflow...
2025-07-25 15:38:05.174 [info] Got 1 sessions for read:user,repo,user:email,workflow...
2025-07-25 15:38:06.036 [info] Getting sessions for user:email...
2025-07-25 15:38:06.038 [info] Got 1 sessions for user:email...
2025-07-25 15:38:06.868 [info] Getting sessions for all scopes...
2025-07-25 15:38:06.868 [info] Got 2 sessions for ...
2025-07-25 15:38:08.779 [info] Getting sessions for read:user,repo,user:email,workflow...
2025-07-25 15:38:08.779 [info] Got 1 sessions for read:user,repo,user:email,workflow...
2025-07-25 15:38:11.606 [info] Getting sessions for user:email...
2025-07-25 15:38:11.619 [info] Got 1 sessions for user:email...
2025-07-25 15:38:21.268 [info] Getting sessions for all scopes...
2025-07-25 15:38:21.269 [info] Got 2 sessions for ...
2025-07-25 15:38:24.245 [info] Getting sessions for read:user,repo,user:email,workflow...
2025-07-25 15:38:24.245 [info] Got 1 sessions for read:user,repo,user:email,workflow...
2025-07-25 15:38:25.169 [info] Getting sessions for user:email...
2025-07-25 15:38:25.170 [info] Got 1 sessions for user:email...
2025-07-25 15:38:27.706 [info] Getting sessions for all scopes...
2025-07-25 15:38:27.706 [info] Got 2 sessions for ...
2025-07-25 15:38:32.604 [info] Getting sessions for read:user,repo,user:email,workflow...
2025-07-25 15:38:32.604 [info] Got 1 sessions for read:user,repo,user:email,workflow...
2025-07-25 15:38:33.490 [info] Getting sessions for user:email...
2025-07-25 15:38:33.490 [info] Got 1 sessions for user:email...
2025-07-25 15:38:34.889 [info] Getting sessions for all scopes...
2025-07-25 15:38:34.898 [info] Got 2 sessions for ...
2025-07-25 15:38:35.918 [info] Getting sessions for read:user,repo,user:email,workflow...
2025-07-25 15:38:35.918 [info] Got 1 sessions for read:user,repo,user:email,workflow...
2025-07-25 15:38:36.187 [info] Getting sessions for user:email...
2025-07-25 15:38:36.187 [info] Got 1 sessions for user:email...
2025-07-25 15:38:37.543 [info] Getting sessions for all scopes...
2025-07-25 15:38:37.543 [info] Got 2 sessions for ...
2025-07-25 15:38:38.623 [info] Getting sessions for read:user,repo,user:email,workflow...
2025-07-25 15:38:38.623 [info] Got 1 sessions for read:user,repo,user:email,workflow...
2025-07-25 15:38:38.914 [info] Getting sessions for user:email...
2025-07-25 15:38:38.914 [info] Got 1 sessions for user:email...
2025-07-25 15:38:39.924 [info] Getting sessions for all scopes...
2025-07-25 15:38:39.924 [info] Got 2 sessions for ...
2025-07-25 15:38:40.204 [info] Getting sessions for read:user,repo,user:email,workflow...
2025-07-25 15:38:40.204 [info] Got 1 sessions for read:user,repo,user:email,workflow...
2025-07-25 15:38:40.494 [info] Getting sessions for user:email...
2025-07-25 15:38:40.495 [info] Got 1 sessions for user:email...
2025-07-25 15:39:28.385 [info] Getting sessions for all scopes...
2025-07-25 15:39:28.385 [info] Got 2 sessions for ...
2025-07-25 15:39:29.387 [info] Getting sessions for read:user,repo,user:email,workflow...
2025-07-25 15:39:29.400 [info] Got 1 sessions for read:user,repo,user:email,workflow...
2025-07-25 15:39:30.093 [info] Getting sessions for user:email...
2025-07-25 15:39:30.096 [info] Got 1 sessions for user:email...
2025-07-25 15:39:32.074 [info] Getting sessions for all scopes...
2025-07-25 15:39:32.074 [info] Got 2 sessions for ...
2025-07-25 15:39:32.138 [info] Getting sessions for read:user,repo,user:email,workflow...
2025-07-25 15:39:32.138 [info] Got 1 sessions for read:user,repo,user:email,workflow...
2025-07-25 15:39:32.342 [info] Getting sessions for user:email...
2025-07-25 15:39:32.342 [info] Got 1 sessions for user:email...
2025-07-25 15:39:33.895 [info] Getting sessions for all scopes...
2025-07-25 15:39:33.895 [info] Got 2 sessions for ...
2025-07-25 15:39:35.950 [info] Getting sessions for read:user,repo,user:email,workflow...
2025-07-25 15:39:35.955 [info] Got 1 sessions for read:user,repo,user:email,workflow...
2025-07-25 15:39:36.253 [info] Getting sessions for user:email...
2025-07-25 15:39:36.253 [info] Got 1 sessions for user:email...
2025-07-25 15:39:36.907 [info] Getting sessions for all scopes...
2025-07-25 15:39:36.907 [info] Got 2 sessions for ...
2025-07-25 15:39:39.012 [info] Getting sessions for read:user,repo,user:email,workflow...
2025-07-25 15:39:39.012 [info] Got 1 sessions for read:user,repo,user:email,workflow...
2025-07-25 15:39:39.889 [info] Getting sessions for user:email...
2025-07-25 15:39:39.890 [info] Got 1 sessions for user:email...
2025-07-25 15:39:41.551 [info] Getting sessions for all scopes...
2025-07-25 15:39:41.551 [info] Got 2 sessions for ...
2025-07-25 15:39:41.866 [info] Getting sessions for read:user,repo,user:email,workflow...
2025-07-25 15:39:41.866 [info] Got 1 sessions for read:user,repo,user:email,workflow...
2025-07-25 15:39:42.322 [info] Getting sessions for user:email...
2025-07-25 15:39:42.323 [info] Got 1 sessions for user:email...
2025-07-25 15:40:53.231 [info] Getting sessions for all scopes...
2025-07-25 15:40:53.231 [info] Got 2 sessions for ...
2025-07-25 15:40:54.849 [info] Getting sessions for read:user,repo,user:email,workflow...
2025-07-25 15:40:54.849 [info] Got 1 sessions for read:user,repo,user:email,workflow...
2025-07-25 15:40:55.255 [info] Getting sessions for user:email...
2025-07-25 15:40:55.256 [info] Got 1 sessions for user:email...
2025-07-25 15:40:56.194 [info] Getting sessions for all scopes...
2025-07-25 15:40:56.195 [info] Got 2 sessions for ...
2025-07-25 15:40:56.564 [info] Getting sessions for read:user,repo,user:email,workflow...
2025-07-25 15:40:56.564 [info] Got 1 sessions for read:user,repo,user:email,workflow...
2025-07-25 15:40:56.636 [info] Getting sessions for user:email...
2025-07-25 15:40:56.636 [info] Got 1 sessions for user:email...
2025-07-25 15:41:04.343 [info] Getting sessions for all scopes...
2025-07-25 15:41:04.344 [info] Got 2 sessions for ...
2025-07-25 15:41:06.147 [info] Getting sessions for read:user,repo,user:email,workflow...
2025-07-25 15:41:06.149 [info] Got 1 sessions for read:user,repo,user:email,workflow...
2025-07-25 15:41:06.437 [info] Getting sessions for user:email...
2025-07-25 15:41:06.439 [info] Got 1 sessions for user:email...
2025-07-25 15:41:14.373 [info] Getting sessions for all scopes...
2025-07-25 15:41:14.373 [info] Got 2 sessions for ...
2025-07-25 15:41:14.456 [info] Getting sessions for read:user,repo,user:email,workflow...
2025-07-25 15:41:14.465 [info] Got 1 sessions for read:user,repo,user:email,workflow...
2025-07-25 15:41:14.523 [info] Getting sessions for user:email...
2025-07-25 15:41:14.523 [info] Got 1 sessions for user:email...
2025-07-25 15:42:21.631 [info] Getting sessions for all scopes...
2025-07-25 15:42:21.632 [info] Got 2 sessions for ...
2025-07-25 15:42:24.094 [info] Getting sessions for read:user,repo,user:email,workflow...
2025-07-25 15:42:24.095 [info] Got 1 sessions for read:user,repo,user:email,workflow...
2025-07-25 15:42:25.032 [info] Getting sessions for user:email...
2025-07-25 15:42:25.037 [info] Got 1 sessions for user:email...
2025-07-25 15:42:25.422 [info] Getting sessions for all scopes...
2025-07-25 15:42:25.423 [info] Got 2 sessions for ...
2025-07-25 15:42:25.470 [info] Getting sessions for read:user,repo,user:email,workflow...
2025-07-25 15:42:25.470 [info] Got 1 sessions for read:user,repo,user:email,workflow...
2025-07-25 15:42:25.686 [info] Getting sessions for user:email...
2025-07-25 15:42:25.687 [info] Got 1 sessions for user:email...
2025-07-25 15:42:34.007 [info] Getting sessions for all scopes...
2025-07-25 15:42:34.008 [info] Got 2 sessions for ...
2025-07-25 15:42:34.091 [info] Getting sessions for read:user,repo,user:email,workflow...
2025-07-25 15:42:34.091 [info] Got 1 sessions for read:user,repo,user:email,workflow...
2025-07-25 15:42:34.127 [info] Getting sessions for user:email...
2025-07-25 15:42:34.127 [info] Got 1 sessions for user:email...
2025-07-25 15:45:20.663 [info] Getting sessions for all scopes...
2025-07-25 15:45:20.663 [info] Got 2 sessions for ...
2025-07-25 15:45:21.799 [info] Getting sessions for read:user,repo,user:email,workflow...
2025-07-25 15:45:21.800 [info] Got 1 sessions for read:user,repo,user:email,workflow...
2025-07-25 15:45:26.022 [info] Getting sessions for user:email...
2025-07-25 15:45:26.023 [info] Got 1 sessions for user:email...
2025-07-25 15:45:30.386 [info] Getting sessions for all scopes...
2025-07-25 15:45:30.386 [info] Got 2 sessions for ...
2025-07-25 15:45:31.526 [info] Getting sessions for read:user,repo,user:email,workflow...
2025-07-25 15:45:31.530 [info] Got 1 sessions for read:user,repo,user:email,workflow...
2025-07-25 15:45:31.730 [info] Getting sessions for all scopes...
2025-07-25 15:45:31.730 [info] Got 2 sessions for ...
2025-07-25 15:45:31.764 [info] Getting sessions for user:email...
2025-07-25 15:45:31.764 [info] Got 1 sessions for user:email...
2025-07-25 15:45:31.872 [info] Getting sessions for read:user,repo,user:email,workflow...
2025-07-25 15:45:31.872 [info] Got 1 sessions for read:user,repo,user:email,workflow...
2025-07-25 15:45:31.958 [info] Getting sessions for user:email...
2025-07-25 15:45:31.958 [info] Got 1 sessions for user:email...
2025-07-25 15:45:36.367 [info] Getting sessions for all scopes...
2025-07-25 15:45:36.367 [info] Got 2 sessions for ...
2025-07-25 15:45:36.908 [info] Getting sessions for all scopes...
2025-07-25 15:45:36.908 [info] Got 2 sessions for ...
2025-07-25 15:45:37.339 [info] Getting sessions for read:user,repo,user:email,workflow...
2025-07-25 15:45:37.343 [info] Got 1 sessions for read:user,repo,user:email,workflow...
2025-07-25 15:45:37.735 [info] Getting sessions for user:email...
2025-07-25 15:45:37.736 [info] Got 1 sessions for user:email...
2025-07-25 15:45:37.841 [info] Getting sessions for read:user,repo,user:email,workflow...
2025-07-25 15:45:37.841 [info] Got 1 sessions for read:user,repo,user:email,workflow...
2025-07-25 15:45:38.580 [info] Getting sessions for all scopes...
2025-07-25 15:45:38.581 [info] Got 2 sessions for ...
2025-07-25 15:45:40.172 [info] Getting sessions for read:user,repo,user:email,workflow...
2025-07-25 15:45:40.172 [info] Got 1 sessions for read:user,repo,user:email,workflow...
2025-07-25 15:45:40.998 [info] Getting sessions for user:email...
2025-07-25 15:45:40.998 [info] Got 1 sessions for user:email...
2025-07-25 15:45:41.455 [info] Getting sessions for all scopes...
2025-07-25 15:45:41.455 [info] Got 2 sessions for ...
2025-07-25 15:45:41.463 [info] Getting sessions for all scopes...
2025-07-25 15:45:41.463 [info] Got 2 sessions for ...
2025-07-25 15:45:41.608 [info] Getting sessions for read:user,repo,user:email,workflow...
2025-07-25 15:45:41.608 [info] Got 1 sessions for read:user,repo,user:email,workflow...
2025-07-25 15:45:41.808 [info] Getting sessions for user:email...
2025-07-25 15:45:41.808 [info] Got 1 sessions for user:email...
2025-07-25 15:45:41.862 [info] Getting sessions for read:user,repo,user:email,workflow...
2025-07-25 15:45:41.863 [info] Got 1 sessions for read:user,repo,user:email,workflow...
2025-07-25 15:45:42.157 [info] Getting sessions for all scopes...
2025-07-25 15:45:42.157 [info] Got 2 sessions for ...
2025-07-25 15:45:42.189 [info] Getting sessions for read:user,repo,user:email,workflow...
2025-07-25 15:45:42.190 [info] Got 1 sessions for read:user,repo,user:email,workflow...
2025-07-25 15:45:42.222 [info] Getting sessions for user:email...
2025-07-25 15:45:42.222 [info] Got 1 sessions for user:email...
2025-07-25 15:45:46.173 [info] Getting sessions for all scopes...
2025-07-25 15:45:46.173 [info] Got 2 sessions for ...
2025-07-25 15:45:46.200 [info] Getting sessions for read:user,repo,user:email,workflow...
2025-07-25 15:45:46.201 [info] Got 1 sessions for read:user,repo,user:email,workflow...
2025-07-25 15:45:46.257 [info] Getting sessions for user:email...
2025-07-25 15:45:46.257 [info] Got 1 sessions for user:email...
2025-07-25 15:48:16.364 [info] Getting sessions for read:user,repo,user:email,workflow...
2025-07-25 15:48:16.365 [info] Got 1 sessions for read:user,repo,user:email,workflow...
2025-07-25 15:48:16.424 [info] Getting sessions for read:user...
2025-07-25 15:48:16.424 [info] Got 0 sessions for read:user...
2025-07-25 15:48:16.584 [info] Getting sessions for user:email...
2025-07-25 15:48:16.584 [info] Got 1 sessions for user:email...
2025-07-25 15:48:16.699 [info] Getting sessions for all scopes...
2025-07-25 15:48:16.715 [info] Got 2 sessions for ...
2025-07-25 15:48:16.960 [info] Getting sessions for read:user,repo,user:email,workflow...
2025-07-25 15:48:16.960 [info] Got 1 sessions for read:user,repo,user:email,workflow...
2025-07-25 15:48:17.045 [info] Getting sessions for user:email...
2025-07-25 15:48:17.047 [info] Got 1 sessions for user:email...
2025-07-25 15:48:18.394 [info] Getting sessions for all scopes...
2025-07-25 15:48:18.395 [info] Got 2 sessions for ...
2025-07-25 15:48:21.498 [info] Getting sessions for read:user,repo,user:email,workflow...
2025-07-25 15:48:21.505 [info] Got 1 sessions for read:user,repo,user:email,workflow...
2025-07-25 15:48:23.681 [info] Getting sessions for user:email...
2025-07-25 15:48:23.682 [info] Got 1 sessions for user:email...
2025-07-25 15:48:24.716 [info] Getting sessions for all scopes...
2025-07-25 15:48:24.716 [info] Got 2 sessions for ...
2025-07-25 15:48:27.180 [info] Getting sessions for read:user,repo,user:email,workflow...
2025-07-25 15:48:27.180 [info] Got 1 sessions for read:user,repo,user:email,workflow...
2025-07-25 15:48:28.547 [info] Getting sessions for user:email...
2025-07-25 15:48:28.547 [info] Got 1 sessions for user:email...
2025-07-25 15:48:29.676 [info] Getting sessions for all scopes...
2025-07-25 15:48:29.677 [info] Got 2 sessions for ...
2025-07-25 15:48:30.315 [info] Getting sessions for read:user,repo,user:email,workflow...
2025-07-25 15:48:30.315 [info] Got 1 sessions for read:user,repo,user:email,workflow...
2025-07-25 15:48:30.600 [info] Getting sessions for user:email...
2025-07-25 15:48:30.600 [info] Got 1 sessions for user:email...
2025-07-25 15:48:37.446 [info] Getting sessions for all scopes...
2025-07-25 15:48:37.446 [info] Got 2 sessions for ...
2025-07-25 15:48:38.008 [info] Getting sessions for read:user,repo,user:email,workflow...
2025-07-25 15:48:38.009 [info] Got 1 sessions for read:user,repo,user:email,workflow...
2025-07-25 15:48:38.928 [info] Getting sessions for user:email...
2025-07-25 15:48:38.928 [info] Got 1 sessions for user:email...
2025-07-25 15:49:04.461 [info] Getting sessions for all scopes...
2025-07-25 15:49:04.473 [info] Got 2 sessions for ...
2025-07-25 15:49:04.623 [info] Getting sessions for read:user,repo,user:email,workflow...
2025-07-25 15:49:04.626 [info] Got 1 sessions for read:user,repo,user:email,workflow...
2025-07-25 15:49:04.734 [info] Getting sessions for user:email...
2025-07-25 15:49:04.739 [info] Got 1 sessions for user:email...
2025-07-25 15:49:05.678 [info] Getting sessions for all scopes...
2025-07-25 15:49:05.678 [info] Got 2 sessions for ...
2025-07-25 15:49:09.228 [info] Getting sessions for read:user,repo,user:email,workflow...
2025-07-25 15:49:09.228 [info] Got 1 sessions for read:user,repo,user:email,workflow...
2025-07-25 15:49:10.472 [info] Getting sessions for user:email...
2025-07-25 15:49:10.472 [info] Got 1 sessions for user:email...
2025-07-25 15:49:10.870 [info] Getting sessions for all scopes...
2025-07-25 15:49:10.870 [info] Got 2 sessions for ...
2025-07-25 15:49:10.965 [info] Getting sessions for read:user,repo,user:email,workflow...
2025-07-25 15:49:10.967 [info] Got 1 sessions for read:user,repo,user:email,workflow...
2025-07-25 15:49:11.015 [info] Getting sessions for user:email...
2025-07-25 15:49:11.015 [info] Got 1 sessions for user:email...
2025-07-25 15:49:11.338 [info] Getting sessions for all scopes...
2025-07-25 15:49:11.338 [info] Got 2 sessions for ...
2025-07-25 15:49:11.373 [info] Getting sessions for read:user,repo,user:email,workflow...
2025-07-25 15:49:11.373 [info] Got 1 sessions for read:user,repo,user:email,workflow...
2025-07-25 15:49:11.397 [info] Getting sessions for user:email...
2025-07-25 15:49:11.398 [info] Got 1 sessions for user:email...
2025-07-25 15:49:14.747 [info] Getting sessions for all scopes...
2025-07-25 15:49:14.747 [info] Got 2 sessions for ...
2025-07-25 15:49:17.646 [info] Getting sessions for read:user,repo,user:email,workflow...
2025-07-25 15:49:17.649 [info] Got 1 sessions for read:user,repo,user:email,workflow...
2025-07-25 15:49:18.256 [info] Getting sessions for user:email...
2025-07-25 15:49:18.256 [info] Got 1 sessions for user:email...
2025-07-25 15:49:18.873 [info] Getting sessions for all scopes...
2025-07-25 15:49:18.873 [info] Got 2 sessions for ...
2025-07-25 15:49:19.399 [info] Getting sessions for read:user,repo,user:email,workflow...
2025-07-25 15:49:19.399 [info] Got 1 sessions for read:user,repo,user:email,workflow...
2025-07-25 15:49:20.615 [info] Getting sessions for user:email...
2025-07-25 15:49:20.615 [info] Got 1 sessions for user:email...
2025-07-25 15:49:23.104 [info] Getting sessions for all scopes...
2025-07-25 15:49:23.105 [info] Got 2 sessions for ...
2025-07-25 15:49:23.646 [info] Getting sessions for read:user,repo,user:email,workflow...
2025-07-25 15:49:23.647 [info] Got 1 sessions for read:user,repo,user:email,workflow...
2025-07-25 15:49:23.798 [info] Getting sessions for user:email...
2025-07-25 15:49:23.799 [info] Got 1 sessions for user:email...
2025-07-25 15:49:32.320 [info] Getting sessions for all scopes...
2025-07-25 15:49:32.321 [info] Got 2 sessions for ...
2025-07-25 15:49:32.782 [info] Getting sessions for read:user,repo,user:email,workflow...
2025-07-25 15:49:32.782 [info] Got 1 sessions for read:user,repo,user:email,workflow...
2025-07-25 15:49:32.821 [info] Getting sessions for user:email...
2025-07-25 15:49:32.822 [info] Got 1 sessions for user:email...
2025-07-25 16:28:03.548 [info] Getting sessions for all scopes...
2025-07-25 16:28:03.549 [info] Got 2 sessions for ...
2025-07-25 16:28:04.094 [info] Getting sessions for read:user,repo,user:email,workflow...
2025-07-25 16:28:04.094 [info] Got 1 sessions for read:user,repo,user:email,workflow...
2025-07-25 16:28:04.493 [info] Getting sessions for user:email...
2025-07-25 16:28:04.495 [info] Got 1 sessions for user:email...
2025-07-25 16:28:04.604 [info] Getting sessions for all scopes...
2025-07-25 16:28:04.604 [info] Got 2 sessions for ...
2025-07-25 16:28:04.758 [info] Getting sessions for read:user,repo,user:email,workflow...
2025-07-25 16:28:04.758 [info] Got 1 sessions for read:user,repo,user:email,workflow...
2025-07-25 16:28:04.909 [info] Getting sessions for user:email...
2025-07-25 16:28:04.909 [info] Got 1 sessions for user:email...
2025-07-25 16:28:09.234 [info] Getting sessions for all scopes...
2025-07-25 16:28:09.235 [info] Got 2 sessions for ...
2025-07-25 16:28:09.243 [info] Getting sessions for all scopes...
2025-07-25 16:28:09.245 [info] Got 2 sessions for ...
2025-07-25 16:28:09.292 [info] Getting sessions for read:user,repo,user:email,workflow...
2025-07-25 16:28:09.293 [info] Got 1 sessions for read:user,repo,user:email,workflow...
2025-07-25 16:28:09.328 [info] Getting sessions for user:email...
2025-07-25 16:28:09.329 [info] Got 1 sessions for user:email...
2025-07-25 16:28:09.333 [info] Getting sessions for read:user,repo,user:email,workflow...
2025-07-25 16:28:09.333 [info] Got 1 sessions for read:user,repo,user:email,workflow...
2025-07-25 16:28:09.346 [info] Getting sessions for all scopes...
2025-07-25 16:28:09.347 [info] Got 2 sessions for ...
2025-07-25 16:28:09.359 [info] Getting sessions for read:user,repo,user:email,workflow...
2025-07-25 16:28:09.360 [info] Got 1 sessions for read:user,repo,user:email,workflow...
2025-07-25 16:28:09.370 [info] Getting sessions for user:email...
2025-07-25 16:28:09.371 [info] Got 1 sessions for user:email...
2025-07-25 16:28:09.390 [info] Getting sessions for all scopes...
2025-07-25 16:28:09.391 [info] Got 2 sessions for ...
2025-07-25 16:28:09.392 [info] Getting sessions for all scopes...
2025-07-25 16:28:09.392 [info] Got 2 sessions for ...
2025-07-25 16:28:09.406 [info] Getting sessions for read:user,repo,user:email,workflow...
2025-07-25 16:28:09.406 [info] Got 1 sessions for read:user,repo,user:email,workflow...
2025-07-25 16:28:09.415 [info] Getting sessions for user:email...
2025-07-25 16:28:09.415 [info] Got 1 sessions for user:email...
2025-07-25 16:28:09.419 [info] Getting sessions for read:user,repo,user:email,workflow...
2025-07-25 16:28:09.422 [info] Got 1 sessions for read:user,repo,user:email,workflow...
2025-07-25 16:28:09.486 [info] Getting sessions for all scopes...
2025-07-25 16:28:09.486 [info] Got 2 sessions for ...
2025-07-25 16:28:09.494 [info] Getting sessions for read:user,repo,user:email,workflow...
2025-07-25 16:28:09.494 [info] Got 1 sessions for read:user,repo,user:email,workflow...
2025-07-25 16:28:09.503 [info] Getting sessions for user:email...
2025-07-25 16:28:09.504 [info] Got 1 sessions for user:email...
2025-07-25 16:29:23.719 [info] Getting sessions for read:user,repo,user:email,workflow...
2025-07-25 16:29:23.722 [info] Got 1 sessions for read:user,repo,user:email,workflow...
2025-07-25 16:29:23.920 [info] Getting sessions for all scopes...
2025-07-25 16:29:23.920 [info] Got 2 sessions for ...
2025-07-25 16:29:23.935 [info] Getting sessions for read:user...
2025-07-25 16:29:23.936 [info] Got 0 sessions for read:user...
2025-07-25 16:29:23.965 [info] Getting sessions for read:user,repo,user:email,workflow...
2025-07-25 16:29:23.965 [info] Got 1 sessions for read:user,repo,user:email,workflow...
2025-07-25 16:29:23.976 [info] Getting sessions for user:email...
2025-07-25 16:29:23.979 [info] Got 1 sessions for user:email...
2025-07-25 16:29:24.313 [info] Getting sessions for user:email...
2025-07-25 16:29:24.313 [info] Got 1 sessions for user:email...
2025-07-25 16:29:30.624 [info] Getting sessions for all scopes...
2025-07-25 16:29:30.626 [info] Got 2 sessions for ...
2025-07-25 16:29:30.638 [info] Getting sessions for read:user,repo,user:email,workflow...
2025-07-25 16:29:30.638 [info] Got 1 sessions for read:user,repo,user:email,workflow...
2025-07-25 16:29:30.649 [info] Getting sessions for user:email...
2025-07-25 16:29:30.649 [info] Got 1 sessions for user:email...
2025-07-25 16:29:56.898 [info] Getting sessions for all scopes...
2025-07-25 16:29:56.898 [info] Got 2 sessions for ...
2025-07-25 16:29:57.022 [info] Getting sessions for read:user,repo,user:email,workflow...
2025-07-25 16:29:57.022 [info] Got 1 sessions for read:user,repo,user:email,workflow...
2025-07-25 16:29:57.069 [info] Getting sessions for user:email...
2025-07-25 16:29:57.070 [info] Got 1 sessions for user:email...
2025-07-25 16:29:59.058 [info] Getting sessions for all scopes...
2025-07-25 16:29:59.058 [info] Got 2 sessions for ...
2025-07-25 16:29:59.648 [info] Getting sessions for read:user,repo,user:email,workflow...
2025-07-25 16:29:59.649 [info] Got 1 sessions for read:user,repo,user:email,workflow...
2025-07-25 16:29:59.764 [info] Getting sessions for user:email...
2025-07-25 16:29:59.764 [info] Got 1 sessions for user:email...
2025-07-25 16:30:01.032 [info] Getting sessions for all scopes...
2025-07-25 16:30:01.032 [info] Got 2 sessions for ...
2025-07-25 16:30:04.033 [info] Getting sessions for read:user,repo,user:email,workflow...
2025-07-25 16:30:04.033 [info] Got 1 sessions for read:user,repo,user:email,workflow...
2025-07-25 16:30:04.823 [info] Getting sessions for user:email...
2025-07-25 16:30:04.823 [info] Got 1 sessions for user:email...
2025-07-25 16:30:05.205 [info] Getting sessions for all scopes...
2025-07-25 16:30:05.206 [info] Got 2 sessions for ...
2025-07-25 16:30:05.345 [info] Getting sessions for read:user,repo,user:email,workflow...
2025-07-25 16:30:05.345 [info] Got 1 sessions for read:user,repo,user:email,workflow...
2025-07-25 16:30:05.718 [info] Getting sessions for user:email...
2025-07-25 16:30:05.718 [info] Got 1 sessions for user:email...
2025-07-25 16:30:06.463 [info] Getting sessions for all scopes...
2025-07-25 16:30:06.463 [info] Got 2 sessions for ...
2025-07-25 16:30:06.502 [info] Getting sessions for read:user,repo,user:email,workflow...
2025-07-25 16:30:06.503 [info] Got 1 sessions for read:user,repo,user:email,workflow...
2025-07-25 16:30:06.558 [info] Getting sessions for user:email...
2025-07-25 16:30:06.561 [info] Got 1 sessions for user:email...
2025-07-25 16:30:09.566 [info] Getting sessions for all scopes...
2025-07-25 16:30:09.570 [info] Got 2 sessions for ...
2025-07-25 16:30:10.289 [info] Getting sessions for read:user,repo,user:email,workflow...
2025-07-25 16:30:10.292 [info] Got 1 sessions for read:user,repo,user:email,workflow...
2025-07-25 16:30:10.304 [info] Getting sessions for user:email...
2025-07-25 16:30:10.306 [info] Got 1 sessions for user:email...
2025-07-25 16:30:10.602 [info] Getting sessions for all scopes...
2025-07-25 16:30:10.602 [info] Got 2 sessions for ...
2025-07-25 16:30:10.613 [info] Getting sessions for read:user,repo,user:email,workflow...
2025-07-25 16:30:10.613 [info] Got 1 sessions for read:user,repo,user:email,workflow...
2025-07-25 16:30:10.623 [info] Getting sessions for user:email...
2025-07-25 16:30:10.623 [info] Got 1 sessions for user:email...
2025-07-25 16:30:47.896 [info] Getting sessions for all scopes...
2025-07-25 16:30:47.896 [info] Got 2 sessions for ...
2025-07-25 16:30:48.732 [info] Getting sessions for read:user,repo,user:email,workflow...
2025-07-25 16:30:48.733 [info] Got 1 sessions for read:user,repo,user:email,workflow...
2025-07-25 16:30:50.320 [info] Getting sessions for user:email...
2025-07-25 16:30:50.321 [info] Got 1 sessions for user:email...
2025-07-25 16:30:52.023 [info] Getting sessions for all scopes...
2025-07-25 16:30:52.026 [info] Got 2 sessions for ...
2025-07-25 16:30:52.517 [info] Getting sessions for read:user,repo,user:email,workflow...
2025-07-25 16:30:52.517 [info] Got 1 sessions for read:user,repo,user:email,workflow...
2025-07-25 16:30:52.553 [info] Getting sessions for user:email...
2025-07-25 16:30:52.553 [info] Got 1 sessions for user:email...
2025-07-25 16:30:57.892 [info] Getting sessions for all scopes...
2025-07-25 16:30:57.892 [info] Got 2 sessions for ...
2025-07-25 16:30:59.201 [info] Getting sessions for read:user,repo,user:email,workflow...
2025-07-25 16:30:59.201 [info] Got 1 sessions for read:user,repo,user:email,workflow...
2025-07-25 16:30:59.328 [info] Getting sessions for user:email...
2025-07-25 16:30:59.328 [info] Got 1 sessions for user:email...
2025-07-25 16:31:02.432 [info] Getting sessions for all scopes...
2025-07-25 16:31:02.432 [info] Got 2 sessions for ...
2025-07-25 16:31:02.525 [info] Getting sessions for read:user,repo,user:email,workflow...
2025-07-25 16:31:02.525 [info] Got 1 sessions for read:user,repo,user:email,workflow...
2025-07-25 16:31:02.556 [info] Getting sessions for user:email...
2025-07-25 16:31:02.556 [info] Got 1 sessions for user:email...
2025-07-25 16:31:21.582 [info] Getting sessions for all scopes...
2025-07-25 16:31:21.582 [info] Got 2 sessions for ...
2025-07-25 16:31:21.718 [info] Getting sessions for read:user,repo,user:email,workflow...
2025-07-25 16:31:21.719 [info] Got 1 sessions for read:user,repo,user:email,workflow...
2025-07-25 16:31:21.889 [info] Getting sessions for user:email...
2025-07-25 16:31:21.890 [info] Got 1 sessions for user:email...
2025-07-25 16:31:25.237 [info] Getting sessions for all scopes...
2025-07-25 16:31:25.237 [info] Got 2 sessions for ...
2025-07-25 16:31:27.421 [info] Getting sessions for read:user,repo,user:email,workflow...
2025-07-25 16:31:27.421 [info] Got 1 sessions for read:user,repo,user:email,workflow...
2025-07-25 16:31:27.611 [info] Getting sessions for user:email...
2025-07-25 16:31:27.611 [info] Got 1 sessions for user:email...
2025-07-25 16:31:27.794 [info] Getting sessions for all scopes...
2025-07-25 16:31:27.794 [info] Got 2 sessions for ...
2025-07-25 16:31:27.855 [info] Getting sessions for read:user,repo,user:email,workflow...
2025-07-25 16:31:27.855 [info] Got 1 sessions for read:user,repo,user:email,workflow...
2025-07-25 16:31:27.892 [info] Getting sessions for user:email...
2025-07-25 16:31:27.893 [info] Got 1 sessions for user:email...
2025-07-25 16:31:32.657 [info] Getting sessions for all scopes...
2025-07-25 16:31:32.657 [info] Got 2 sessions for ...
2025-07-25 16:31:33.024 [info] Getting sessions for read:user,repo,user:email,workflow...
2025-07-25 16:31:33.025 [info] Got 1 sessions for read:user,repo,user:email,workflow...
2025-07-25 16:31:33.440 [info] Getting sessions for user:email...
2025-07-25 16:31:33.443 [info] Got 1 sessions for user:email...
2025-07-25 16:31:33.647 [info] Getting sessions for all scopes...
2025-07-25 16:31:33.651 [info] Got 2 sessions for ...
2025-07-25 16:31:33.673 [info] Getting sessions for read:user,repo,user:email,workflow...
2025-07-25 16:31:33.674 [info] Got 1 sessions for read:user,repo,user:email,workflow...
2025-07-25 16:31:33.701 [info] Getting sessions for user:email...
2025-07-25 16:31:33.701 [info] Got 1 sessions for user:email...
2025-07-25 16:31:38.712 [info] Getting sessions for all scopes...
2025-07-25 16:31:38.717 [info] Got 2 sessions for ...
2025-07-25 16:31:39.248 [info] Getting sessions for read:user,repo,user:email,workflow...
2025-07-25 16:31:39.251 [info] Got 1 sessions for read:user,repo,user:email,workflow...
2025-07-25 16:31:39.533 [info] Getting sessions for user:email...
2025-07-25 16:31:39.534 [info] Got 1 sessions for user:email...
2025-07-25 16:31:39.612 [info] Getting sessions for all scopes...
2025-07-25 16:31:39.613 [info] Got 2 sessions for ...
2025-07-25 16:31:39.632 [info] Getting sessions for read:user,repo,user:email,workflow...
2025-07-25 16:31:39.633 [info] Got 1 sessions for read:user,repo,user:email,workflow...
2025-07-25 16:31:39.650 [info] Getting sessions for user:email...
2025-07-25 16:31:39.650 [info] Got 1 sessions for user:email...
2025-07-25 16:31:41.050 [info] Getting sessions for all scopes...
2025-07-25 16:31:41.050 [info] Got 2 sessions for ...
2025-07-25 16:31:41.894 [info] Getting sessions for read:user,repo,user:email,workflow...
2025-07-25 16:31:41.894 [info] Got 1 sessions for read:user,repo,user:email,workflow...
2025-07-25 16:31:42.101 [info] Getting sessions for user:email...
2025-07-25 16:31:42.104 [info] Got 1 sessions for user:email...
2025-07-25 16:31:42.308 [info] Getting sessions for all scopes...
2025-07-25 16:31:42.308 [info] Got 2 sessions for ...
2025-07-25 16:31:42.331 [info] Getting sessions for read:user,repo,user:email,workflow...
2025-07-25 16:31:42.331 [info] Got 1 sessions for read:user,repo,user:email,workflow...
2025-07-25 16:31:42.349 [info] Getting sessions for user:email...
2025-07-25 16:31:42.350 [info] Got 1 sessions for user:email...
2025-07-25 16:31:52.267 [info] Getting sessions for all scopes...
2025-07-25 16:31:52.268 [info] Got 2 sessions for ...
2025-07-25 16:31:52.487 [info] Getting sessions for read:user,repo,user:email,workflow...
2025-07-25 16:31:52.498 [info] Got 1 sessions for read:user,repo,user:email,workflow...
2025-07-25 16:31:52.548 [info] Getting sessions for user:email...
2025-07-25 16:31:52.548 [info] Got 1 sessions for user:email...
2025-07-25 16:31:55.741 [info] Getting sessions for all scopes...
2025-07-25 16:31:55.741 [info] Got 2 sessions for ...
2025-07-25 16:31:57.732 [info] Getting sessions for read:user,repo,user:email,workflow...
2025-07-25 16:31:57.732 [info] Got 1 sessions for read:user,repo,user:email,workflow...
2025-07-25 16:31:57.897 [info] Getting sessions for user:email...
2025-07-25 16:31:57.898 [info] Got 1 sessions for user:email...
2025-07-25 16:31:57.953 [info] Getting sessions for all scopes...
2025-07-25 16:31:57.954 [info] Got 2 sessions for ...
2025-07-25 16:31:57.998 [info] Getting sessions for read:user,repo,user:email,workflow...
2025-07-25 16:31:57.998 [info] Got 1 sessions for read:user,repo,user:email,workflow...
2025-07-25 16:31:58.045 [info] Getting sessions for user:email...
2025-07-25 16:31:58.046 [info] Got 1 sessions for user:email...
2025-07-25 16:31:58.410 [info] Getting sessions for all scopes...
2025-07-25 16:31:58.410 [info] Got 2 sessions for ...
2025-07-25 16:31:58.644 [info] Getting sessions for read:user,repo,user:email,workflow...
2025-07-25 16:31:58.644 [info] Got 1 sessions for read:user,repo,user:email,workflow...
2025-07-25 16:31:59.143 [info] Getting sessions for user:email...
2025-07-25 16:31:59.144 [info] Got 1 sessions for user:email...
2025-07-25 16:32:00.175 [info] Getting sessions for all scopes...
2025-07-25 16:32:00.175 [info] Got 2 sessions for ...
2025-07-25 16:32:00.193 [info] Getting sessions for read:user,repo,user:email,workflow...
2025-07-25 16:32:00.193 [info] Got 1 sessions for read:user,repo,user:email,workflow...
2025-07-25 16:32:00.208 [info] Getting sessions for user:email...
2025-07-25 16:32:00.209 [info] Got 1 sessions for user:email...
2025-07-25 16:32:15.979 [info] Getting sessions for all scopes...
2025-07-25 16:32:15.979 [info] Got 2 sessions for ...
2025-07-25 16:32:16.741 [info] Getting sessions for read:user,repo,user:email,workflow...
2025-07-25 16:32:16.754 [info] Got 1 sessions for read:user,repo,user:email,workflow...
2025-07-25 16:32:17.370 [info] Getting sessions for user:email...
2025-07-25 16:32:17.371 [info] Got 1 sessions for user:email...
2025-07-25 16:32:17.895 [info] Getting sessions for all scopes...
2025-07-25 16:32:17.896 [info] Got 2 sessions for ...
2025-07-25 16:32:18.117 [info] Getting sessions for read:user,repo,user:email,workflow...
2025-07-25 16:32:18.119 [info] Got 1 sessions for read:user,repo,user:email,workflow...
2025-07-25 16:32:19.897 [info] Getting sessions for user:email...
2025-07-25 16:32:19.898 [info] Got 1 sessions for user:email...
2025-07-25 16:32:26.611 [info] Getting sessions for all scopes...
2025-07-25 16:32:26.611 [info] Got 2 sessions for ...
2025-07-25 16:32:26.929 [info] Getting sessions for read:user,repo,user:email,workflow...
2025-07-25 16:32:26.934 [info] Got 1 sessions for read:user,repo,user:email,workflow...
2025-07-25 16:32:26.980 [info] Getting sessions for user:email...
2025-07-25 16:32:26.980 [info] Got 1 sessions for user:email...
2025-07-25 16:32:33.344 [info] Getting sessions for all scopes...
2025-07-25 16:32:33.346 [info] Got 2 sessions for ...
2025-07-25 16:32:33.498 [info] Getting sessions for read:user,repo,user:email,workflow...
2025-07-25 16:32:33.499 [info] Got 1 sessions for read:user,repo,user:email,workflow...
2025-07-25 16:32:33.540 [info] Getting sessions for user:email...
2025-07-25 16:32:33.540 [info] Got 1 sessions for user:email...
2025-07-25 16:32:39.990 [info] Getting sessions for all scopes...
2025-07-25 16:32:39.990 [info] Got 2 sessions for ...
2025-07-25 16:32:40.065 [info] Getting sessions for read:user,repo,user:email,workflow...
2025-07-25 16:32:40.065 [info] Got 1 sessions for read:user,repo,user:email,workflow...
2025-07-25 16:32:40.185 [info] Getting sessions for user:email...
2025-07-25 16:32:40.185 [info] Got 1 sessions for user:email...
2025-07-25 16:32:43.295 [info] Getting sessions for all scopes...
2025-07-25 16:32:43.296 [info] Got 2 sessions for ...
2025-07-25 16:32:43.608 [info] Getting sessions for read:user,repo,user:email,workflow...
2025-07-25 16:32:43.609 [info] Got 1 sessions for read:user,repo,user:email,workflow...
2025-07-25 16:32:43.690 [info] Getting sessions for user:email...
2025-07-25 16:32:43.690 [info] Got 1 sessions for user:email...
2025-07-25 16:32:45.762 [info] Getting sessions for all scopes...
2025-07-25 16:32:45.762 [info] Got 2 sessions for ...
2025-07-25 16:32:46.072 [info] Getting sessions for read:user,repo,user:email,workflow...
2025-07-25 16:32:46.073 [info] Got 1 sessions for read:user,repo,user:email,workflow...
2025-07-25 16:32:46.168 [info] Getting sessions for user:email...
2025-07-25 16:32:46.170 [info] Got 1 sessions for user:email...
2025-07-25 16:32:48.673 [info] Getting sessions for all scopes...
2025-07-25 16:32:48.674 [info] Got 2 sessions for ...
2025-07-25 16:32:48.700 [info] Getting sessions for read:user,repo,user:email,workflow...
2025-07-25 16:32:48.700 [info] Got 1 sessions for read:user,repo,user:email,workflow...
2025-07-25 16:32:48.906 [info] Getting sessions for user:email...
2025-07-25 16:32:48.907 [info] Got 1 sessions for user:email...
2025-07-25 16:33:38.796 [info] Getting sessions for all scopes...
2025-07-25 16:33:38.797 [info] Got 2 sessions for ...
2025-07-25 16:33:39.156 [info] Getting sessions for read:user,repo,user:email,workflow...
2025-07-25 16:33:39.156 [info] Got 1 sessions for read:user,repo,user:email,workflow...
2025-07-25 16:33:39.393 [info] Getting sessions for user:email...
2025-07-25 16:33:39.394 [info] Got 1 sessions for user:email...
2025-07-25 16:33:41.813 [info] Getting sessions for all scopes...
2025-07-25 16:33:41.816 [info] Got 2 sessions for ...
2025-07-25 16:33:45.067 [info] Getting sessions for read:user,repo,user:email,workflow...
2025-07-25 16:33:45.067 [info] Got 1 sessions for read:user,repo,user:email,workflow...
2025-07-25 16:33:46.054 [info] Getting sessions for user:email...
2025-07-25 16:33:46.059 [info] Got 1 sessions for user:email...
2025-07-25 16:33:46.770 [info] Getting sessions for all scopes...
2025-07-25 16:33:46.770 [info] Got 2 sessions for ...
2025-07-25 16:33:47.444 [info] Getting sessions for read:user,repo,user:email,workflow...
2025-07-25 16:33:47.446 [info] Got 1 sessions for read:user,repo,user:email,workflow...
2025-07-25 16:33:51.315 [info] Getting sessions for user:email...
2025-07-25 16:33:51.324 [info] Got 1 sessions for user:email...
2025-07-25 16:33:59.630 [info] Getting sessions for all scopes...
2025-07-25 16:33:59.635 [info] Got 2 sessions for ...
2025-07-25 16:33:59.666 [info] Getting sessions for read:user,repo,user:email,workflow...
2025-07-25 16:33:59.666 [info] Got 1 sessions for read:user,repo,user:email,workflow...
2025-07-25 16:33:59.695 [info] Getting sessions for user:email...
2025-07-25 16:33:59.701 [info] Got 1 sessions for user:email...
2025-07-25 16:34:43.061 [info] Getting sessions for all scopes...
2025-07-25 16:34:43.061 [info] Got 2 sessions for ...
2025-07-25 16:34:43.333 [info] Getting sessions for read:user,repo,user:email,workflow...
2025-07-25 16:34:43.333 [info] Got 1 sessions for read:user,repo,user:email,workflow...
2025-07-25 16:34:43.424 [info] Getting sessions for user:email...
2025-07-25 16:34:43.424 [info] Got 1 sessions for user:email...
2025-07-25 16:34:47.482 [info] Getting sessions for all scopes...
2025-07-25 16:34:47.483 [info] Got 2 sessions for ...
2025-07-25 16:34:48.826 [info] Getting sessions for read:user,repo,user:email,workflow...
2025-07-25 16:34:48.826 [info] Got 1 sessions for read:user,repo,user:email,workflow...
2025-07-25 16:34:49.147 [info] Getting sessions for user:email...
2025-07-25 16:34:49.147 [info] Got 1 sessions for user:email...
2025-07-25 16:34:52.436 [info] Getting sessions for all scopes...
2025-07-25 16:34:52.440 [info] Got 2 sessions for ...
2025-07-25 16:34:52.532 [info] Getting sessions for read:user,repo,user:email,workflow...
2025-07-25 16:34:52.532 [info] Got 1 sessions for read:user,repo,user:email,workflow...
2025-07-25 16:34:52.570 [info] Getting sessions for user:email...
2025-07-25 16:34:52.570 [info] Got 1 sessions for user:email...
2025-07-25 16:35:19.816 [info] Getting sessions for all scopes...
2025-07-25 16:35:19.816 [info] Got 2 sessions for ...
2025-07-25 16:35:20.218 [info] Getting sessions for read:user,repo,user:email,workflow...
2025-07-25 16:35:20.218 [info] Got 1 sessions for read:user,repo,user:email,workflow...
2025-07-25 16:35:20.923 [info] Getting sessions for user:email...
2025-07-25 16:35:20.923 [info] Got 1 sessions for user:email...
2025-07-25 16:35:21.877 [info] Getting sessions for all scopes...
2025-07-25 16:35:21.880 [info] Got 2 sessions for ...
2025-07-25 16:35:21.936 [info] Getting sessions for read:user,repo,user:email,workflow...
2025-07-25 16:35:21.936 [info] Got 1 sessions for read:user,repo,user:email,workflow...
2025-07-25 16:35:22.088 [info] Getting sessions for user:email...
2025-07-25 16:35:22.088 [info] Got 1 sessions for user:email...
2025-07-25 16:35:28.048 [info] Getting sessions for all scopes...
2025-07-25 16:35:28.049 [info] Got 2 sessions for ...
2025-07-25 16:35:28.202 [info] Getting sessions for read:user,repo,user:email,workflow...
2025-07-25 16:35:28.203 [info] Got 1 sessions for read:user,repo,user:email,workflow...
2025-07-25 16:35:28.262 [info] Getting sessions for user:email...
2025-07-25 16:35:28.267 [info] Got 1 sessions for user:email...
2025-07-25 16:36:54.865 [info] Getting sessions for all scopes...
2025-07-25 16:36:54.866 [info] Got 2 sessions for ...
2025-07-25 16:36:57.542 [info] Getting sessions for read:user,repo,user:email,workflow...
2025-07-25 16:36:57.542 [info] Got 1 sessions for read:user,repo,user:email,workflow...
2025-07-25 16:36:57.930 [info] Getting sessions for user:email...
2025-07-25 16:36:57.930 [info] Got 1 sessions for user:email...
2025-07-25 16:36:58.497 [info] Getting sessions for all scopes...
2025-07-25 16:36:58.509 [info] Got 2 sessions for ...
2025-07-25 16:36:58.817 [info] Getting sessions for read:user,repo,user:email,workflow...
2025-07-25 16:36:58.817 [info] Got 1 sessions for read:user,repo,user:email,workflow...
2025-07-25 16:36:58.925 [info] Getting sessions for user:email...
2025-07-25 16:36:58.925 [info] Got 1 sessions for user:email...
2025-07-25 16:37:00.434 [info] Getting sessions for all scopes...
2025-07-25 16:37:00.434 [info] Got 2 sessions for ...
2025-07-25 16:37:02.184 [info] Getting sessions for read:user,repo,user:email,workflow...
2025-07-25 16:37:02.184 [info] Got 1 sessions for read:user,repo,user:email,workflow...
2025-07-25 16:37:05.497 [info] Getting sessions for user:email...
2025-07-25 16:37:05.497 [info] Got 1 sessions for user:email...
2025-07-25 16:37:06.748 [info] Getting sessions for all scopes...
2025-07-25 16:37:06.748 [info] Got 2 sessions for ...
2025-07-25 16:37:07.617 [info] Getting sessions for read:user,repo,user:email,workflow...
2025-07-25 16:37:07.619 [info] Got 1 sessions for read:user,repo,user:email,workflow...
2025-07-25 16:37:08.257 [info] Getting sessions for user:email...
2025-07-25 16:37:08.263 [info] Got 1 sessions for user:email...
2025-07-25 16:37:17.438 [info] Getting sessions for all scopes...
2025-07-25 16:37:17.441 [info] Got 2 sessions for ...
2025-07-25 16:37:17.790 [info] Getting sessions for read:user,repo,user:email,workflow...
2025-07-25 16:37:17.790 [info] Got 1 sessions for read:user,repo,user:email,workflow...
2025-07-25 16:37:17.821 [info] Getting sessions for user:email...
2025-07-25 16:37:17.821 [info] Got 1 sessions for user:email...
