2025-07-25 20:11:00.496 [info] Reading sessions from keychain...
2025-07-25 20:11:00.496 [info] Getting sessions for all scopes...
2025-07-25 20:11:00.496 [info] Getting sessions for all scopes...
2025-07-25 20:11:00.496 [info] Getting sessions for all scopes...
2025-07-25 20:11:00.496 [info] Getting sessions for all scopes...
2025-07-25 20:11:00.496 [info] Getting sessions for all scopes...
2025-07-25 20:11:00.496 [info] Getting sessions for all scopes...
2025-07-25 20:11:00.496 [info] Getting sessions for all scopes...
2025-07-25 20:11:00.496 [info] Got stored sessions!
2025-07-25 20:11:00.496 [info] Got 2 verified sessions.
2025-07-25 20:11:00.496 [info] Got 2 sessions for ...
2025-07-25 20:11:00.506 [info] Got 2 sessions for ...
2025-07-25 20:11:00.506 [info] Got 2 sessions for ...
2025-07-25 20:11:00.506 [info] Got 2 sessions for ...
2025-07-25 20:11:00.506 [info] Got 2 sessions for ...
2025-07-25 20:11:00.506 [info] Got 2 sessions for ...
2025-07-25 20:11:00.506 [info] Got 2 sessions for ...
2025-07-25 20:11:03.812 [info] Getting sessions for all scopes...
2025-07-25 20:11:03.813 [info] Got 1 sessions for ...
2025-07-25 20:11:03.816 [info] Getting sessions for all scopes...
2025-07-25 20:11:03.820 [info] Got 1 sessions for ...
2025-07-25 20:11:03.821 [info] Getting sessions for all scopes...
2025-07-25 20:11:03.822 [info] Got 1 sessions for ...
2025-07-25 20:11:03.831 [info] Getting sessions for all scopes...
2025-07-25 20:11:03.831 [info] Got 1 sessions for ...
2025-07-25 20:11:03.840 [info] Getting sessions for all scopes...
2025-07-25 20:11:03.840 [info] Got 1 sessions for ...
2025-07-25 20:11:03.841 [info] Getting sessions for all scopes...
2025-07-25 20:11:03.842 [info] Got 1 sessions for ...
2025-07-25 20:11:26.929 [info] Getting sessions for all scopes...
2025-07-25 20:11:26.930 [info] Got 2 sessions for ...
2025-07-25 20:11:30.913 [info] Getting sessions for all scopes...
2025-07-25 20:11:30.916 [info] Got 2 sessions for ...
2025-07-25 20:11:30.919 [info] Getting sessions for all scopes...
2025-07-25 20:11:30.920 [info] Got 2 sessions for ...
2025-07-25 20:11:41.954 [info] Getting sessions for all scopes...
2025-07-25 20:11:41.955 [info] Got 2 sessions for ...
2025-07-25 20:11:42.382 [info] Getting sessions for all scopes...
2025-07-25 20:11:42.383 [info] Got 2 sessions for ...
2025-07-25 20:11:43.243 [info] Getting sessions for read:user,repo,user:email,workflow...
2025-07-25 20:11:43.245 [info] Got 1 sessions for read:user,repo,user:email,workflow...
2025-07-25 20:11:43.518 [info] Getting sessions for all scopes...
2025-07-25 20:11:43.521 [info] Got 1 sessions for ...
2025-07-25 20:11:43.524 [info] Getting sessions for read:user,repo,user:email,workflow...
2025-07-25 20:11:43.524 [info] Got 1 sessions for read:user,repo,user:email,workflow...
2025-07-25 20:11:44.004 [info] Getting sessions for all scopes...
2025-07-25 20:11:44.004 [info] Got 2 sessions for ...
2025-07-25 20:11:45.573 [info] Getting sessions for read:user,repo,user:email,workflow...
2025-07-25 20:11:45.573 [info] Got 1 sessions for read:user,repo,user:email,workflow...
2025-07-25 20:11:48.816 [info] Getting sessions for user:email...
2025-07-25 20:11:48.817 [info] Got 1 sessions for user:email...
2025-07-25 20:11:48.819 [info] Getting sessions for read:user,repo,user:email,workflow...
2025-07-25 20:11:48.819 [info] Got 1 sessions for read:user,repo,user:email,workflow...
2025-07-25 20:11:48.821 [info] Getting sessions for read:user...
2025-07-25 20:11:48.822 [info] Got 0 sessions for read:user...
2025-07-25 20:11:49.258 [info] Getting sessions for read:user,repo,user:email,workflow...
2025-07-25 20:11:49.261 [info] Got 1 sessions for read:user,repo,user:email,workflow...
2025-07-25 20:11:50.285 [info] Getting sessions for all scopes...
2025-07-25 20:11:50.286 [info] Got 2 sessions for ...
2025-07-25 20:11:50.288 [info] Getting sessions for all scopes...
2025-07-25 20:11:50.288 [info] Got 2 sessions for ...
2025-07-25 20:11:50.289 [info] Getting sessions for user:email...
2025-07-25 20:11:50.289 [info] Got 1 sessions for user:email...
2025-07-25 20:11:53.358 [info] Getting sessions for read:user,repo,user:email,workflow...
2025-07-25 20:11:53.358 [info] Got 1 sessions for read:user,repo,user:email,workflow...
2025-07-25 20:11:53.757 [info] Getting sessions for read:user,repo,user:email,workflow...
2025-07-25 20:11:53.758 [info] Got 1 sessions for read:user,repo,user:email,workflow...
2025-07-25 20:11:55.255 [info] Getting sessions for user:email...
2025-07-25 20:11:55.256 [info] Got 1 sessions for user:email...
2025-07-25 20:12:07.738 [info] Getting sessions for read:user,repo,user:email,workflow...
2025-07-25 20:12:07.739 [info] Got 1 sessions for read:user,repo,user:email,workflow...
2025-07-25 20:12:07.820 [info] Getting sessions for all scopes...
2025-07-25 20:12:07.820 [info] Got 2 sessions for ...
2025-07-25 20:12:11.093 [info] Getting sessions for read:user,repo,user:email,workflow...
2025-07-25 20:12:11.094 [info] Got 1 sessions for read:user,repo,user:email,workflow...
2025-07-25 20:12:11.163 [info] Getting sessions for all scopes...
2025-07-25 20:12:11.164 [info] Got 2 sessions for ...
2025-07-25 20:12:11.181 [info] Getting sessions for read:user,repo,user:email,workflow...
2025-07-25 20:12:11.184 [info] Got 1 sessions for read:user,repo,user:email,workflow...
2025-07-25 20:12:11.243 [info] Getting sessions for user:email...
2025-07-25 20:12:11.244 [info] Got 1 sessions for user:email...
2025-07-25 20:12:11.285 [info] Getting sessions for all scopes...
2025-07-25 20:12:11.285 [info] Got 2 sessions for ...
2025-07-25 20:12:11.345 [info] Getting sessions for read:user,repo,user:email,workflow...
2025-07-25 20:12:11.345 [info] Got 1 sessions for read:user,repo,user:email,workflow...
2025-07-25 20:12:11.458 [info] Getting sessions for user:email...
2025-07-25 20:12:11.458 [info] Got 1 sessions for user:email...
2025-07-25 20:12:12.230 [info] Getting sessions for all scopes...
2025-07-25 20:12:12.230 [info] Got 2 sessions for ...
2025-07-25 20:12:12.248 [info] Getting sessions for all scopes...
2025-07-25 20:12:12.248 [info] Got 2 sessions for ...
2025-07-25 20:12:12.273 [info] Getting sessions for read:user,repo,user:email,workflow...
2025-07-25 20:12:12.273 [info] Got 1 sessions for read:user,repo,user:email,workflow...
2025-07-25 20:12:12.295 [info] Getting sessions for user:email...
2025-07-25 20:12:12.295 [info] Got 1 sessions for user:email...
2025-07-25 20:12:12.298 [info] Getting sessions for read:user,repo,user:email,workflow...
2025-07-25 20:12:12.298 [info] Got 1 sessions for read:user,repo,user:email,workflow...
2025-07-25 20:12:12.408 [info] Getting sessions for all scopes...
2025-07-25 20:12:12.409 [info] Got 2 sessions for ...
2025-07-25 20:12:12.439 [info] Getting sessions for all scopes...
2025-07-25 20:12:12.439 [info] Got 1 sessions for ...
2025-07-25 20:12:12.445 [info] Getting sessions for all scopes...
2025-07-25 20:12:12.446 [info] Got 2 sessions for ...
2025-07-25 20:12:12.484 [info] Getting sessions for read:user,repo,user:email,workflow...
2025-07-25 20:12:12.484 [info] Got 1 sessions for read:user,repo,user:email,workflow...
2025-07-25 20:12:12.552 [info] Getting sessions for user:email...
2025-07-25 20:12:12.552 [info] Got 1 sessions for user:email...
2025-07-25 20:12:22.105 [info] Getting sessions for all scopes...
2025-07-25 20:12:22.106 [info] Got 2 sessions for ...
2025-07-25 20:12:22.191 [info] Getting sessions for read:user,repo,user:email,workflow...
2025-07-25 20:12:22.192 [info] Got 1 sessions for read:user,repo,user:email,workflow...
2025-07-25 20:12:22.206 [info] Getting sessions for user:email...
2025-07-25 20:12:22.206 [info] Got 1 sessions for user:email...
2025-07-25 20:23:05.859 [info] Getting sessions for read:user,repo,user:email,workflow...
2025-07-25 20:23:05.860 [info] Got 1 sessions for read:user,repo,user:email,workflow...
2025-07-25 20:25:30.272 [info] Getting sessions for read:user,repo,user:email,workflow...
2025-07-25 20:25:30.272 [info] Got 1 sessions for read:user,repo,user:email,workflow...
2025-07-25 20:27:22.233 [info] Getting sessions for all scopes...
2025-07-25 20:27:22.233 [info] Got 2 sessions for ...
2025-07-25 20:27:22.247 [info] Getting sessions for read:user,repo,user:email,workflow...
2025-07-25 20:27:22.247 [info] Got 1 sessions for read:user,repo,user:email,workflow...
2025-07-25 20:27:22.256 [info] Getting sessions for user:email...
2025-07-25 20:27:22.256 [info] Got 1 sessions for user:email...
2025-07-25 20:27:22.268 [info] Getting sessions for all scopes...
2025-07-25 20:27:22.269 [info] Got 2 sessions for ...
2025-07-25 20:27:22.279 [info] Getting sessions for read:user,repo,user:email,workflow...
2025-07-25 20:27:22.279 [info] Got 1 sessions for read:user,repo,user:email,workflow...
2025-07-25 20:27:22.290 [info] Getting sessions for user:email...
2025-07-25 20:27:22.290 [info] Got 1 sessions for user:email...
2025-07-25 20:28:51.026 [info] Getting sessions for read:user,repo,user:email,workflow...
2025-07-25 20:28:51.026 [info] Got 1 sessions for read:user,repo,user:email,workflow...
2025-07-25 20:30:28.513 [info] Getting sessions for read:user,repo,user:email,workflow...
2025-07-25 20:30:28.514 [info] Got 1 sessions for read:user,repo,user:email,workflow...
