2025-07-24 19:27:02.016 [info] Reading sessions from keychain...
2025-07-24 19:27:02.016 [info] Getting sessions for all scopes...
2025-07-24 19:27:02.016 [info] Getting sessions for all scopes...
2025-07-24 19:27:02.016 [info] Getting sessions for all scopes...
2025-07-24 19:27:02.016 [info] Getting sessions for all scopes...
2025-07-24 19:27:02.016 [info] Getting sessions for all scopes...
2025-07-24 19:27:02.016 [info] Getting sessions for all scopes...
2025-07-24 19:27:02.016 [info] Getting sessions for all scopes...
2025-07-24 19:27:06.475 [info] Got stored sessions!
2025-07-24 19:27:06.476 [info] Got 2 verified sessions.
2025-07-24 19:27:06.476 [info] Got 2 sessions for ...
2025-07-24 19:27:06.476 [info] Got 2 sessions for ...
2025-07-24 19:27:06.476 [info] Got 2 sessions for ...
2025-07-24 19:27:06.476 [info] Got 2 sessions for ...
2025-07-24 19:27:06.476 [info] Got 2 sessions for ...
2025-07-24 19:27:06.476 [info] Got 2 sessions for ...
2025-07-24 19:27:06.493 [info] Got 2 sessions for ...
2025-07-24 19:27:28.499 [info] Getting sessions for all scopes...
2025-07-24 19:27:28.500 [info] Got 1 sessions for ...
2025-07-24 19:27:28.502 [info] Getting sessions for all scopes...
2025-07-24 19:27:28.502 [info] Got 1 sessions for ...
2025-07-24 19:27:28.507 [info] Getting sessions for all scopes...
2025-07-24 19:27:28.508 [info] Got 1 sessions for ...
2025-07-24 19:27:28.515 [info] Getting sessions for all scopes...
2025-07-24 19:27:28.516 [info] Got 1 sessions for ...
2025-07-24 19:27:28.517 [info] Getting sessions for all scopes...
2025-07-24 19:27:28.517 [info] Got 1 sessions for ...
2025-07-24 19:27:28.520 [info] Getting sessions for all scopes...
2025-07-24 19:27:28.522 [info] Got 1 sessions for ...
2025-07-24 19:27:29.804 [info] Getting sessions for all scopes...
2025-07-24 19:27:29.804 [info] Got 2 sessions for ...
2025-07-24 19:27:32.757 [info] Getting sessions for all scopes...
2025-07-24 19:27:32.757 [info] Got 2 sessions for ...
2025-07-24 19:27:33.368 [info] Getting sessions for all scopes...
2025-07-24 19:27:33.368 [info] Got 2 sessions for ...
2025-07-24 19:27:33.371 [info] Getting sessions for all scopes...
2025-07-24 19:27:33.372 [info] Got 2 sessions for ...
2025-07-24 19:27:36.688 [info] Getting sessions for all scopes...
2025-07-24 19:27:36.690 [info] Got 2 sessions for ...
2025-07-24 19:27:40.497 [info] Getting sessions for all scopes...
2025-07-24 19:27:40.500 [info] Got 2 sessions for ...
2025-07-24 19:27:40.557 [info] Getting sessions for read:user,repo,user:email,workflow...
2025-07-24 19:27:40.607 [info] Got 1 sessions for read:user,repo,user:email,workflow...
2025-07-24 19:27:41.512 [info] Getting sessions for all scopes...
2025-07-24 19:27:41.512 [info] Got 1 sessions for ...
2025-07-24 19:27:41.514 [info] Getting sessions for read:user,repo,user:email,workflow...
2025-07-24 19:27:41.514 [info] Got 1 sessions for read:user,repo,user:email,workflow...
2025-07-24 19:27:42.290 [info] Getting sessions for user:email...
2025-07-24 19:27:42.290 [info] Got 1 sessions for user:email...
2025-07-24 19:27:42.294 [info] Getting sessions for read:user,repo,user:email,workflow...
2025-07-24 19:27:42.294 [info] Got 1 sessions for read:user,repo,user:email,workflow...
2025-07-24 19:27:43.238 [info] Getting sessions for read:user...
2025-07-24 19:27:43.238 [info] Got 0 sessions for read:user...
2025-07-24 19:27:43.998 [info] Getting sessions for all scopes...
2025-07-24 19:27:43.998 [info] Got 2 sessions for ...
2025-07-24 19:27:43.999 [info] Getting sessions for all scopes...
2025-07-24 19:27:43.999 [info] Got 2 sessions for ...
2025-07-24 19:27:44.012 [info] Getting sessions for read:user,repo,user:email,workflow...
2025-07-24 19:27:44.012 [info] Got 1 sessions for read:user,repo,user:email,workflow...
2025-07-24 19:27:44.186 [info] Getting sessions for user:email...
2025-07-24 19:27:44.186 [info] Got 1 sessions for user:email...
2025-07-24 19:27:44.625 [info] Getting sessions for read:user,repo,user:email,workflow...
2025-07-24 19:27:44.625 [info] Got 1 sessions for read:user,repo,user:email,workflow...
2025-07-24 19:27:45.966 [info] Getting sessions for user:email...
2025-07-24 19:27:45.967 [info] Got 1 sessions for user:email...
2025-07-24 19:27:46.649 [info] Getting sessions for read:user,repo,user:email,workflow...
2025-07-24 19:27:46.650 [info] Got 1 sessions for read:user,repo,user:email,workflow...
2025-07-24 19:27:47.182 [info] Getting sessions for all scopes...
2025-07-24 19:27:47.183 [info] Got 2 sessions for ...
2025-07-24 19:27:47.373 [info] Getting sessions for read:user,repo,user:email,workflow...
2025-07-24 19:27:47.375 [info] Got 1 sessions for read:user,repo,user:email,workflow...
2025-07-24 19:27:47.403 [info] Getting sessions for read:user,repo,user:email,workflow...
2025-07-24 19:27:47.403 [info] Got 1 sessions for read:user,repo,user:email,workflow...
2025-07-24 19:27:47.446 [info] Getting sessions for all scopes...
2025-07-24 19:27:47.446 [info] Got 2 sessions for ...
2025-07-24 19:27:47.482 [info] Getting sessions for read:user,repo,user:email,workflow...
2025-07-24 19:27:47.483 [info] Got 1 sessions for read:user,repo,user:email,workflow...
2025-07-24 19:27:47.500 [info] Getting sessions for user:email...
2025-07-24 19:27:47.500 [info] Got 1 sessions for user:email...
2025-07-24 19:27:48.422 [info] Getting sessions for all scopes...
2025-07-24 19:27:48.422 [info] Got 2 sessions for ...
2025-07-24 19:27:48.442 [info] Getting sessions for all scopes...
2025-07-24 19:27:48.442 [info] Got 2 sessions for ...
2025-07-24 19:27:48.767 [info] Getting sessions for read:user,repo,user:email,workflow...
2025-07-24 19:27:48.770 [info] Got 1 sessions for read:user,repo,user:email,workflow...
2025-07-24 19:27:48.996 [info] Getting sessions for user:email...
2025-07-24 19:27:48.998 [info] Got 1 sessions for user:email...
2025-07-24 19:27:49.022 [info] Getting sessions for read:user,repo,user:email,workflow...
2025-07-24 19:27:49.023 [info] Got 1 sessions for read:user,repo,user:email,workflow...
2025-07-24 19:27:49.201 [info] Getting sessions for all scopes...
2025-07-24 19:27:49.202 [info] Got 2 sessions for ...
2025-07-24 19:27:49.243 [info] Getting sessions for read:user,repo,user:email,workflow...
2025-07-24 19:27:49.243 [info] Got 1 sessions for read:user,repo,user:email,workflow...
2025-07-24 19:27:49.262 [info] Getting sessions for user:email...
2025-07-24 19:27:49.263 [info] Got 1 sessions for user:email...
2025-07-24 19:28:04.099 [info] Getting sessions for all scopes...
2025-07-24 19:28:04.099 [info] Got 2 sessions for ...
2025-07-24 19:28:04.202 [info] Getting sessions for all scopes...
2025-07-24 19:28:04.203 [info] Got 2 sessions for ...
2025-07-24 19:28:05.648 [info] Getting sessions for read:user,repo,user:email,workflow...
2025-07-24 19:28:05.658 [info] Got 1 sessions for read:user,repo,user:email,workflow...
2025-07-24 19:28:06.120 [info] Getting sessions for user:email...
2025-07-24 19:28:06.121 [info] Got 1 sessions for user:email...
2025-07-24 19:28:06.127 [info] Getting sessions for read:user,repo,user:email,workflow...
2025-07-24 19:28:06.127 [info] Got 1 sessions for read:user,repo,user:email,workflow...
2025-07-24 19:28:06.203 [info] Getting sessions for all scopes...
2025-07-24 19:28:06.203 [info] Got 2 sessions for ...
2025-07-24 19:28:06.238 [info] Getting sessions for all scopes...
2025-07-24 19:28:06.239 [info] Got 1 sessions for ...
2025-07-24 19:28:06.247 [info] Getting sessions for all scopes...
2025-07-24 19:28:06.247 [info] Got 2 sessions for ...
2025-07-24 19:28:06.277 [info] Getting sessions for read:user,repo,user:email,workflow...
2025-07-24 19:28:06.277 [info] Got 1 sessions for read:user,repo,user:email,workflow...
2025-07-24 19:28:06.303 [info] Getting sessions for user:email...
2025-07-24 19:28:06.303 [info] Got 1 sessions for user:email...
2025-07-24 19:28:10.062 [info] Getting sessions for all scopes...
2025-07-24 19:28:10.063 [info] Got 2 sessions for ...
2025-07-24 19:28:10.073 [info] Getting sessions for read:user,repo,user:email,workflow...
2025-07-24 19:28:10.075 [info] Got 1 sessions for read:user,repo,user:email,workflow...
2025-07-24 19:28:10.086 [info] Getting sessions for user:email...
2025-07-24 19:28:10.087 [info] Got 1 sessions for user:email...
2025-07-24 19:28:40.984 [info] Getting sessions for all scopes...
2025-07-24 19:28:40.987 [info] Got 2 sessions for ...
2025-07-24 19:28:41.046 [info] Getting sessions for read:user,repo,user:email,workflow...
2025-07-24 19:28:41.047 [info] Got 1 sessions for read:user,repo,user:email,workflow...
2025-07-24 19:28:41.117 [info] Getting sessions for user:email...
2025-07-24 19:28:41.117 [info] Got 1 sessions for user:email...
2025-07-24 19:28:42.510 [info] Getting sessions for all scopes...
2025-07-24 19:28:42.518 [info] Got 2 sessions for ...
2025-07-24 19:28:42.744 [info] Getting sessions for read:user,repo,user:email,workflow...
2025-07-24 19:28:42.744 [info] Got 1 sessions for read:user,repo,user:email,workflow...
2025-07-24 19:28:42.777 [info] Getting sessions for user:email...
2025-07-24 19:28:42.777 [info] Got 1 sessions for user:email...
2025-07-24 19:30:59.109 [info] Getting sessions for all scopes...
2025-07-24 19:30:59.112 [info] Got 2 sessions for ...
2025-07-24 19:30:59.178 [info] Getting sessions for read:user,repo,user:email,workflow...
2025-07-24 19:30:59.178 [info] Got 1 sessions for read:user,repo,user:email,workflow...
2025-07-24 19:30:59.241 [info] Getting sessions for user:email...
2025-07-24 19:30:59.241 [info] Got 1 sessions for user:email...
2025-07-24 19:31:01.843 [info] Getting sessions for all scopes...
2025-07-24 19:31:01.844 [info] Got 2 sessions for ...
2025-07-24 19:31:01.945 [info] Getting sessions for read:user,repo,user:email,workflow...
2025-07-24 19:31:01.945 [info] Got 1 sessions for read:user,repo,user:email,workflow...
2025-07-24 19:31:02.036 [info] Getting sessions for user:email...
2025-07-24 19:31:02.037 [info] Got 1 sessions for user:email...
2025-07-24 19:33:05.148 [info] Getting sessions for all scopes...
2025-07-24 19:33:05.149 [info] Got 2 sessions for ...
2025-07-24 19:33:05.188 [info] Getting sessions for read:user,repo,user:email,workflow...
2025-07-24 19:33:05.188 [info] Got 1 sessions for read:user,repo,user:email,workflow...
2025-07-24 19:33:05.266 [info] Getting sessions for user:email...
2025-07-24 19:33:05.266 [info] Got 1 sessions for user:email...
2025-07-24 19:33:07.551 [info] Getting sessions for all scopes...
2025-07-24 19:33:07.552 [info] Got 2 sessions for ...
2025-07-24 19:33:07.706 [info] Getting sessions for read:user,repo,user:email,workflow...
2025-07-24 19:33:07.706 [info] Got 1 sessions for read:user,repo,user:email,workflow...
2025-07-24 19:33:08.574 [info] Getting sessions for user:email...
2025-07-24 19:33:08.574 [info] Got 1 sessions for user:email...
2025-07-24 19:43:10.111 [info] Getting sessions for all scopes...
2025-07-24 19:43:10.112 [info] Got 2 sessions for ...
2025-07-24 19:43:10.125 [info] Getting sessions for read:user,repo,user:email,workflow...
2025-07-24 19:43:10.126 [info] Got 1 sessions for read:user,repo,user:email,workflow...
2025-07-24 19:43:10.142 [info] Getting sessions for user:email...
2025-07-24 19:43:10.142 [info] Got 1 sessions for user:email...
2025-07-24 19:43:10.156 [info] Getting sessions for all scopes...
2025-07-24 19:43:10.157 [info] Got 2 sessions for ...
2025-07-24 19:43:10.170 [info] Getting sessions for read:user,repo,user:email,workflow...
2025-07-24 19:43:10.170 [info] Got 1 sessions for read:user,repo,user:email,workflow...
2025-07-24 19:43:10.184 [info] Getting sessions for user:email...
2025-07-24 19:43:10.184 [info] Got 1 sessions for user:email...
2025-07-24 19:47:40.999 [info] Getting sessions for all scopes...
2025-07-24 19:47:41.000 [info] Got 2 sessions for ...
2025-07-24 19:47:41.265 [info] Getting sessions for read:user,repo,user:email,workflow...
2025-07-24 19:47:41.266 [info] Got 1 sessions for read:user,repo,user:email,workflow...
2025-07-24 19:47:41.356 [info] Getting sessions for user:email...
2025-07-24 19:47:41.356 [info] Got 1 sessions for user:email...
2025-07-24 19:47:46.832 [info] Getting sessions for all scopes...
2025-07-24 19:47:46.832 [info] Got 2 sessions for ...
2025-07-24 19:47:46.846 [info] Getting sessions for read:user,repo,user:email,workflow...
2025-07-24 19:47:46.847 [info] Got 1 sessions for read:user,repo,user:email,workflow...
2025-07-24 19:47:46.858 [info] Getting sessions for user:email...
2025-07-24 19:47:46.858 [info] Got 1 sessions for user:email...
2025-07-24 19:48:32.081 [info] Getting sessions for all scopes...
2025-07-24 19:48:32.084 [info] Got 2 sessions for ...
2025-07-24 19:48:32.541 [info] Getting sessions for read:user,repo,user:email,workflow...
2025-07-24 19:48:32.541 [info] Got 1 sessions for read:user,repo,user:email,workflow...
2025-07-24 19:48:32.587 [info] Getting sessions for user:email...
2025-07-24 19:48:32.588 [info] Got 1 sessions for user:email...
2025-07-24 19:48:33.412 [info] Getting sessions for all scopes...
2025-07-24 19:48:33.416 [info] Got 2 sessions for ...
2025-07-24 19:48:33.430 [info] Getting sessions for read:user,repo,user:email,workflow...
2025-07-24 19:48:33.431 [info] Got 1 sessions for read:user,repo,user:email,workflow...
2025-07-24 19:48:33.458 [info] Getting sessions for user:email...
2025-07-24 19:48:33.458 [info] Got 1 sessions for user:email...
2025-07-24 19:49:07.866 [info] Getting sessions for all scopes...
2025-07-24 19:49:07.866 [info] Got 2 sessions for ...
2025-07-24 19:49:07.897 [info] Getting sessions for read:user,repo,user:email,workflow...
2025-07-24 19:49:07.897 [info] Got 1 sessions for read:user,repo,user:email,workflow...
2025-07-24 19:49:07.924 [info] Getting sessions for user:email...
2025-07-24 19:49:07.935 [info] Got 1 sessions for user:email...
2025-07-24 19:49:08.411 [info] Getting sessions for all scopes...
2025-07-24 19:49:08.411 [info] Got 2 sessions for ...
2025-07-24 19:49:11.884 [info] Getting sessions for read:user,repo,user:email,workflow...
2025-07-24 19:49:11.885 [info] Got 1 sessions for read:user,repo,user:email,workflow...
2025-07-24 19:49:12.163 [info] Getting sessions for user:email...
2025-07-24 19:49:12.165 [info] Got 1 sessions for user:email...
2025-07-24 19:49:14.662 [info] Getting sessions for all scopes...
2025-07-24 19:49:14.662 [info] Got 2 sessions for ...
2025-07-24 19:49:14.663 [info] Getting sessions for all scopes...
2025-07-24 19:49:14.663 [info] Got 2 sessions for ...
2025-07-24 19:49:14.693 [info] Getting sessions for read:user,repo,user:email,workflow...
2025-07-24 19:49:14.693 [info] Got 1 sessions for read:user,repo,user:email,workflow...
2025-07-24 19:49:14.705 [info] Getting sessions for user:email...
2025-07-24 19:49:14.707 [info] Got 1 sessions for user:email...
2025-07-24 19:49:14.709 [info] Getting sessions for read:user,repo,user:email,workflow...
2025-07-24 19:49:14.709 [info] Got 1 sessions for read:user,repo,user:email,workflow...
2025-07-24 19:49:14.722 [info] Getting sessions for all scopes...
2025-07-24 19:49:14.723 [info] Got 2 sessions for ...
2025-07-24 19:49:14.735 [info] Getting sessions for read:user,repo,user:email,workflow...
2025-07-24 19:49:14.735 [info] Got 1 sessions for read:user,repo,user:email,workflow...
2025-07-24 19:49:14.799 [info] Getting sessions for user:email...
2025-07-24 19:49:14.799 [info] Got 1 sessions for user:email...
2025-07-24 19:49:15.098 [info] Getting sessions for all scopes...
2025-07-24 19:49:15.102 [info] Got 2 sessions for ...
2025-07-24 19:49:15.104 [info] Getting sessions for all scopes...
2025-07-24 19:49:15.104 [info] Got 2 sessions for ...
2025-07-24 19:49:15.616 [info] Getting sessions for read:user,repo,user:email,workflow...
2025-07-24 19:49:15.617 [info] Got 1 sessions for read:user,repo,user:email,workflow...
2025-07-24 19:49:15.655 [info] Getting sessions for user:email...
2025-07-24 19:49:15.656 [info] Got 1 sessions for user:email...
2025-07-24 19:49:15.660 [info] Getting sessions for read:user,repo,user:email,workflow...
2025-07-24 19:49:15.660 [info] Got 1 sessions for read:user,repo,user:email,workflow...
2025-07-24 19:49:15.702 [info] Getting sessions for all scopes...
2025-07-24 19:49:15.703 [info] Got 2 sessions for ...
2025-07-24 19:49:15.712 [info] Getting sessions for read:user,repo,user:email,workflow...
2025-07-24 19:49:15.713 [info] Got 1 sessions for read:user,repo,user:email,workflow...
2025-07-24 19:49:15.722 [info] Getting sessions for user:email...
2025-07-24 19:49:15.722 [info] Got 1 sessions for user:email...
2025-07-24 20:00:34.006 [info] Getting sessions for all scopes...
2025-07-24 20:00:34.007 [info] Got 2 sessions for ...
2025-07-24 20:00:34.054 [info] Getting sessions for read:user,repo,user:email,workflow...
2025-07-24 20:00:34.054 [info] Got 1 sessions for read:user,repo,user:email,workflow...
2025-07-24 20:00:34.121 [info] Getting sessions for user:email...
2025-07-24 20:00:34.122 [info] Got 1 sessions for user:email...
2025-07-24 20:00:40.541 [info] Getting sessions for all scopes...
2025-07-24 20:00:40.543 [info] Got 2 sessions for ...
2025-07-24 20:00:40.624 [info] Getting sessions for read:user,repo,user:email,workflow...
2025-07-24 20:00:40.624 [info] Got 1 sessions for read:user,repo,user:email,workflow...
2025-07-24 20:00:40.705 [info] Getting sessions for user:email...
2025-07-24 20:00:40.705 [info] Got 1 sessions for user:email...
2025-07-24 20:00:42.390 [info] Getting sessions for all scopes...
2025-07-24 20:00:42.391 [info] Got 2 sessions for ...
2025-07-24 20:00:44.633 [info] Getting sessions for read:user,repo,user:email,workflow...
2025-07-24 20:00:44.634 [info] Got 1 sessions for read:user,repo,user:email,workflow...
2025-07-24 20:00:44.808 [info] Getting sessions for user:email...
2025-07-24 20:00:44.812 [info] Got 1 sessions for user:email...
2025-07-24 20:04:15.685 [info] Getting sessions for all scopes...
2025-07-24 20:04:15.686 [info] Got 2 sessions for ...
2025-07-24 20:04:15.703 [info] Getting sessions for read:user,repo,user:email,workflow...
2025-07-24 20:04:15.703 [info] Got 1 sessions for read:user,repo,user:email,workflow...
2025-07-24 20:04:15.723 [info] Getting sessions for user:email...
2025-07-24 20:04:15.723 [info] Got 1 sessions for user:email...
2025-07-24 20:11:23.761 [info] Getting sessions for all scopes...
2025-07-24 20:11:23.762 [info] Got 2 sessions for ...
2025-07-24 20:11:23.783 [info] Getting sessions for read:user,repo,user:email,workflow...
2025-07-24 20:11:23.783 [info] Got 1 sessions for read:user,repo,user:email,workflow...
2025-07-24 20:11:23.813 [info] Getting sessions for user:email...
2025-07-24 20:11:23.813 [info] Got 1 sessions for user:email...
2025-07-24 20:11:23.900 [info] Getting sessions for all scopes...
2025-07-24 20:11:23.902 [info] Got 2 sessions for ...
2025-07-24 20:11:23.951 [info] Getting sessions for read:user,repo,user:email,workflow...
2025-07-24 20:11:23.951 [info] Got 1 sessions for read:user,repo,user:email,workflow...
2025-07-24 20:11:24.018 [info] Getting sessions for user:email...
2025-07-24 20:11:24.018 [info] Got 1 sessions for user:email...
2025-07-24 20:11:26.743 [info] Getting sessions for all scopes...
2025-07-24 20:11:26.743 [info] Got 2 sessions for ...
2025-07-24 20:11:26.760 [info] Getting sessions for all scopes...
2025-07-24 20:11:26.760 [info] Got 2 sessions for ...
2025-07-24 20:11:26.820 [info] Getting sessions for read:user,repo,user:email,workflow...
2025-07-24 20:11:26.820 [info] Got 1 sessions for read:user,repo,user:email,workflow...
2025-07-24 20:11:26.890 [info] Getting sessions for user:email...
2025-07-24 20:11:26.892 [info] Got 1 sessions for user:email...
2025-07-24 20:11:26.897 [info] Getting sessions for read:user,repo,user:email,workflow...
2025-07-24 20:11:26.897 [info] Got 1 sessions for read:user,repo,user:email,workflow...
2025-07-24 20:11:26.978 [info] Getting sessions for all scopes...
2025-07-24 20:11:26.978 [info] Got 2 sessions for ...
2025-07-24 20:11:27.050 [info] Getting sessions for read:user,repo,user:email,workflow...
2025-07-24 20:11:27.051 [info] Got 1 sessions for read:user,repo,user:email,workflow...
2025-07-24 20:11:27.099 [info] Getting sessions for user:email...
2025-07-24 20:11:27.105 [info] Got 1 sessions for user:email...
2025-07-24 20:11:27.214 [info] Getting sessions for all scopes...
2025-07-24 20:11:27.214 [info] Got 2 sessions for ...
2025-07-24 20:11:27.233 [info] Getting sessions for all scopes...
2025-07-24 20:11:27.233 [info] Got 2 sessions for ...
2025-07-24 20:11:27.306 [info] Getting sessions for read:user,repo,user:email,workflow...
2025-07-24 20:11:27.306 [info] Got 1 sessions for read:user,repo,user:email,workflow...
2025-07-24 20:11:27.374 [info] Getting sessions for user:email...
2025-07-24 20:11:27.374 [info] Got 1 sessions for user:email...
2025-07-24 20:11:27.431 [info] Getting sessions for read:user,repo,user:email,workflow...
2025-07-24 20:11:27.432 [info] Got 1 sessions for read:user,repo,user:email,workflow...
2025-07-24 20:11:27.525 [info] Getting sessions for all scopes...
2025-07-24 20:11:27.525 [info] Got 2 sessions for ...
2025-07-24 20:11:27.618 [info] Getting sessions for read:user,repo,user:email,workflow...
2025-07-24 20:11:27.620 [info] Got 1 sessions for read:user,repo,user:email,workflow...
2025-07-24 20:11:30.754 [info] Getting sessions for user:email...
2025-07-24 20:11:30.755 [info] Got 1 sessions for user:email...
2025-07-24 20:11:32.506 [info] Getting sessions for all scopes...
2025-07-24 20:11:32.506 [info] Got 2 sessions for ...
2025-07-24 20:11:32.567 [info] Getting sessions for read:user,repo,user:email,workflow...
2025-07-24 20:11:32.567 [info] Got 1 sessions for read:user,repo,user:email,workflow...
2025-07-24 20:11:32.631 [info] Getting sessions for user:email...
2025-07-24 20:11:32.632 [info] Got 1 sessions for user:email...
2025-07-24 20:11:36.166 [info] Getting sessions for all scopes...
2025-07-24 20:11:36.168 [info] Got 2 sessions for ...
2025-07-24 20:11:36.586 [info] Getting sessions for read:user,repo,user:email,workflow...
2025-07-24 20:11:36.588 [info] Got 1 sessions for read:user,repo,user:email,workflow...
2025-07-24 20:11:36.631 [info] Getting sessions for user:email...
2025-07-24 20:11:36.631 [info] Got 1 sessions for user:email...
2025-07-24 20:21:42.966 [info] Getting sessions for all scopes...
2025-07-24 20:21:42.966 [info] Got 2 sessions for ...
2025-07-24 20:21:43.043 [info] Getting sessions for read:user,repo,user:email,workflow...
2025-07-24 20:21:43.043 [info] Got 1 sessions for read:user,repo,user:email,workflow...
2025-07-24 20:21:43.130 [info] Getting sessions for user:email...
2025-07-24 20:21:43.131 [info] Got 1 sessions for user:email...
2025-07-24 20:21:49.138 [info] Getting sessions for all scopes...
2025-07-24 20:21:49.139 [info] Got 2 sessions for ...
2025-07-24 20:21:49.220 [info] Getting sessions for read:user,repo,user:email,workflow...
2025-07-24 20:21:49.222 [info] Got 1 sessions for read:user,repo,user:email,workflow...
2025-07-24 20:21:49.289 [info] Getting sessions for user:email...
2025-07-24 20:21:49.289 [info] Got 1 sessions for user:email...
2025-07-24 20:21:51.398 [info] Getting sessions for all scopes...
2025-07-24 20:21:51.399 [info] Got 2 sessions for ...
2025-07-24 20:21:51.763 [info] Getting sessions for read:user,repo,user:email,workflow...
2025-07-24 20:21:51.763 [info] Got 1 sessions for read:user,repo,user:email,workflow...
2025-07-24 20:21:52.505 [info] Getting sessions for user:email...
2025-07-24 20:21:52.508 [info] Got 1 sessions for user:email...
2025-07-24 20:26:28.714 [info] Getting sessions for all scopes...
2025-07-24 20:26:28.714 [info] Got 2 sessions for ...
2025-07-24 20:26:28.758 [info] Getting sessions for read:user,repo,user:email,workflow...
2025-07-24 20:26:28.758 [info] Got 1 sessions for read:user,repo,user:email,workflow...
2025-07-24 20:26:28.800 [info] Getting sessions for user:email...
2025-07-24 20:26:28.800 [info] Got 1 sessions for user:email...
2025-07-24 20:26:46.123 [info] Getting sessions for read:user,repo,user:email,workflow...
2025-07-24 20:26:46.123 [info] Got 1 sessions for read:user,repo,user:email,workflow...
