2025-07-25 20:11:42.471 [info] [main] Log level: Info
2025-07-25 20:11:42.471 [info] [main] Validating found git in: "git"
2025-07-25 20:11:42.471 [info] [main] Using git "2.39.5" from "git"
2025-07-25 20:11:42.471 [info] [Model][doInitialScan] Initial repository scan started
2025-07-25 20:11:42.471 [info] > git rev-parse --show-toplevel [822ms]
2025-07-25 20:11:42.471 [info] > git rev-parse --git-dir --git-common-dir [7196ms]
2025-07-25 20:11:42.471 [info] [Model][openRepository] Opened repository (path): /home/ramijaebr
2025-07-25 20:11:42.471 [info] [Model][openRepository] Opened repository (real path): /home/ramijaebr
2025-07-25 20:11:42.878 [info] > git rev-parse --show-toplevel [1767ms]
2025-07-25 20:11:42.886 [info] > git config --get commit.template [1869ms]
2025-07-25 20:11:44.369 [info] > git rev-parse --git-dir --git-common-dir [936ms]
2025-07-25 20:11:44.446 [info] [Model][openRepository] Opened repository (path): /home/ramijaebr/madhushreyar.github.io
2025-07-25 20:11:44.447 [info] [Model][openRepository] Opened repository (real path): /home/ramijaebr/madhushreyar.github.io
2025-07-25 20:11:44.946 [info] > git check-ignore -v -z --stdin [401ms]
2025-07-25 20:11:44.997 [info] > git for-each-ref --format=%(refname)%00%(upstream:short)%00%(objectname)%00%(upstream:track)%00%(upstream:remotename)%00%(upstream:remoteref) refs/heads/master refs/remotes/master [818ms]
2025-07-25 20:11:45.526 [info] > git status -z -uall [450ms]
2025-07-25 20:11:45.535 [info] > git for-each-ref --sort -committerdate --format %(refname)%00%(objectname)%00%(*objectname) [342ms]
2025-07-25 20:11:45.543 [info] > git config --get commit.template [649ms]
2025-07-25 20:11:45.738 [info] > git rev-parse --show-toplevel [248ms]
2025-07-25 20:11:48.571 [info] > git check-ignore -v -z --stdin [288ms]
2025-07-25 20:11:48.576 [info] > git check-ignore -v -z --stdin [207ms]
2025-07-25 20:11:48.595 [info] > git for-each-ref --format=%(refname)%00%(upstream:short)%00%(objectname)%00%(upstream:track)%00%(upstream:remotename)%00%(upstream:remoteref) refs/heads/master refs/remotes/master [2415ms]
2025-07-25 20:11:49.049 [info] > git config --get --local branch.master.vscode-merge-base [344ms]
2025-07-25 20:11:49.050 [warning] [Git][config] git config failed: Failed to execute git
2025-07-25 20:11:49.123 [info] > git config --get commit.template [565ms]
2025-07-25 20:11:49.124 [info] > git rev-parse --show-toplevel [619ms]
2025-07-25 20:11:49.128 [info] > git for-each-ref --format=%(refname)%00%(upstream:short)%00%(objectname)%00%(upstream:track)%00%(upstream:remotename)%00%(upstream:remoteref) refs/heads/main refs/remotes/main [689ms]
2025-07-25 20:11:49.462 [warning] [Git][revParse] Unable to read file: ENOENT: no such file or directory, open '/home/ramijaebr/madhushreyar.github.io/.git/refs/remotes/origin/main'
2025-07-25 20:11:49.478 [info] > git reflog master --grep-reflog=branch: Created from *. [357ms]
2025-07-25 20:11:50.104 [info] > git symbolic-ref --short refs/remotes/origin/HEAD [566ms]
2025-07-25 20:11:50.105 [info] fatal: ref refs/remotes/origin/HEAD is not a symbolic ref
2025-07-25 20:11:50.105 [warning] [Repository][getDefaultBranch] Failed to get default branch details: Failed to execute git.
2025-07-25 20:11:50.110 [info] > git rev-parse refs/remotes/origin/main [648ms]
2025-07-25 20:11:50.224 [info] > git rev-parse --show-toplevel [851ms]
2025-07-25 20:11:50.424 [info] > git status -z -uall [267ms]
2025-07-25 20:11:50.429 [info] > git for-each-ref --sort -committerdate --format %(refname)%00%(objectname)%00%(*objectname) [209ms]
2025-07-25 20:11:50.573 [info] > git for-each-ref --format=%(refname)%00%(upstream:short)%00%(objectname)%00%(upstream:track)%00%(upstream:remotename)%00%(upstream:remoteref) refs/heads/master refs/remotes/master [868ms]
2025-07-25 20:11:51.179 [info] > git status -z -uall [545ms]
2025-07-25 20:11:51.187 [info] > git for-each-ref --sort -committerdate --format %(refname)%00%(objectname)%00%(*objectname) [492ms]
2025-07-25 20:11:51.247 [info] > git for-each-ref --format=%(refname)%00%(upstream:short)%00%(objectname)%00%(upstream:track)%00%(upstream:remotename)%00%(upstream:remoteref) refs/heads/main refs/remotes/main [725ms]
2025-07-25 20:11:51.338 [info] > git rev-parse --show-toplevel [985ms]
2025-07-25 20:11:53.213 [info] > git config --get --local branch.main.vscode-merge-base [1880ms]
2025-07-25 20:11:53.327 [info] > git config --get commit.template [2433ms]
2025-07-25 20:11:53.485 [info] > git for-each-ref --format=%(refname)%00%(upstream:short)%00%(objectname)%00%(upstream:track)%00%(upstream:remotename)%00%(upstream:remoteref) refs/heads/origin/main refs/remotes/origin/main [159ms]
2025-07-25 20:11:53.583 [info] > git rev-parse --show-toplevel [413ms]
2025-07-25 20:11:54.200 [info] > git rev-parse --show-toplevel [484ms]
2025-07-25 20:11:54.201 [info] > git for-each-ref --format=%(refname)%00%(upstream:short)%00%(objectname)%00%(upstream:track)%00%(upstream:remotename)%00%(upstream:remoteref) refs/heads/main refs/remotes/main [553ms]
2025-07-25 20:11:54.202 [info] > git merge-base refs/heads/main refs/remotes/origin/main [622ms]
2025-07-25 20:11:54.740 [warning] [Git][revParse] Unable to read file: ENOENT: no such file or directory, open '/home/ramijaebr/madhushreyar.github.io/.git/refs/remotes/origin/main'
2025-07-25 20:11:54.754 [info] > git diff --name-status -z --diff-filter=ADMR 5846a4cec008b5a929daca2bc29e80b749a5c7e6...refs/remotes/origin/main [503ms]
2025-07-25 20:11:54.795 [info] > git rev-parse refs/remotes/origin/main [54ms]
2025-07-25 20:11:54.942 [info] > git rev-parse --show-toplevel [254ms]
2025-07-25 20:11:55.204 [info] > git status -z -uall [345ms]
2025-07-25 20:11:55.209 [info] > git for-each-ref --sort -committerdate --format %(refname)%00%(objectname)%00%(*objectname) [271ms]
2025-07-25 20:11:55.289 [info] > git rev-parse --show-toplevel [101ms]
2025-07-25 20:11:55.292 [info] [Model][doInitialScan] Initial repository scan completed - repositories (2), closed repositories (0), parent repositories (0), unsafe repositories (0)
2025-07-25 20:11:55.930 [info] > git show --textconv :README.md [577ms]
2025-07-25 20:11:55.935 [info] > git ls-files --stage -- README.md [381ms]
2025-07-25 20:11:56.228 [info] > git cat-file -s 262426f5acdda5eb58d7138f3d3788b4550d02ac [157ms]
2025-07-25 20:11:56.244 [info] > git config --get commit.template [372ms]
2025-07-25 20:11:56.245 [info] > git config --get commit.template [450ms]
2025-07-25 20:11:56.470 [info] > git for-each-ref --format=%(refname)%00%(upstream:short)%00%(objectname)%00%(upstream:track)%00%(upstream:remotename)%00%(upstream:remoteref) refs/heads/master refs/remotes/master [24ms]
2025-07-25 20:11:56.686 [info] > git for-each-ref --format=%(refname)%00%(upstream:short)%00%(objectname)%00%(upstream:track)%00%(upstream:remotename)%00%(upstream:remoteref) refs/heads/main refs/remotes/main [291ms]
2025-07-25 20:11:56.777 [warning] [Git][revParse] Unable to read file: ENOENT: no such file or directory, open '/home/ramijaebr/madhushreyar.github.io/.git/refs/remotes/origin/main'
2025-07-25 20:11:56.796 [info] > git status -z -uall [273ms]
2025-07-25 20:11:56.910 [info] > git rev-parse refs/remotes/origin/main [134ms]
2025-07-25 20:11:57.107 [info] > git for-each-ref --sort -committerdate --format %(refname)%00%(objectname)%00%(*objectname) [422ms]
2025-07-25 20:11:58.050 [info] > git status -z -uall [1026ms]
2025-07-25 20:11:58.058 [info] > git for-each-ref --sort -committerdate --format %(refname)%00%(objectname)%00%(*objectname) [959ms]
2025-07-25 20:12:07.704 [info] > git config --get commit.template [9661ms]
2025-07-25 20:12:08.836 [info] > git for-each-ref --format=%(refname)%00%(upstream:short)%00%(objectname)%00%(upstream:track)%00%(upstream:remotename)%00%(upstream:remoteref) refs/heads/master refs/remotes/master [886ms]
2025-07-25 20:12:09.521 [info] > git status -z -uall [564ms]
2025-07-25 20:12:09.522 [info] > git for-each-ref --sort -committerdate --format %(refname)%00%(objectname)%00%(*objectname) [358ms]
2025-07-25 20:12:10.918 [info] > git blame --root --incremental 5846a4cec008b5a929daca2bc29e80b749a5c7e6 -- README.md [1144ms]
2025-07-25 20:12:14.656 [info] > git config --get commit.template [5ms]
2025-07-25 20:12:14.762 [info] > git for-each-ref --format=%(refname)%00%(upstream:short)%00%(objectname)%00%(upstream:track)%00%(upstream:remotename)%00%(upstream:remoteref) refs/heads/master refs/remotes/master [46ms]
2025-07-25 20:12:14.888 [info] > git status -z -uall [77ms]
2025-07-25 20:12:14.889 [info] > git for-each-ref --sort -committerdate --format %(refname)%00%(objectname)%00%(*objectname) [12ms]
2025-07-25 20:12:20.408 [info] > git config --get commit.template [111ms]
2025-07-25 20:12:20.493 [info] > git for-each-ref --format=%(refname)%00%(upstream:short)%00%(objectname)%00%(upstream:track)%00%(upstream:remotename)%00%(upstream:remoteref) refs/heads/master refs/remotes/master [16ms]
2025-07-25 20:12:20.745 [info] > git status -z -uall [168ms]
2025-07-25 20:12:20.773 [info] > git for-each-ref --sort -committerdate --format %(refname)%00%(objectname)%00%(*objectname) [37ms]
2025-07-25 20:12:26.028 [info] > git config --get commit.template [66ms]
2025-07-25 20:12:26.031 [info] > git for-each-ref --format=%(refname)%00%(upstream:short)%00%(objectname)%00%(upstream:track)%00%(upstream:remotename)%00%(upstream:remoteref) refs/heads/master refs/remotes/master [9ms]
2025-07-25 20:12:26.159 [info] > git status -z -uall [71ms]
2025-07-25 20:12:26.182 [info] > git for-each-ref --sort -committerdate --format %(refname)%00%(objectname)%00%(*objectname) [28ms]
2025-07-25 20:12:31.306 [info] > git config --get commit.template [12ms]
2025-07-25 20:12:31.429 [info] > git for-each-ref --format=%(refname)%00%(upstream:short)%00%(objectname)%00%(upstream:track)%00%(upstream:remotename)%00%(upstream:remoteref) refs/heads/master refs/remotes/master [52ms]
2025-07-25 20:12:31.694 [info] > git status -z -uall [188ms]
2025-07-25 20:12:31.696 [info] > git for-each-ref --sort -committerdate --format %(refname)%00%(objectname)%00%(*objectname) [45ms]
2025-07-25 20:12:37.201 [info] > git config --get commit.template [78ms]
2025-07-25 20:12:37.207 [info] > git for-each-ref --format=%(refname)%00%(upstream:short)%00%(objectname)%00%(upstream:track)%00%(upstream:remotename)%00%(upstream:remoteref) refs/heads/master refs/remotes/master [8ms]
2025-07-25 20:12:37.327 [info] > git status -z -uall [73ms]
2025-07-25 20:12:37.339 [info] > git for-each-ref --sort -committerdate --format %(refname)%00%(objectname)%00%(*objectname) [16ms]
2025-07-25 20:12:42.456 [info] > git config --get commit.template [6ms]
2025-07-25 20:12:42.521 [info] > git for-each-ref --format=%(refname)%00%(upstream:short)%00%(objectname)%00%(upstream:track)%00%(upstream:remotename)%00%(upstream:remoteref) refs/heads/master refs/remotes/master [6ms]
2025-07-25 20:12:42.628 [info] > git status -z -uall [60ms]
2025-07-25 20:12:42.629 [info] > git for-each-ref --sort -committerdate --format %(refname)%00%(objectname)%00%(*objectname) [8ms]
2025-07-25 20:12:44.681 [info] > git ls-files --stage -- README.md [6ms]
2025-07-25 20:12:44.749 [info] > git cat-file -s 262426f5acdda5eb58d7138f3d3788b4550d02ac [10ms]
2025-07-25 20:12:44.824 [info] > git show --textconv :README.md [12ms]
2025-07-25 20:12:47.827 [info] > git config --get commit.template [62ms]
2025-07-25 20:12:47.838 [info] > git for-each-ref --format=%(refname)%00%(upstream:short)%00%(objectname)%00%(upstream:track)%00%(upstream:remotename)%00%(upstream:remoteref) refs/heads/master refs/remotes/master [15ms]
2025-07-25 20:12:47.965 [info] > git status -z -uall [68ms]
2025-07-25 20:12:47.980 [info] > git for-each-ref --sort -committerdate --format %(refname)%00%(objectname)%00%(*objectname) [21ms]
2025-07-25 20:13:01.667 [info] > git config --get commit.template [23ms]
2025-07-25 20:13:01.758 [info] > git for-each-ref --format=%(refname)%00%(upstream:short)%00%(objectname)%00%(upstream:track)%00%(upstream:remotename)%00%(upstream:remoteref) refs/heads/master refs/remotes/master [11ms]
2025-07-25 20:13:02.086 [info] > git status -z -uall [242ms]
2025-07-25 20:13:02.136 [info] > git for-each-ref --sort -committerdate --format %(refname)%00%(objectname)%00%(*objectname) [94ms]
2025-07-25 20:13:07.380 [info] > git config --get commit.template [15ms]
2025-07-25 20:13:07.531 [info] > git for-each-ref --format=%(refname)%00%(upstream:short)%00%(objectname)%00%(upstream:track)%00%(upstream:remotename)%00%(upstream:remoteref) refs/heads/master refs/remotes/master [52ms]
2025-07-25 20:13:07.787 [info] > git status -z -uall [153ms]
2025-07-25 20:13:07.795 [info] > git for-each-ref --sort -committerdate --format %(refname)%00%(objectname)%00%(*objectname) [52ms]
2025-07-25 20:13:08.635 [info] > git config --get commit.template [681ms]
2025-07-25 20:13:08.733 [info] > git for-each-ref --format=%(refname)%00%(upstream:short)%00%(objectname)%00%(upstream:track)%00%(upstream:remotename)%00%(upstream:remoteref) refs/heads/master refs/remotes/master [12ms]
2025-07-25 20:13:08.874 [info] > git status -z -uall [76ms]
2025-07-25 20:13:08.875 [info] > git for-each-ref --sort -committerdate --format %(refname)%00%(objectname)%00%(*objectname) [22ms]
2025-07-25 20:13:09.500 [info] > git ls-files --stage -- README.md [455ms]
2025-07-25 20:13:09.557 [info] > git cat-file -s 262426f5acdda5eb58d7138f3d3788b4550d02ac [8ms]
2025-07-25 20:13:09.651 [info] > git show --textconv :README.md [8ms]
2025-07-25 20:13:12.992 [info] > git config --get commit.template [56ms]
2025-07-25 20:13:12.996 [info] > git for-each-ref --format=%(refname)%00%(upstream:short)%00%(objectname)%00%(upstream:track)%00%(upstream:remotename)%00%(upstream:remoteref) refs/heads/master refs/remotes/master [7ms]
2025-07-25 20:13:13.118 [info] > git status -z -uall [67ms]
2025-07-25 20:13:13.128 [info] > git for-each-ref --sort -committerdate --format %(refname)%00%(objectname)%00%(*objectname) [17ms]
2025-07-25 20:16:23.446 [info] > git config --get commit.template [131ms]
2025-07-25 20:16:23.454 [info] > git for-each-ref --format=%(refname)%00%(upstream:short)%00%(objectname)%00%(upstream:track)%00%(upstream:remotename)%00%(upstream:remoteref) refs/heads/master refs/remotes/master [27ms]
2025-07-25 20:16:23.635 [info] > git status -z -uall [133ms]
2025-07-25 20:16:23.664 [info] > git for-each-ref --sort -committerdate --format %(refname)%00%(objectname)%00%(*objectname) [56ms]
2025-07-25 20:16:28.843 [info] > git config --get commit.template [51ms]
2025-07-25 20:16:28.845 [info] > git for-each-ref --format=%(refname)%00%(upstream:short)%00%(objectname)%00%(upstream:track)%00%(upstream:remotename)%00%(upstream:remoteref) refs/heads/master refs/remotes/master [5ms]
2025-07-25 20:16:28.962 [info] > git status -z -uall [71ms]
2025-07-25 20:16:28.979 [info] > git for-each-ref --sort -committerdate --format %(refname)%00%(objectname)%00%(*objectname) [29ms]
2025-07-25 20:16:34.125 [info] > git config --get commit.template [54ms]
2025-07-25 20:16:34.128 [info] > git for-each-ref --format=%(refname)%00%(upstream:short)%00%(objectname)%00%(upstream:track)%00%(upstream:remotename)%00%(upstream:remoteref) refs/heads/master refs/remotes/master [6ms]
2025-07-25 20:16:34.239 [info] > git status -z -uall [65ms]
2025-07-25 20:16:34.240 [info] > git for-each-ref --sort -committerdate --format %(refname)%00%(objectname)%00%(*objectname) [19ms]
2025-07-25 20:16:42.391 [info] > git config --get commit.template [54ms]
2025-07-25 20:16:42.973 [info] > git for-each-ref --format=%(refname)%00%(upstream:short)%00%(objectname)%00%(upstream:track)%00%(upstream:remotename)%00%(upstream:remoteref) refs/heads/master refs/remotes/master [24ms]
2025-07-25 20:16:43.292 [info] > git status -z -uall [182ms]
2025-07-25 20:16:43.296 [info] > git for-each-ref --sort -committerdate --format %(refname)%00%(objectname)%00%(*objectname) [30ms]
2025-07-25 20:16:48.530 [info] > git config --get commit.template [58ms]
2025-07-25 20:16:48.534 [info] > git for-each-ref --format=%(refname)%00%(upstream:short)%00%(objectname)%00%(upstream:track)%00%(upstream:remotename)%00%(upstream:remoteref) refs/heads/master refs/remotes/master [6ms]
2025-07-25 20:16:48.651 [info] > git for-each-ref --sort -committerdate --format %(refname)%00%(objectname)%00%(*objectname) [15ms]
2025-07-25 20:16:48.707 [info] > git status -z -uall [122ms]
2025-07-25 20:16:54.732 [info] > git config --get commit.template [180ms]
2025-07-25 20:16:54.749 [info] > git for-each-ref --format=%(refname)%00%(upstream:short)%00%(objectname)%00%(upstream:track)%00%(upstream:remotename)%00%(upstream:remoteref) refs/heads/master refs/remotes/master [37ms]
2025-07-25 20:16:54.994 [info] > git for-each-ref --sort -committerdate --format %(refname)%00%(objectname)%00%(*objectname) [21ms]
2025-07-25 20:16:55.014 [info] > git status -z -uall [141ms]
2025-07-25 20:17:00.272 [info] > git config --get commit.template [54ms]
2025-07-25 20:17:00.275 [info] > git for-each-ref --format=%(refname)%00%(upstream:short)%00%(objectname)%00%(upstream:track)%00%(upstream:remotename)%00%(upstream:remoteref) refs/heads/master refs/remotes/master [6ms]
2025-07-25 20:17:00.376 [info] > git status -z -uall [56ms]
2025-07-25 20:17:00.394 [info] > git for-each-ref --sort -committerdate --format %(refname)%00%(objectname)%00%(*objectname) [22ms]
2025-07-25 20:17:16.013 [info] > git config --get commit.template [8ms]
2025-07-25 20:17:16.083 [info] > git for-each-ref --format=%(refname)%00%(upstream:short)%00%(objectname)%00%(upstream:track)%00%(upstream:remotename)%00%(upstream:remoteref) refs/heads/master refs/remotes/master [9ms]
2025-07-25 20:17:16.371 [info] > git for-each-ref --sort -committerdate --format %(refname)%00%(objectname)%00%(*objectname) [24ms]
2025-07-25 20:17:16.390 [info] > git status -z -uall [256ms]
2025-07-25 20:17:21.658 [info] > git config --get commit.template [14ms]
2025-07-25 20:17:21.723 [info] > git for-each-ref --format=%(refname)%00%(upstream:short)%00%(objectname)%00%(upstream:track)%00%(upstream:remotename)%00%(upstream:remoteref) refs/heads/master refs/remotes/master [12ms]
2025-07-25 20:17:21.928 [info] > git status -z -uall [145ms]
2025-07-25 20:17:21.929 [info] > git for-each-ref --sort -committerdate --format %(refname)%00%(objectname)%00%(*objectname) [22ms]
2025-07-25 20:17:27.128 [info] > git config --get commit.template [10ms]
2025-07-25 20:17:27.290 [info] > git for-each-ref --format=%(refname)%00%(upstream:short)%00%(objectname)%00%(upstream:track)%00%(upstream:remotename)%00%(upstream:remoteref) refs/heads/master refs/remotes/master [30ms]
2025-07-25 20:17:27.584 [info] > git status -z -uall [219ms]
2025-07-25 20:17:27.623 [info] > git for-each-ref --sort -committerdate --format %(refname)%00%(objectname)%00%(*objectname) [69ms]
2025-07-25 20:17:32.787 [info] > git config --get commit.template [49ms]
2025-07-25 20:17:32.790 [info] > git for-each-ref --format=%(refname)%00%(upstream:short)%00%(objectname)%00%(upstream:track)%00%(upstream:remotename)%00%(upstream:remoteref) refs/heads/master refs/remotes/master [7ms]
2025-07-25 20:17:32.903 [info] > git status -z -uall [65ms]
2025-07-25 20:17:32.904 [info] > git for-each-ref --sort -committerdate --format %(refname)%00%(objectname)%00%(*objectname) [18ms]
2025-07-25 20:17:38.177 [info] > git config --get commit.template [27ms]
2025-07-25 20:17:38.437 [info] > git for-each-ref --format=%(refname)%00%(upstream:short)%00%(objectname)%00%(upstream:track)%00%(upstream:remotename)%00%(upstream:remoteref) refs/heads/master refs/remotes/master [60ms]
2025-07-25 20:17:39.034 [info] > git status -z -uall [261ms]
2025-07-25 20:17:39.102 [info] > git for-each-ref --sort -committerdate --format %(refname)%00%(objectname)%00%(*objectname) [106ms]
2025-07-25 20:17:44.329 [info] > git config --get commit.template [70ms]
2025-07-25 20:17:44.339 [info] > git for-each-ref --format=%(refname)%00%(upstream:short)%00%(objectname)%00%(upstream:track)%00%(upstream:remotename)%00%(upstream:remoteref) refs/heads/master refs/remotes/master [17ms]
2025-07-25 20:17:44.488 [info] > git status -z -uall [98ms]
2025-07-25 20:17:44.511 [info] > git for-each-ref --sort -committerdate --format %(refname)%00%(objectname)%00%(*objectname) [33ms]
2025-07-25 20:17:49.688 [info] > git config --get commit.template [56ms]
2025-07-25 20:17:49.692 [info] > git for-each-ref --format=%(refname)%00%(upstream:short)%00%(objectname)%00%(upstream:track)%00%(upstream:remotename)%00%(upstream:remoteref) refs/heads/master refs/remotes/master [10ms]
2025-07-25 20:17:49.802 [info] > git status -z -uall [61ms]
2025-07-25 20:17:49.822 [info] > git for-each-ref --sort -committerdate --format %(refname)%00%(objectname)%00%(*objectname) [24ms]
2025-07-25 20:17:54.972 [info] > git config --get commit.template [57ms]
2025-07-25 20:17:54.975 [info] > git for-each-ref --format=%(refname)%00%(upstream:short)%00%(objectname)%00%(upstream:track)%00%(upstream:remotename)%00%(upstream:remoteref) refs/heads/master refs/remotes/master [6ms]
2025-07-25 20:17:55.102 [info] > git status -z -uall [71ms]
2025-07-25 20:17:55.103 [info] > git for-each-ref --sort -committerdate --format %(refname)%00%(objectname)%00%(*objectname) [20ms]
2025-07-25 20:18:00.260 [info] > git config --get commit.template [4ms]
2025-07-25 20:18:00.312 [info] > git for-each-ref --format=%(refname)%00%(upstream:short)%00%(objectname)%00%(upstream:track)%00%(upstream:remotename)%00%(upstream:remoteref) refs/heads/master refs/remotes/master [6ms]
2025-07-25 20:18:00.420 [info] > git status -z -uall [61ms]
2025-07-25 20:18:00.436 [info] > git for-each-ref --sort -committerdate --format %(refname)%00%(objectname)%00%(*objectname) [25ms]
2025-07-25 20:18:05.535 [info] > git config --get commit.template [6ms]
2025-07-25 20:18:05.592 [info] > git for-each-ref --format=%(refname)%00%(upstream:short)%00%(objectname)%00%(upstream:track)%00%(upstream:remotename)%00%(upstream:remoteref) refs/heads/master refs/remotes/master [6ms]
2025-07-25 20:18:05.705 [info] > git status -z -uall [62ms]
2025-07-25 20:18:05.720 [info] > git for-each-ref --sort -committerdate --format %(refname)%00%(objectname)%00%(*objectname) [23ms]
2025-07-25 20:18:10.821 [info] > git config --get commit.template [5ms]
2025-07-25 20:18:10.875 [info] > git for-each-ref --format=%(refname)%00%(upstream:short)%00%(objectname)%00%(upstream:track)%00%(upstream:remotename)%00%(upstream:remoteref) refs/heads/master refs/remotes/master [6ms]
2025-07-25 20:18:10.987 [info] > git status -z -uall [64ms]
2025-07-25 20:18:10.989 [info] > git for-each-ref --sort -committerdate --format %(refname)%00%(objectname)%00%(*objectname) [11ms]
2025-07-25 20:18:16.301 [info] > git config --get commit.template [107ms]
2025-07-25 20:18:16.316 [info] > git for-each-ref --format=%(refname)%00%(upstream:short)%00%(objectname)%00%(upstream:track)%00%(upstream:remotename)%00%(upstream:remoteref) refs/heads/master refs/remotes/master [30ms]
2025-07-25 20:18:16.458 [info] > git status -z -uall [66ms]
2025-07-25 20:18:16.479 [info] > git for-each-ref --sort -committerdate --format %(refname)%00%(objectname)%00%(*objectname) [27ms]
2025-07-25 20:18:21.676 [info] > git config --get commit.template [82ms]
2025-07-25 20:18:21.711 [info] > git for-each-ref --format=%(refname)%00%(upstream:short)%00%(objectname)%00%(upstream:track)%00%(upstream:remotename)%00%(upstream:remoteref) refs/heads/master refs/remotes/master [51ms]
2025-07-25 20:18:21.984 [info] > git status -z -uall [124ms]
2025-07-25 20:18:22.013 [info] > git for-each-ref --sort -committerdate --format %(refname)%00%(objectname)%00%(*objectname) [37ms]
2025-07-25 20:18:38.095 [info] > git config --get commit.template [96ms]
2025-07-25 20:18:38.098 [info] > git for-each-ref --format=%(refname)%00%(upstream:short)%00%(objectname)%00%(upstream:track)%00%(upstream:remotename)%00%(upstream:remoteref) refs/heads/master refs/remotes/master [10ms]
2025-07-25 20:18:38.462 [info] > git for-each-ref --sort -committerdate --format %(refname)%00%(objectname)%00%(*objectname) [33ms]
2025-07-25 20:18:38.526 [info] > git status -z -uall [306ms]
2025-07-25 20:18:43.819 [info] > git config --get commit.template [67ms]
2025-07-25 20:18:43.824 [info] > git for-each-ref --format=%(refname)%00%(upstream:short)%00%(objectname)%00%(upstream:track)%00%(upstream:remotename)%00%(upstream:remoteref) refs/heads/master refs/remotes/master [11ms]
2025-07-25 20:18:43.982 [info] > git status -z -uall [98ms]
2025-07-25 20:18:44.008 [info] > git for-each-ref --sort -committerdate --format %(refname)%00%(objectname)%00%(*objectname) [31ms]
2025-07-25 20:18:49.190 [info] > git config --get commit.template [13ms]
2025-07-25 20:18:49.270 [info] > git for-each-ref --format=%(refname)%00%(upstream:short)%00%(objectname)%00%(upstream:track)%00%(upstream:remotename)%00%(upstream:remoteref) refs/heads/master refs/remotes/master [19ms]
2025-07-25 20:18:49.517 [info] > git status -z -uall [156ms]
2025-07-25 20:18:49.543 [info] > git for-each-ref --sort -committerdate --format %(refname)%00%(objectname)%00%(*objectname) [41ms]
2025-07-25 20:18:54.709 [info] > git config --get commit.template [53ms]
2025-07-25 20:18:54.714 [info] > git for-each-ref --format=%(refname)%00%(upstream:short)%00%(objectname)%00%(upstream:track)%00%(upstream:remotename)%00%(upstream:remoteref) refs/heads/master refs/remotes/master [12ms]
2025-07-25 20:18:54.817 [info] > git status -z -uall [59ms]
2025-07-25 20:18:54.831 [info] > git for-each-ref --sort -committerdate --format %(refname)%00%(objectname)%00%(*objectname) [28ms]
2025-07-25 20:19:08.255 [info] > git config --get commit.template [33ms]
2025-07-25 20:19:08.466 [info] > git for-each-ref --format=%(refname)%00%(upstream:short)%00%(objectname)%00%(upstream:track)%00%(upstream:remotename)%00%(upstream:remoteref) refs/heads/master refs/remotes/master [23ms]
2025-07-25 20:19:08.844 [info] > git for-each-ref --sort -committerdate --format %(refname)%00%(objectname)%00%(*objectname) [51ms]
2025-07-25 20:19:08.901 [info] > git status -z -uall [279ms]
2025-07-25 20:19:14.177 [info] > git config --get commit.template [47ms]
2025-07-25 20:19:14.180 [info] > git for-each-ref --format=%(refname)%00%(upstream:short)%00%(objectname)%00%(upstream:track)%00%(upstream:remotename)%00%(upstream:remoteref) refs/heads/master refs/remotes/master [7ms]
2025-07-25 20:19:14.283 [info] > git status -z -uall [58ms]
2025-07-25 20:19:14.300 [info] > git for-each-ref --sort -committerdate --format %(refname)%00%(objectname)%00%(*objectname) [21ms]
2025-07-25 20:19:26.097 [info] > git config --get commit.template [25ms]
2025-07-25 20:19:26.294 [info] > git for-each-ref --format=%(refname)%00%(upstream:short)%00%(objectname)%00%(upstream:track)%00%(upstream:remotename)%00%(upstream:remoteref) refs/heads/master refs/remotes/master [73ms]
2025-07-25 20:19:26.629 [info] > git status -z -uall [228ms]
2025-07-25 20:19:26.679 [info] > git for-each-ref --sort -committerdate --format %(refname)%00%(objectname)%00%(*objectname) [70ms]
2025-07-25 20:19:31.864 [info] > git config --get commit.template [52ms]
2025-07-25 20:19:31.867 [info] > git for-each-ref --format=%(refname)%00%(upstream:short)%00%(objectname)%00%(upstream:track)%00%(upstream:remotename)%00%(upstream:remoteref) refs/heads/master refs/remotes/master [8ms]
2025-07-25 20:19:31.976 [info] > git status -z -uall [61ms]
2025-07-25 20:19:31.988 [info] > git for-each-ref --sort -committerdate --format %(refname)%00%(objectname)%00%(*objectname) [26ms]
2025-07-25 20:19:37.142 [info] > git config --get commit.template [57ms]
2025-07-25 20:19:37.144 [info] > git for-each-ref --format=%(refname)%00%(upstream:short)%00%(objectname)%00%(upstream:track)%00%(upstream:remotename)%00%(upstream:remoteref) refs/heads/master refs/remotes/master [6ms]
2025-07-25 20:19:37.248 [info] > git status -z -uall [59ms]
2025-07-25 20:19:37.268 [info] > git for-each-ref --sort -committerdate --format %(refname)%00%(objectname)%00%(*objectname) [25ms]
2025-07-25 20:19:42.457 [info] > git config --get commit.template [77ms]
2025-07-25 20:19:42.463 [info] > git for-each-ref --format=%(refname)%00%(upstream:short)%00%(objectname)%00%(upstream:track)%00%(upstream:remotename)%00%(upstream:remoteref) refs/heads/master refs/remotes/master [15ms]
2025-07-25 20:19:42.663 [info] > git status -z -uall [150ms]
2025-07-25 20:19:42.699 [info] > git for-each-ref --sort -committerdate --format %(refname)%00%(objectname)%00%(*objectname) [57ms]
2025-07-25 20:19:47.855 [info] > git config --get commit.template [7ms]
2025-07-25 20:19:47.953 [info] > git for-each-ref --format=%(refname)%00%(upstream:short)%00%(objectname)%00%(upstream:track)%00%(upstream:remotename)%00%(upstream:remoteref) refs/heads/master refs/remotes/master [12ms]
2025-07-25 20:19:48.101 [info] > git status -z -uall [79ms]
2025-07-25 20:19:48.102 [info] > git for-each-ref --sort -committerdate --format %(refname)%00%(objectname)%00%(*objectname) [16ms]
2025-07-25 20:21:25.297 [info] > git config --get commit.template [33ms]
2025-07-25 20:21:25.418 [info] > git for-each-ref --format=%(refname)%00%(upstream:short)%00%(objectname)%00%(upstream:track)%00%(upstream:remotename)%00%(upstream:remoteref) refs/heads/master refs/remotes/master [16ms]
2025-07-25 20:21:25.852 [info] > git status -z -uall [190ms]
2025-07-25 20:21:25.901 [info] > git for-each-ref --sort -committerdate --format %(refname)%00%(objectname)%00%(*objectname) [85ms]
2025-07-25 20:21:31.170 [info] > git config --get commit.template [56ms]
2025-07-25 20:21:31.173 [info] > git for-each-ref --format=%(refname)%00%(upstream:short)%00%(objectname)%00%(upstream:track)%00%(upstream:remotename)%00%(upstream:remoteref) refs/heads/master refs/remotes/master [7ms]
2025-07-25 20:21:31.281 [info] > git status -z -uall [62ms]
2025-07-25 20:21:31.281 [info] > git for-each-ref --sort -committerdate --format %(refname)%00%(objectname)%00%(*objectname) [16ms]
2025-07-25 20:21:36.459 [info] > git config --get commit.template [58ms]
2025-07-25 20:21:36.463 [info] > git for-each-ref --format=%(refname)%00%(upstream:short)%00%(objectname)%00%(upstream:track)%00%(upstream:remotename)%00%(upstream:remoteref) refs/heads/master refs/remotes/master [11ms]
2025-07-25 20:21:36.573 [info] > git status -z -uall [58ms]
2025-07-25 20:21:36.591 [info] > git for-each-ref --sort -committerdate --format %(refname)%00%(objectname)%00%(*objectname) [22ms]
2025-07-25 20:21:40.750 [info] > git ls-files --stage -- README.md [28ms]
2025-07-25 20:21:40.813 [info] > git cat-file -s 262426f5acdda5eb58d7138f3d3788b4550d02ac [8ms]
2025-07-25 20:21:40.876 [info] > git show --textconv :README.md [8ms]
2025-07-25 20:21:41.745 [info] > git config --get commit.template [51ms]
2025-07-25 20:21:41.748 [info] > git for-each-ref --format=%(refname)%00%(upstream:short)%00%(objectname)%00%(upstream:track)%00%(upstream:remotename)%00%(upstream:remoteref) refs/heads/master refs/remotes/master [6ms]
2025-07-25 20:21:41.870 [info] > git status -z -uall [69ms]
2025-07-25 20:21:41.886 [info] > git for-each-ref --sort -committerdate --format %(refname)%00%(objectname)%00%(*objectname) [34ms]
2025-07-25 20:21:47.045 [info] > git config --get commit.template [62ms]
2025-07-25 20:21:47.050 [info] > git for-each-ref --format=%(refname)%00%(upstream:short)%00%(objectname)%00%(upstream:track)%00%(upstream:remotename)%00%(upstream:remoteref) refs/heads/master refs/remotes/master [8ms]
2025-07-25 20:21:47.269 [info] > git status -z -uall [162ms]
2025-07-25 20:21:47.360 [info] > git for-each-ref --sort -committerdate --format %(refname)%00%(objectname)%00%(*objectname) [127ms]
2025-07-25 20:21:54.857 [info] > git config --get commit.template [23ms]
2025-07-25 20:21:54.973 [info] > git for-each-ref --format=%(refname)%00%(upstream:short)%00%(objectname)%00%(upstream:track)%00%(upstream:remotename)%00%(upstream:remoteref) refs/heads/master refs/remotes/master [21ms]
2025-07-25 20:21:55.231 [info] > git for-each-ref --sort -committerdate --format %(refname)%00%(objectname)%00%(*objectname) [45ms]
2025-07-25 20:21:55.341 [info] > git status -z -uall [277ms]
2025-07-25 20:21:59.452 [info] > git config --get commit.template [24ms]
2025-07-25 20:21:59.543 [info] > git for-each-ref --format=%(refname)%00%(upstream:short)%00%(objectname)%00%(upstream:track)%00%(upstream:remotename)%00%(upstream:remoteref) refs/heads/master refs/remotes/master [14ms]
2025-07-25 20:21:59.685 [info] > git status -z -uall [83ms]
2025-07-25 20:21:59.698 [info] > git for-each-ref --sort -committerdate --format %(refname)%00%(objectname)%00%(*objectname) [27ms]
2025-07-25 20:22:00.829 [info] > git config --get commit.template [30ms]
2025-07-25 20:22:00.905 [info] > git for-each-ref --format=%(refname)%00%(upstream:short)%00%(objectname)%00%(upstream:track)%00%(upstream:remotename)%00%(upstream:remoteref) refs/heads/master refs/remotes/master [10ms]
2025-07-25 20:22:01.183 [info] > git for-each-ref --sort -committerdate --format %(refname)%00%(objectname)%00%(*objectname) [16ms]
2025-07-25 20:22:01.214 [info] > git status -z -uall [193ms]
2025-07-25 20:22:14.458 [info] > git config --get commit.template [16ms]
2025-07-25 20:22:14.540 [info] > git for-each-ref --format=%(refname)%00%(upstream:short)%00%(objectname)%00%(upstream:track)%00%(upstream:remotename)%00%(upstream:remoteref) refs/heads/master refs/remotes/master [11ms]
2025-07-25 20:22:14.778 [info] > git for-each-ref --sort -committerdate --format %(refname)%00%(objectname)%00%(*objectname) [57ms]
2025-07-25 20:22:14.888 [info] > git status -z -uall [270ms]
2025-07-25 20:22:18.941 [info] > git config --get commit.template [8ms]
2025-07-25 20:22:19.090 [info] > git for-each-ref --format=%(refname)%00%(upstream:short)%00%(objectname)%00%(upstream:track)%00%(upstream:remotename)%00%(upstream:remoteref) refs/heads/main refs/remotes/main [24ms]
2025-07-25 20:22:19.308 [info] > git status -z -uall [148ms]
2025-07-25 20:22:19.342 [info] > git for-each-ref --sort -committerdate --format %(refname)%00%(objectname)%00%(*objectname) [48ms]
2025-07-25 20:22:20.209 [info] > git for-each-ref --format=%(refname)%00%(upstream:short)%00%(objectname)%00%(upstream:track)%00%(upstream:remotename)%00%(upstream:remoteref) refs/heads/main refs/remotes/main [711ms]
2025-07-25 20:22:20.356 [info] > git config --get --local branch.main.vscode-merge-base [87ms]
2025-07-25 20:22:20.357 [warning] [Git][config] git config failed: Failed to execute git
2025-07-25 20:22:20.478 [info] > git ls-files --stage -- README.md [9ms]
2025-07-25 20:22:20.540 [info] > git reflog main --grep-reflog=branch: Created from *. [131ms]
2025-07-25 20:22:20.599 [info] > git config --get commit.template [248ms]
2025-07-25 20:22:20.624 [info] > git symbolic-ref --short refs/remotes/origin/HEAD [26ms]
2025-07-25 20:22:20.624 [info] fatal: ref refs/remotes/origin/HEAD is not a symbolic ref
2025-07-25 20:22:20.625 [warning] [Repository][getDefaultBranch] Failed to get default branch details: Failed to execute git.
2025-07-25 20:22:20.631 [info] > git cat-file -s 262426f5acdda5eb58d7138f3d3788b4550d02ac [92ms]
2025-07-25 20:22:20.741 [info] > git for-each-ref --format=%(refname)%00%(upstream:short)%00%(objectname)%00%(upstream:track)%00%(upstream:remotename)%00%(upstream:remoteref) refs/heads/main refs/remotes/main [31ms]
2025-07-25 20:22:21.081 [info] > git status -z -uall [261ms]
2025-07-25 20:22:21.083 [info] > git show --textconv :README.md [50ms]
2025-07-25 20:22:21.089 [info] > git for-each-ref --sort -committerdate --format %(refname)%00%(objectname)%00%(*objectname) [142ms]
2025-07-25 20:22:28.872 [info] > git config --get commit.template [96ms]
2025-07-25 20:22:28.882 [info] > git for-each-ref --format=%(refname)%00%(upstream:short)%00%(objectname)%00%(upstream:track)%00%(upstream:remotename)%00%(upstream:remoteref) refs/heads/main refs/remotes/main [19ms]
2025-07-25 20:22:29.079 [info] > git for-each-ref --sort -committerdate --format %(refname)%00%(objectname)%00%(*objectname) [33ms]
2025-07-25 20:22:29.089 [info] > git status -z -uall [130ms]
2025-07-25 20:22:34.251 [info] > git config --get commit.template [55ms]
2025-07-25 20:22:34.255 [info] > git for-each-ref --format=%(refname)%00%(upstream:short)%00%(objectname)%00%(upstream:track)%00%(upstream:remotename)%00%(upstream:remoteref) refs/heads/main refs/remotes/main [7ms]
2025-07-25 20:22:34.364 [info] > git status -z -uall [61ms]
2025-07-25 20:22:34.387 [info] > git for-each-ref --sort -committerdate --format %(refname)%00%(objectname)%00%(*objectname) [26ms]
2025-07-25 20:22:46.983 [info] > git config --get commit.template [23ms]
2025-07-25 20:22:47.055 [info] > git for-each-ref --format=%(refname)%00%(upstream:short)%00%(objectname)%00%(upstream:track)%00%(upstream:remotename)%00%(upstream:remoteref) refs/heads/main refs/remotes/main [9ms]
2025-07-25 20:22:47.400 [info] > git status -z -uall [152ms]
2025-07-25 20:22:47.414 [info] > git for-each-ref --sort -committerdate --format %(refname)%00%(objectname)%00%(*objectname) [43ms]
2025-07-25 20:22:52.048 [info] > git ls-files --stage -- README.md [6ms]
2025-07-25 20:22:52.103 [info] > git cat-file -s 262426f5acdda5eb58d7138f3d3788b4550d02ac [7ms]
2025-07-25 20:22:52.172 [info] > git show --textconv :README.md [7ms]
2025-07-25 20:22:52.594 [info] > git config --get commit.template [7ms]
2025-07-25 20:22:52.675 [info] > git for-each-ref --format=%(refname)%00%(upstream:short)%00%(objectname)%00%(upstream:track)%00%(upstream:remotename)%00%(upstream:remoteref) refs/heads/main refs/remotes/main [19ms]
2025-07-25 20:22:52.837 [info] > git for-each-ref --sort -committerdate --format %(refname)%00%(objectname)%00%(*objectname) [22ms]
2025-07-25 20:22:52.850 [info] > git status -z -uall [117ms]
2025-07-25 20:23:00.636 [info] > git config --get commit.template [89ms]
2025-07-25 20:23:00.642 [info] > git for-each-ref --format=%(refname)%00%(upstream:short)%00%(objectname)%00%(upstream:track)%00%(upstream:remotename)%00%(upstream:remoteref) refs/heads/main refs/remotes/main [16ms]
2025-07-25 20:23:00.910 [info] > git status -z -uall [165ms]
2025-07-25 20:23:00.939 [info] > git for-each-ref --sort -committerdate --format %(refname)%00%(objectname)%00%(*objectname) [44ms]
2025-07-25 20:23:06.062 [info] > git config --get commit.template [6ms]
2025-07-25 20:23:06.120 [info] > git for-each-ref --format=%(refname)%00%(upstream:short)%00%(objectname)%00%(upstream:track)%00%(upstream:remotename)%00%(upstream:remoteref) refs/heads/main refs/remotes/main [9ms]
2025-07-25 20:23:06.276 [info] > git status -z -uall [111ms]
2025-07-25 20:23:06.277 [info] > git for-each-ref --sort -committerdate --format %(refname)%00%(objectname)%00%(*objectname) [18ms]
2025-07-25 20:23:11.440 [info] > git config --get commit.template [51ms]
2025-07-25 20:23:11.443 [info] > git for-each-ref --format=%(refname)%00%(upstream:short)%00%(objectname)%00%(upstream:track)%00%(upstream:remotename)%00%(upstream:remoteref) refs/heads/main refs/remotes/main [5ms]
2025-07-25 20:23:11.551 [info] > git status -z -uall [61ms]
2025-07-25 20:23:11.566 [info] > git for-each-ref --sort -committerdate --format %(refname)%00%(objectname)%00%(*objectname) [27ms]
2025-07-25 20:23:16.702 [info] > git config --get commit.template [56ms]
2025-07-25 20:23:16.707 [info] > git for-each-ref --format=%(refname)%00%(upstream:short)%00%(objectname)%00%(upstream:track)%00%(upstream:remotename)%00%(upstream:remoteref) refs/heads/main refs/remotes/main [7ms]
2025-07-25 20:23:16.822 [info] > git status -z -uall [68ms]
2025-07-25 20:23:16.834 [info] > git for-each-ref --sort -committerdate --format %(refname)%00%(objectname)%00%(*objectname) [22ms]
2025-07-25 20:23:22.031 [info] > git config --get commit.template [75ms]
2025-07-25 20:23:22.034 [info] > git for-each-ref --format=%(refname)%00%(upstream:short)%00%(objectname)%00%(upstream:track)%00%(upstream:remotename)%00%(upstream:remoteref) refs/heads/main refs/remotes/main [10ms]
2025-07-25 20:23:22.144 [info] > git status -z -uall [58ms]
2025-07-25 20:23:22.158 [info] > git for-each-ref --sort -committerdate --format %(refname)%00%(objectname)%00%(*objectname) [23ms]
2025-07-25 20:23:27.314 [info] > git config --get commit.template [55ms]
2025-07-25 20:23:27.334 [info] > git for-each-ref --format=%(refname)%00%(upstream:short)%00%(objectname)%00%(upstream:track)%00%(upstream:remotename)%00%(upstream:remoteref) refs/heads/main refs/remotes/main [24ms]
2025-07-25 20:23:27.542 [info] > git status -z -uall [130ms]
2025-07-25 20:23:27.551 [info] > git for-each-ref --sort -committerdate --format %(refname)%00%(objectname)%00%(*objectname) [49ms]
2025-07-25 20:23:33.087 [info] > git config --get commit.template [125ms]
2025-07-25 20:23:33.109 [info] > git for-each-ref --format=%(refname)%00%(upstream:short)%00%(objectname)%00%(upstream:track)%00%(upstream:remotename)%00%(upstream:remoteref) refs/heads/main refs/remotes/main [45ms]
2025-07-25 20:23:33.368 [info] > git status -z -uall [145ms]
2025-07-25 20:23:33.399 [info] > git for-each-ref --sort -committerdate --format %(refname)%00%(objectname)%00%(*objectname) [48ms]
2025-07-25 20:23:38.557 [info] > git config --get commit.template [55ms]
2025-07-25 20:23:38.560 [info] > git for-each-ref --format=%(refname)%00%(upstream:short)%00%(objectname)%00%(upstream:track)%00%(upstream:remotename)%00%(upstream:remoteref) refs/heads/main refs/remotes/main [5ms]
2025-07-25 20:23:38.676 [info] > git status -z -uall [66ms]
2025-07-25 20:23:38.705 [info] > git for-each-ref --sort -committerdate --format %(refname)%00%(objectname)%00%(*objectname) [42ms]
2025-07-25 20:23:43.869 [info] > git config --get commit.template [50ms]
2025-07-25 20:23:43.873 [info] > git for-each-ref --format=%(refname)%00%(upstream:short)%00%(objectname)%00%(upstream:track)%00%(upstream:remotename)%00%(upstream:remoteref) refs/heads/main refs/remotes/main [7ms]
2025-07-25 20:23:43.981 [info] > git status -z -uall [63ms]
2025-07-25 20:23:44.000 [info] > git for-each-ref --sort -committerdate --format %(refname)%00%(objectname)%00%(*objectname) [32ms]
2025-07-25 20:24:33.617 [info] > git config --get commit.template [141ms]
2025-07-25 20:24:33.635 [info] > git for-each-ref --format=%(refname)%00%(upstream:short)%00%(objectname)%00%(upstream:track)%00%(upstream:remotename)%00%(upstream:remoteref) refs/heads/main refs/remotes/main [24ms]
2025-07-25 20:24:34.042 [info] > git status -z -uall [209ms]
2025-07-25 20:24:34.044 [info] > git for-each-ref --sort -committerdate --format %(refname)%00%(objectname)%00%(*objectname) [5ms]
2025-07-25 20:24:39.276 [info] > git config --get commit.template [5ms]
2025-07-25 20:24:39.332 [info] > git for-each-ref --format=%(refname)%00%(upstream:short)%00%(objectname)%00%(upstream:track)%00%(upstream:remotename)%00%(upstream:remoteref) refs/heads/main refs/remotes/main [9ms]
2025-07-25 20:24:39.446 [info] > git status -z -uall [66ms]
2025-07-25 20:24:39.446 [info] > git for-each-ref --sort -committerdate --format %(refname)%00%(objectname)%00%(*objectname) [17ms]
2025-07-25 20:24:44.620 [info] > git config --get commit.template [52ms]
2025-07-25 20:24:44.623 [info] > git for-each-ref --format=%(refname)%00%(upstream:short)%00%(objectname)%00%(upstream:track)%00%(upstream:remotename)%00%(upstream:remoteref) refs/heads/main refs/remotes/main [8ms]
2025-07-25 20:24:44.722 [info] > git status -z -uall [51ms]
2025-07-25 20:24:44.738 [info] > git for-each-ref --sort -committerdate --format %(refname)%00%(objectname)%00%(*objectname) [18ms]
2025-07-25 20:24:49.909 [info] > git config --get commit.template [16ms]
2025-07-25 20:24:49.973 [info] > git for-each-ref --format=%(refname)%00%(upstream:short)%00%(objectname)%00%(upstream:track)%00%(upstream:remotename)%00%(upstream:remoteref) refs/heads/main refs/remotes/main [7ms]
2025-07-25 20:24:50.089 [info] > git status -z -uall [61ms]
2025-07-25 20:24:50.090 [info] > git for-each-ref --sort -committerdate --format %(refname)%00%(objectname)%00%(*objectname) [12ms]
2025-07-25 20:24:55.321 [info] > git for-each-ref --format=%(refname)%00%(upstream:short)%00%(objectname)%00%(upstream:track)%00%(upstream:remotename)%00%(upstream:remoteref) refs/heads/main refs/remotes/main [21ms]
2025-07-25 20:24:55.326 [info] > git config --get commit.template [109ms]
2025-07-25 20:24:55.542 [info] > git status -z -uall [146ms]
2025-07-25 20:24:55.563 [info] > git for-each-ref --sort -committerdate --format %(refname)%00%(objectname)%00%(*objectname) [35ms]
2025-07-25 20:25:00.694 [info] > git config --get commit.template [11ms]
2025-07-25 20:25:00.803 [info] > git for-each-ref --format=%(refname)%00%(upstream:short)%00%(objectname)%00%(upstream:track)%00%(upstream:remotename)%00%(upstream:remoteref) refs/heads/main refs/remotes/main [18ms]
2025-07-25 20:25:00.957 [info] > git status -z -uall [93ms]
2025-07-25 20:25:00.981 [info] > git for-each-ref --sort -committerdate --format %(refname)%00%(objectname)%00%(*objectname) [36ms]
2025-07-25 20:25:04.692 [info] > git ls-files --stage -- README.md [8ms]
2025-07-25 20:25:04.746 [info] > git cat-file -s 262426f5acdda5eb58d7138f3d3788b4550d02ac [7ms]
2025-07-25 20:25:04.839 [info] > git show --textconv :README.md [25ms]
2025-07-25 20:25:06.232 [info] > git config --get commit.template [98ms]
2025-07-25 20:25:06.255 [info] > git for-each-ref --format=%(refname)%00%(upstream:short)%00%(objectname)%00%(upstream:track)%00%(upstream:remotename)%00%(upstream:remoteref) refs/heads/main refs/remotes/main [29ms]
2025-07-25 20:25:06.474 [info] > git status -z -uall [127ms]
2025-07-25 20:25:06.515 [info] > git for-each-ref --sort -committerdate --format %(refname)%00%(objectname)%00%(*objectname) [63ms]
2025-07-25 20:25:07.546 [info] > git ls-files --stage -- README.md [24ms]
2025-07-25 20:25:07.714 [info] > git cat-file -s 262426f5acdda5eb58d7138f3d3788b4550d02ac [24ms]
2025-07-25 20:25:07.878 [info] > git show --textconv :README.md [12ms]
2025-07-25 20:25:11.619 [info] > git config --get commit.template [3ms]
2025-07-25 20:25:11.676 [info] > git for-each-ref --format=%(refname)%00%(upstream:short)%00%(objectname)%00%(upstream:track)%00%(upstream:remotename)%00%(upstream:remoteref) refs/heads/main refs/remotes/main [8ms]
2025-07-25 20:25:11.796 [info] > git status -z -uall [67ms]
2025-07-25 20:25:11.797 [info] > git for-each-ref --sort -committerdate --format %(refname)%00%(objectname)%00%(*objectname) [18ms]
2025-07-25 20:25:22.643 [info] > git config --get commit.template [6ms]
2025-07-25 20:25:22.755 [info] > git for-each-ref --format=%(refname)%00%(upstream:short)%00%(objectname)%00%(upstream:track)%00%(upstream:remotename)%00%(upstream:remoteref) refs/heads/main refs/remotes/main [24ms]
2025-07-25 20:25:23.310 [info] > git for-each-ref --sort -committerdate --format %(refname)%00%(objectname)%00%(*objectname) [55ms]
2025-07-25 20:25:23.350 [info] > git status -z -uall [337ms]
2025-07-25 20:25:28.621 [info] > git config --get commit.template [72ms]
2025-07-25 20:25:28.626 [info] > git for-each-ref --format=%(refname)%00%(upstream:short)%00%(objectname)%00%(upstream:track)%00%(upstream:remotename)%00%(upstream:remoteref) refs/heads/main refs/remotes/main [12ms]
2025-07-25 20:25:28.733 [info] > git status -z -uall [60ms]
2025-07-25 20:25:28.747 [info] > git for-each-ref --sort -committerdate --format %(refname)%00%(objectname)%00%(*objectname) [26ms]
2025-07-25 20:25:33.904 [info] > git config --get commit.template [64ms]
2025-07-25 20:25:33.907 [info] > git for-each-ref --format=%(refname)%00%(upstream:short)%00%(objectname)%00%(upstream:track)%00%(upstream:remotename)%00%(upstream:remoteref) refs/heads/main refs/remotes/main [12ms]
2025-07-25 20:25:34.081 [info] > git status -z -uall [120ms]
2025-07-25 20:25:34.106 [info] > git for-each-ref --sort -committerdate --format %(refname)%00%(objectname)%00%(*objectname) [29ms]
2025-07-25 20:25:39.301 [info] > git config --get commit.template [59ms]
2025-07-25 20:25:39.304 [info] > git for-each-ref --format=%(refname)%00%(upstream:short)%00%(objectname)%00%(upstream:track)%00%(upstream:remotename)%00%(upstream:remoteref) refs/heads/main refs/remotes/main [5ms]
2025-07-25 20:25:39.414 [info] > git status -z -uall [63ms]
2025-07-25 20:25:39.415 [info] > git for-each-ref --sort -committerdate --format %(refname)%00%(objectname)%00%(*objectname) [11ms]
2025-07-25 20:25:44.574 [info] > git config --get commit.template [52ms]
2025-07-25 20:25:44.577 [info] > git for-each-ref --format=%(refname)%00%(upstream:short)%00%(objectname)%00%(upstream:track)%00%(upstream:remotename)%00%(upstream:remoteref) refs/heads/main refs/remotes/main [6ms]
2025-07-25 20:25:44.688 [info] > git status -z -uall [64ms]
2025-07-25 20:25:44.707 [info] > git for-each-ref --sort -committerdate --format %(refname)%00%(objectname)%00%(*objectname) [25ms]
2025-07-25 20:25:49.815 [info] > git config --get commit.template [8ms]
2025-07-25 20:25:49.867 [info] > git for-each-ref --format=%(refname)%00%(upstream:short)%00%(objectname)%00%(upstream:track)%00%(upstream:remotename)%00%(upstream:remoteref) refs/heads/main refs/remotes/main [5ms]
2025-07-25 20:25:49.979 [info] > git status -z -uall [66ms]
2025-07-25 20:25:49.995 [info] > git for-each-ref --sort -committerdate --format %(refname)%00%(objectname)%00%(*objectname) [22ms]
2025-07-25 20:25:55.258 [info] > git config --get commit.template [64ms]
2025-07-25 20:25:55.261 [info] > git for-each-ref --format=%(refname)%00%(upstream:short)%00%(objectname)%00%(upstream:track)%00%(upstream:remotename)%00%(upstream:remoteref) refs/heads/main refs/remotes/main [6ms]
2025-07-25 20:25:55.379 [info] > git for-each-ref --sort -committerdate --format %(refname)%00%(objectname)%00%(*objectname) [12ms]
2025-07-25 20:25:55.388 [info] > git status -z -uall [75ms]
2025-07-25 20:26:18.997 [info] > git config --get commit.template [24ms]
2025-07-25 20:26:19.102 [info] > git for-each-ref --format=%(refname)%00%(upstream:short)%00%(objectname)%00%(upstream:track)%00%(upstream:remotename)%00%(upstream:remoteref) refs/heads/main refs/remotes/main [21ms]
2025-07-25 20:26:19.415 [info] > git status -z -uall [231ms]
2025-07-25 20:26:19.487 [info] > git for-each-ref --sort -committerdate --format %(refname)%00%(objectname)%00%(*objectname) [93ms]
2025-07-25 20:26:24.661 [info] > git config --get commit.template [55ms]
2025-07-25 20:26:24.664 [info] > git for-each-ref --format=%(refname)%00%(upstream:short)%00%(objectname)%00%(upstream:track)%00%(upstream:remotename)%00%(upstream:remoteref) refs/heads/main refs/remotes/main [5ms]
2025-07-25 20:26:24.783 [info] > git status -z -uall [71ms]
2025-07-25 20:26:24.784 [info] > git for-each-ref --sort -committerdate --format %(refname)%00%(objectname)%00%(*objectname) [17ms]
2025-07-25 20:26:29.975 [info] > git config --get commit.template [62ms]
2025-07-25 20:26:29.982 [info] > git for-each-ref --format=%(refname)%00%(upstream:short)%00%(objectname)%00%(upstream:track)%00%(upstream:remotename)%00%(upstream:remoteref) refs/heads/main refs/remotes/main [13ms]
2025-07-25 20:26:30.130 [info] > git status -z -uall [87ms]
2025-07-25 20:26:30.147 [info] > git for-each-ref --sort -committerdate --format %(refname)%00%(objectname)%00%(*objectname) [24ms]
2025-07-25 20:26:35.304 [info] > git config --get commit.template [65ms]
2025-07-25 20:26:35.369 [info] > git for-each-ref --format=%(refname)%00%(upstream:short)%00%(objectname)%00%(upstream:track)%00%(upstream:remotename)%00%(upstream:remoteref) refs/heads/main refs/remotes/main [69ms]
2025-07-25 20:26:35.761 [info] > git status -z -uall [128ms]
2025-07-25 20:26:35.778 [info] > git for-each-ref --sort -committerdate --format %(refname)%00%(objectname)%00%(*objectname) [24ms]
2025-07-25 20:26:40.893 [info] > git config --get commit.template [8ms]
2025-07-25 20:26:40.991 [info] > git for-each-ref --format=%(refname)%00%(upstream:short)%00%(objectname)%00%(upstream:track)%00%(upstream:remotename)%00%(upstream:remoteref) refs/heads/main refs/remotes/main [23ms]
2025-07-25 20:26:41.268 [info] > git status -z -uall [202ms]
2025-07-25 20:26:41.268 [info] > git for-each-ref --sort -committerdate --format %(refname)%00%(objectname)%00%(*objectname) [25ms]
2025-07-25 20:26:46.522 [info] > git config --get commit.template [75ms]
2025-07-25 20:26:46.531 [info] > git for-each-ref --format=%(refname)%00%(upstream:short)%00%(objectname)%00%(upstream:track)%00%(upstream:remotename)%00%(upstream:remoteref) refs/heads/main refs/remotes/main [11ms]
2025-07-25 20:26:46.836 [info] > git status -z -uall [214ms]
2025-07-25 20:26:46.862 [info] > git for-each-ref --sort -committerdate --format %(refname)%00%(objectname)%00%(*objectname) [47ms]
2025-07-25 20:26:52.078 [info] > git config --get commit.template [15ms]
2025-07-25 20:26:52.191 [info] > git for-each-ref --format=%(refname)%00%(upstream:short)%00%(objectname)%00%(upstream:track)%00%(upstream:remotename)%00%(upstream:remoteref) refs/heads/main refs/remotes/main [36ms]
2025-07-25 20:26:52.500 [info] > git status -z -uall [238ms]
2025-07-25 20:26:52.501 [info] > git for-each-ref --sort -committerdate --format %(refname)%00%(objectname)%00%(*objectname) [22ms]
2025-07-25 20:26:57.756 [info] > git config --get commit.template [62ms]
2025-07-25 20:26:57.760 [info] > git for-each-ref --format=%(refname)%00%(upstream:short)%00%(objectname)%00%(upstream:track)%00%(upstream:remotename)%00%(upstream:remoteref) refs/heads/main refs/remotes/main [8ms]
2025-07-25 20:26:57.889 [info] > git status -z -uall [76ms]
2025-07-25 20:26:57.905 [info] > git for-each-ref --sort -committerdate --format %(refname)%00%(objectname)%00%(*objectname) [20ms]
2025-07-25 20:27:03.011 [info] > git config --get commit.template [6ms]
2025-07-25 20:27:03.068 [info] > git for-each-ref --format=%(refname)%00%(upstream:short)%00%(objectname)%00%(upstream:track)%00%(upstream:remotename)%00%(upstream:remoteref) refs/heads/main refs/remotes/main [6ms]
2025-07-25 20:27:03.191 [info] > git status -z -uall [72ms]
2025-07-25 20:27:03.193 [info] > git for-each-ref --sort -committerdate --format %(refname)%00%(objectname)%00%(*objectname) [18ms]
2025-07-25 20:27:08.351 [info] > git config --get commit.template [53ms]
2025-07-25 20:27:08.358 [info] > git for-each-ref --format=%(refname)%00%(upstream:short)%00%(objectname)%00%(upstream:track)%00%(upstream:remotename)%00%(upstream:remoteref) refs/heads/main refs/remotes/main [8ms]
2025-07-25 20:27:08.490 [info] > git status -z -uall [61ms]
2025-07-25 20:27:08.490 [info] > git for-each-ref --sort -committerdate --format %(refname)%00%(objectname)%00%(*objectname) [10ms]
2025-07-25 20:27:13.650 [info] > git config --get commit.template [46ms]
2025-07-25 20:27:13.704 [info] > git for-each-ref --format=%(refname)%00%(upstream:short)%00%(objectname)%00%(upstream:track)%00%(upstream:remotename)%00%(upstream:remoteref) refs/heads/main refs/remotes/main [6ms]
2025-07-25 20:27:13.823 [info] > git status -z -uall [69ms]
2025-07-25 20:27:13.823 [info] > git for-each-ref --sort -committerdate --format %(refname)%00%(objectname)%00%(*objectname) [22ms]
2025-07-25 20:27:18.973 [info] > git config --get commit.template [52ms]
2025-07-25 20:27:18.977 [info] > git for-each-ref --format=%(refname)%00%(upstream:short)%00%(objectname)%00%(upstream:track)%00%(upstream:remotename)%00%(upstream:remoteref) refs/heads/main refs/remotes/main [8ms]
2025-07-25 20:27:19.088 [info] > git status -z -uall [60ms]
2025-07-25 20:27:19.090 [info] > git for-each-ref --sort -committerdate --format %(refname)%00%(objectname)%00%(*objectname) [12ms]
2025-07-25 20:27:24.262 [info] > git config --get commit.template [51ms]
2025-07-25 20:27:24.265 [info] > git for-each-ref --format=%(refname)%00%(upstream:short)%00%(objectname)%00%(upstream:track)%00%(upstream:remotename)%00%(upstream:remoteref) refs/heads/main refs/remotes/main [6ms]
2025-07-25 20:27:24.381 [info] > git status -z -uall [68ms]
2025-07-25 20:27:24.398 [info] > git for-each-ref --sort -committerdate --format %(refname)%00%(objectname)%00%(*objectname) [28ms]
2025-07-25 20:27:29.553 [info] > git config --get commit.template [54ms]
2025-07-25 20:27:29.558 [info] > git for-each-ref --format=%(refname)%00%(upstream:short)%00%(objectname)%00%(upstream:track)%00%(upstream:remotename)%00%(upstream:remoteref) refs/heads/main refs/remotes/main [7ms]
2025-07-25 20:27:29.667 [info] > git status -z -uall [63ms]
2025-07-25 20:27:29.668 [info] > git for-each-ref --sort -committerdate --format %(refname)%00%(objectname)%00%(*objectname) [9ms]
2025-07-25 20:27:34.779 [info] > git config --get commit.template [9ms]
2025-07-25 20:27:34.835 [info] > git for-each-ref --format=%(refname)%00%(upstream:short)%00%(objectname)%00%(upstream:track)%00%(upstream:remotename)%00%(upstream:remoteref) refs/heads/main refs/remotes/main [5ms]
2025-07-25 20:27:34.942 [info] > git status -z -uall [60ms]
2025-07-25 20:27:34.956 [info] > git for-each-ref --sort -committerdate --format %(refname)%00%(objectname)%00%(*objectname) [24ms]
2025-07-25 20:27:40.130 [info] > git config --get commit.template [65ms]
2025-07-25 20:27:40.137 [info] > git for-each-ref --format=%(refname)%00%(upstream:short)%00%(objectname)%00%(upstream:track)%00%(upstream:remotename)%00%(upstream:remoteref) refs/heads/main refs/remotes/main [12ms]
2025-07-25 20:27:40.261 [info] > git status -z -uall [67ms]
2025-07-25 20:27:40.262 [info] > git for-each-ref --sort -committerdate --format %(refname)%00%(objectname)%00%(*objectname) [14ms]
2025-07-25 20:27:45.607 [info] > git config --get commit.template [24ms]
2025-07-25 20:27:45.737 [info] > git for-each-ref --format=%(refname)%00%(upstream:short)%00%(objectname)%00%(upstream:track)%00%(upstream:remotename)%00%(upstream:remoteref) refs/heads/main refs/remotes/main [40ms]
2025-07-25 20:27:45.916 [info] > git status -z -uall [98ms]
2025-07-25 20:27:45.934 [info] > git for-each-ref --sort -committerdate --format %(refname)%00%(objectname)%00%(*objectname) [23ms]
2025-07-25 20:28:21.367 [info] > git config --get commit.template [13ms]
2025-07-25 20:28:21.456 [info] > git for-each-ref --format=%(refname)%00%(upstream:short)%00%(objectname)%00%(upstream:track)%00%(upstream:remotename)%00%(upstream:remoteref) refs/heads/main refs/remotes/main [9ms]
2025-07-25 20:28:21.592 [info] > git status -z -uall [78ms]
2025-07-25 20:28:21.606 [info] > git for-each-ref --sort -committerdate --format %(refname)%00%(objectname)%00%(*objectname) [32ms]
2025-07-25 20:28:43.417 [info] > git config --get commit.template [89ms]
2025-07-25 20:28:43.499 [info] > git ls-files --stage -- README.md [88ms]
2025-07-25 20:28:43.676 [info] > git for-each-ref --format=%(refname)%00%(upstream:short)%00%(objectname)%00%(upstream:track)%00%(upstream:remotename)%00%(upstream:remoteref) refs/heads/main refs/remotes/main [195ms]
2025-07-25 20:28:43.896 [info] > git status -z -uall [130ms]
2025-07-25 20:28:43.896 [info] > git for-each-ref --sort -committerdate --format %(refname)%00%(objectname)%00%(*objectname) [21ms]
2025-07-25 20:28:43.980 [info] > git cat-file -s 262426f5acdda5eb58d7138f3d3788b4550d02ac [308ms]
2025-07-25 20:28:44.684 [info] > git show --textconv :README.md [19ms]
2025-07-25 20:28:49.108 [info] > git config --get commit.template [58ms]
2025-07-25 20:28:49.112 [info] > git for-each-ref --format=%(refname)%00%(upstream:short)%00%(objectname)%00%(upstream:track)%00%(upstream:remotename)%00%(upstream:remoteref) refs/heads/main refs/remotes/main [6ms]
2025-07-25 20:28:49.228 [info] > git for-each-ref --sort -committerdate --format %(refname)%00%(objectname)%00%(*objectname) [13ms]
2025-07-25 20:28:49.232 [info] > git status -z -uall [67ms]
2025-07-25 20:28:54.388 [info] > git config --get commit.template [51ms]
2025-07-25 20:28:54.392 [info] > git for-each-ref --format=%(refname)%00%(upstream:short)%00%(objectname)%00%(upstream:track)%00%(upstream:remotename)%00%(upstream:remoteref) refs/heads/main refs/remotes/main [9ms]
2025-07-25 20:28:54.515 [info] > git status -z -uall [76ms]
2025-07-25 20:28:54.548 [info] > git for-each-ref --sort -committerdate --format %(refname)%00%(objectname)%00%(*objectname) [41ms]
2025-07-25 20:28:59.684 [info] > git config --get commit.template [6ms]
2025-07-25 20:28:59.766 [info] > git for-each-ref --format=%(refname)%00%(upstream:short)%00%(objectname)%00%(upstream:track)%00%(upstream:remotename)%00%(upstream:remoteref) refs/heads/main refs/remotes/main [11ms]
2025-07-25 20:29:00.057 [info] > git status -z -uall [204ms]
2025-07-25 20:29:00.061 [info] > git for-each-ref --sort -committerdate --format %(refname)%00%(objectname)%00%(*objectname) [38ms]
2025-07-25 20:29:05.299 [info] > git config --get commit.template [54ms]
2025-07-25 20:29:05.305 [info] > git for-each-ref --format=%(refname)%00%(upstream:short)%00%(objectname)%00%(upstream:track)%00%(upstream:remotename)%00%(upstream:remoteref) refs/heads/main refs/remotes/main [11ms]
2025-07-25 20:29:05.427 [info] > git status -z -uall [67ms]
2025-07-25 20:29:05.441 [info] > git for-each-ref --sort -committerdate --format %(refname)%00%(objectname)%00%(*objectname) [24ms]
2025-07-25 20:29:10.593 [info] > git config --get commit.template [55ms]
2025-07-25 20:29:10.597 [info] > git for-each-ref --format=%(refname)%00%(upstream:short)%00%(objectname)%00%(upstream:track)%00%(upstream:remotename)%00%(upstream:remoteref) refs/heads/main refs/remotes/main [7ms]
2025-07-25 20:29:10.710 [info] > git status -z -uall [62ms]
2025-07-25 20:29:10.730 [info] > git for-each-ref --sort -committerdate --format %(refname)%00%(objectname)%00%(*objectname) [23ms]
2025-07-25 20:29:15.838 [info] > git config --get commit.template [5ms]
2025-07-25 20:29:15.891 [info] > git for-each-ref --format=%(refname)%00%(upstream:short)%00%(objectname)%00%(upstream:track)%00%(upstream:remotename)%00%(upstream:remoteref) refs/heads/main refs/remotes/main [6ms]
2025-07-25 20:29:15.997 [info] > git status -z -uall [58ms]
2025-07-25 20:29:16.014 [info] > git for-each-ref --sort -committerdate --format %(refname)%00%(objectname)%00%(*objectname) [24ms]
2025-07-25 20:29:21.171 [info] > git config --get commit.template [52ms]
2025-07-25 20:29:21.174 [info] > git for-each-ref --format=%(refname)%00%(upstream:short)%00%(objectname)%00%(upstream:track)%00%(upstream:remotename)%00%(upstream:remoteref) refs/heads/main refs/remotes/main [5ms]
2025-07-25 20:29:21.289 [info] > git status -z -uall [68ms]
2025-07-25 20:29:21.297 [info] > git for-each-ref --sort -committerdate --format %(refname)%00%(objectname)%00%(*objectname) [23ms]
2025-07-25 20:29:26.458 [info] > git config --get commit.template [61ms]
2025-07-25 20:29:26.461 [info] > git for-each-ref --format=%(refname)%00%(upstream:short)%00%(objectname)%00%(upstream:track)%00%(upstream:remotename)%00%(upstream:remoteref) refs/heads/main refs/remotes/main [12ms]
2025-07-25 20:29:26.608 [info] > git status -z -uall [65ms]
2025-07-25 20:29:26.622 [info] > git for-each-ref --sort -committerdate --format %(refname)%00%(objectname)%00%(*objectname) [22ms]
2025-07-25 20:29:31.284 [info] > git ls-files --stage -- README.md [6ms]
2025-07-25 20:29:31.339 [info] > git cat-file -s 262426f5acdda5eb58d7138f3d3788b4550d02ac [4ms]
2025-07-25 20:29:31.404 [info] > git show --textconv :README.md [8ms]
2025-07-25 20:29:31.787 [info] > git config --get commit.template [57ms]
2025-07-25 20:29:31.792 [info] > git for-each-ref --format=%(refname)%00%(upstream:short)%00%(objectname)%00%(upstream:track)%00%(upstream:remotename)%00%(upstream:remoteref) refs/heads/main refs/remotes/main [6ms]
2025-07-25 20:29:31.895 [info] > git status -z -uall [53ms]
2025-07-25 20:29:31.911 [info] > git for-each-ref --sort -committerdate --format %(refname)%00%(objectname)%00%(*objectname) [22ms]
2025-07-25 20:29:32.799 [info] > git ls-files --stage -- README.md [7ms]
2025-07-25 20:29:32.861 [info] > git cat-file -s 262426f5acdda5eb58d7138f3d3788b4550d02ac [6ms]
2025-07-25 20:29:32.925 [info] > git show --textconv :README.md [7ms]
2025-07-25 20:29:37.065 [info] > git config --get commit.template [59ms]
2025-07-25 20:29:37.070 [info] > git for-each-ref --format=%(refname)%00%(upstream:short)%00%(objectname)%00%(upstream:track)%00%(upstream:remotename)%00%(upstream:remoteref) refs/heads/main refs/remotes/main [10ms]
2025-07-25 20:29:37.175 [info] > git status -z -uall [60ms]
2025-07-25 20:29:37.176 [info] > git for-each-ref --sort -committerdate --format %(refname)%00%(objectname)%00%(*objectname) [12ms]
2025-07-25 20:29:42.286 [info] > git config --get commit.template [5ms]
2025-07-25 20:29:42.342 [info] > git for-each-ref --format=%(refname)%00%(upstream:short)%00%(objectname)%00%(upstream:track)%00%(upstream:remotename)%00%(upstream:remoteref) refs/heads/main refs/remotes/main [6ms]
2025-07-25 20:29:42.461 [info] > git status -z -uall [69ms]
2025-07-25 20:29:42.462 [info] > git for-each-ref --sort -committerdate --format %(refname)%00%(objectname)%00%(*objectname) [9ms]
2025-07-25 20:29:47.634 [info] > git config --get commit.template [56ms]
2025-07-25 20:29:47.636 [info] > git for-each-ref --format=%(refname)%00%(upstream:short)%00%(objectname)%00%(upstream:track)%00%(upstream:remotename)%00%(upstream:remoteref) refs/heads/main refs/remotes/main [7ms]
2025-07-25 20:29:47.745 [info] > git status -z -uall [62ms]
2025-07-25 20:29:47.746 [info] > git for-each-ref --sort -committerdate --format %(refname)%00%(objectname)%00%(*objectname) [12ms]
2025-07-25 20:29:52.909 [info] > git config --get commit.template [54ms]
2025-07-25 20:29:52.912 [info] > git for-each-ref --format=%(refname)%00%(upstream:short)%00%(objectname)%00%(upstream:track)%00%(upstream:remotename)%00%(upstream:remoteref) refs/heads/main refs/remotes/main [6ms]
2025-07-25 20:29:53.026 [info] > git status -z -uall [67ms]
2025-07-25 20:29:53.041 [info] > git for-each-ref --sort -committerdate --format %(refname)%00%(objectname)%00%(*objectname) [22ms]
2025-07-25 20:29:54.275 [info] > git config --get commit.template [12ms]
2025-07-25 20:29:54.364 [info] > git for-each-ref --format=%(refname)%00%(upstream:short)%00%(objectname)%00%(upstream:track)%00%(upstream:remotename)%00%(upstream:remoteref) refs/heads/main refs/remotes/main [14ms]
2025-07-25 20:29:54.482 [info] > git status -z -uall [68ms]
2025-07-25 20:29:54.507 [info] > git for-each-ref --sort -committerdate --format %(refname)%00%(objectname)%00%(*objectname) [37ms]
2025-07-25 20:29:58.193 [info] > git config --get commit.template [65ms]
2025-07-25 20:29:58.201 [info] > git for-each-ref --format=%(refname)%00%(upstream:short)%00%(objectname)%00%(upstream:track)%00%(upstream:remotename)%00%(upstream:remoteref) refs/heads/main refs/remotes/main [13ms]
2025-07-25 20:29:58.343 [info] > git status -z -uall [89ms]
2025-07-25 20:29:58.476 [info] > git for-each-ref --sort -committerdate --format %(refname)%00%(objectname)%00%(*objectname) [162ms]
2025-07-25 20:30:03.804 [info] > git config --get commit.template [51ms]
2025-07-25 20:30:03.806 [info] > git for-each-ref --format=%(refname)%00%(upstream:short)%00%(objectname)%00%(upstream:track)%00%(upstream:remotename)%00%(upstream:remoteref) refs/heads/main refs/remotes/main [5ms]
2025-07-25 20:30:03.907 [info] > git status -z -uall [56ms]
2025-07-25 20:30:03.923 [info] > git for-each-ref --sort -committerdate --format %(refname)%00%(objectname)%00%(*objectname) [21ms]
2025-07-25 20:30:09.165 [info] > git config --get commit.template [142ms]
2025-07-25 20:30:09.167 [info] > git for-each-ref --format=%(refname)%00%(upstream:short)%00%(objectname)%00%(upstream:track)%00%(upstream:remotename)%00%(upstream:remoteref) refs/heads/main refs/remotes/main [13ms]
2025-07-25 20:30:09.429 [info] > git status -z -uall [187ms]
2025-07-25 20:30:09.473 [info] > git for-each-ref --sort -committerdate --format %(refname)%00%(objectname)%00%(*objectname) [69ms]
2025-07-25 20:30:14.655 [info] > git config --get commit.template [51ms]
2025-07-25 20:30:14.659 [info] > git for-each-ref --format=%(refname)%00%(upstream:short)%00%(objectname)%00%(upstream:track)%00%(upstream:remotename)%00%(upstream:remoteref) refs/heads/main refs/remotes/main [6ms]
2025-07-25 20:30:14.770 [info] > git status -z -uall [64ms]
2025-07-25 20:30:14.784 [info] > git for-each-ref --sort -committerdate --format %(refname)%00%(objectname)%00%(*objectname) [22ms]
2025-07-25 20:30:19.901 [info] > git config --get commit.template [7ms]
2025-07-25 20:30:19.952 [info] > git for-each-ref --format=%(refname)%00%(upstream:short)%00%(objectname)%00%(upstream:track)%00%(upstream:remotename)%00%(upstream:remoteref) refs/heads/main refs/remotes/main [5ms]
2025-07-25 20:30:20.076 [info] > git status -z -uall [68ms]
2025-07-25 20:30:20.077 [info] > git for-each-ref --sort -committerdate --format %(refname)%00%(objectname)%00%(*objectname) [10ms]
2025-07-25 20:30:25.267 [info] > git config --get commit.template [57ms]
2025-07-25 20:30:25.269 [info] > git for-each-ref --format=%(refname)%00%(upstream:short)%00%(objectname)%00%(upstream:track)%00%(upstream:remotename)%00%(upstream:remoteref) refs/heads/main refs/remotes/main [7ms]
2025-07-25 20:30:25.370 [info] > git status -z -uall [54ms]
2025-07-25 20:30:25.384 [info] > git for-each-ref --sort -committerdate --format %(refname)%00%(objectname)%00%(*objectname) [17ms]
2025-07-25 20:30:30.532 [info] > git config --get commit.template [54ms]
2025-07-25 20:30:30.536 [info] > git for-each-ref --format=%(refname)%00%(upstream:short)%00%(objectname)%00%(upstream:track)%00%(upstream:remotename)%00%(upstream:remoteref) refs/heads/main refs/remotes/main [7ms]
2025-07-25 20:30:30.636 [info] > git status -z -uall [53ms]
2025-07-25 20:30:30.649 [info] > git for-each-ref --sort -committerdate --format %(refname)%00%(objectname)%00%(*objectname) [16ms]
2025-07-25 20:30:35.798 [info] > git config --get commit.template [52ms]
2025-07-25 20:30:35.803 [info] > git for-each-ref --format=%(refname)%00%(upstream:short)%00%(objectname)%00%(upstream:track)%00%(upstream:remotename)%00%(upstream:remoteref) refs/heads/main refs/remotes/main [9ms]
2025-07-25 20:30:35.936 [info] > git status -z -uall [86ms]
2025-07-25 20:30:35.938 [info] > git for-each-ref --sort -committerdate --format %(refname)%00%(objectname)%00%(*objectname) [15ms]
2025-07-25 20:30:41.106 [info] > git config --get commit.template [57ms]
2025-07-25 20:30:41.108 [info] > git for-each-ref --format=%(refname)%00%(upstream:short)%00%(objectname)%00%(upstream:track)%00%(upstream:remotename)%00%(upstream:remoteref) refs/heads/main refs/remotes/main [5ms]
2025-07-25 20:30:41.223 [info] > git status -z -uall [65ms]
2025-07-25 20:30:41.238 [info] > git for-each-ref --sort -committerdate --format %(refname)%00%(objectname)%00%(*objectname) [23ms]
2025-07-25 20:30:46.406 [info] > git config --get commit.template [53ms]
2025-07-25 20:30:46.408 [info] > git for-each-ref --format=%(refname)%00%(upstream:short)%00%(objectname)%00%(upstream:track)%00%(upstream:remotename)%00%(upstream:remoteref) refs/heads/main refs/remotes/main [5ms]
2025-07-25 20:30:46.544 [info] > git status -z -uall [85ms]
2025-07-25 20:30:46.582 [info] > git for-each-ref --sort -committerdate --format %(refname)%00%(objectname)%00%(*objectname) [42ms]
2025-07-25 20:30:51.703 [info] > git config --get commit.template [5ms]
2025-07-25 20:30:51.762 [info] > git for-each-ref --format=%(refname)%00%(upstream:short)%00%(objectname)%00%(upstream:track)%00%(upstream:remotename)%00%(upstream:remoteref) refs/heads/main refs/remotes/main [6ms]
2025-07-25 20:30:51.878 [info] > git status -z -uall [68ms]
2025-07-25 20:30:51.890 [info] > git for-each-ref --sort -committerdate --format %(refname)%00%(objectname)%00%(*objectname) [20ms]
2025-07-25 20:30:57.029 [info] > git config --get commit.template [9ms]
2025-07-25 20:30:57.084 [info] > git for-each-ref --format=%(refname)%00%(upstream:short)%00%(objectname)%00%(upstream:track)%00%(upstream:remotename)%00%(upstream:remoteref) refs/heads/main refs/remotes/main [6ms]
2025-07-25 20:30:57.194 [info] > git status -z -uall [61ms]
2025-07-25 20:30:57.209 [info] > git for-each-ref --sort -committerdate --format %(refname)%00%(objectname)%00%(*objectname) [22ms]
2025-07-25 20:31:02.399 [info] > git config --get commit.template [14ms]
2025-07-25 20:31:02.549 [info] > git for-each-ref --format=%(refname)%00%(upstream:short)%00%(objectname)%00%(upstream:track)%00%(upstream:remotename)%00%(upstream:remoteref) refs/heads/main refs/remotes/main [26ms]
2025-07-25 20:31:02.717 [info] > git status -z -uall [108ms]
2025-07-25 20:31:02.735 [info] > git for-each-ref --sort -committerdate --format %(refname)%00%(objectname)%00%(*objectname) [23ms]
2025-07-25 20:31:07.846 [info] > git config --get commit.template [9ms]
2025-07-25 20:31:07.967 [info] > git for-each-ref --format=%(refname)%00%(upstream:short)%00%(objectname)%00%(upstream:track)%00%(upstream:remotename)%00%(upstream:remoteref) refs/heads/main refs/remotes/main [12ms]
2025-07-25 20:31:08.235 [info] > git status -z -uall [155ms]
2025-07-25 20:31:08.236 [info] > git for-each-ref --sort -committerdate --format %(refname)%00%(objectname)%00%(*objectname) [34ms]
2025-07-25 20:31:13.441 [info] > git config --get commit.template [58ms]
2025-07-25 20:31:13.450 [info] > git for-each-ref --format=%(refname)%00%(upstream:short)%00%(objectname)%00%(upstream:track)%00%(upstream:remotename)%00%(upstream:remoteref) refs/heads/main refs/remotes/main [16ms]
2025-07-25 20:31:13.694 [info] > git for-each-ref --sort -committerdate --format %(refname)%00%(objectname)%00%(*objectname) [24ms]
2025-07-25 20:31:13.718 [info] > git status -z -uall [190ms]
2025-07-25 20:31:19.057 [info] > git config --get commit.template [149ms]
2025-07-25 20:31:19.060 [info] > git for-each-ref --format=%(refname)%00%(upstream:short)%00%(objectname)%00%(upstream:track)%00%(upstream:remotename)%00%(upstream:remoteref) refs/heads/main refs/remotes/main [7ms]
2025-07-25 20:31:19.289 [info] > git status -z -uall [158ms]
2025-07-25 20:31:19.290 [info] > git for-each-ref --sort -committerdate --format %(refname)%00%(objectname)%00%(*objectname) [20ms]
2025-07-25 20:31:24.435 [info] > git config --get commit.template [4ms]
2025-07-25 20:31:24.487 [info] > git for-each-ref --format=%(refname)%00%(upstream:short)%00%(objectname)%00%(upstream:track)%00%(upstream:remotename)%00%(upstream:remoteref) refs/heads/main refs/remotes/main [5ms]
2025-07-25 20:31:24.629 [info] > git status -z -uall [93ms]
2025-07-25 20:31:24.684 [info] > git for-each-ref --sort -committerdate --format %(refname)%00%(objectname)%00%(*objectname) [75ms]
2025-07-25 20:32:16.298 [info] > git config --get commit.template [24ms]
2025-07-25 20:32:16.424 [info] > git for-each-ref --format=%(refname)%00%(upstream:short)%00%(objectname)%00%(upstream:track)%00%(upstream:remotename)%00%(upstream:remoteref) refs/heads/main refs/remotes/main [4ms]
2025-07-25 20:32:16.721 [info] > git status -z -uall [221ms]
2025-07-25 20:32:16.730 [info] > git for-each-ref --sort -committerdate --format %(refname)%00%(objectname)%00%(*objectname) [87ms]
2025-07-25 20:32:21.924 [info] > git config --get commit.template [13ms]
2025-07-25 20:32:22.152 [info] > git for-each-ref --format=%(refname)%00%(upstream:short)%00%(objectname)%00%(upstream:track)%00%(upstream:remotename)%00%(upstream:remoteref) refs/heads/main refs/remotes/main [82ms]
2025-07-25 20:32:22.399 [info] > git status -z -uall [113ms]
2025-07-25 20:32:22.557 [info] > git for-each-ref --sort -committerdate --format %(refname)%00%(objectname)%00%(*objectname) [181ms]
2025-07-25 20:32:27.121 [info] > git config --get commit.template [16ms]
2025-07-25 20:32:27.237 [info] > git for-each-ref --format=%(refname)%00%(upstream:short)%00%(objectname)%00%(upstream:track)%00%(upstream:remotename)%00%(upstream:remoteref) refs/heads/main refs/remotes/main [21ms]
2025-07-25 20:32:27.415 [info] > git status -z -uall [121ms]
2025-07-25 20:32:27.449 [info] > git for-each-ref --sort -committerdate --format %(refname)%00%(objectname)%00%(*objectname) [48ms]
2025-07-25 20:32:28.087 [info] > git config --get commit.template [54ms]
2025-07-25 20:32:28.092 [info] > git for-each-ref --format=%(refname)%00%(upstream:short)%00%(objectname)%00%(upstream:track)%00%(upstream:remotename)%00%(upstream:remoteref) refs/heads/main refs/remotes/main [7ms]
2025-07-25 20:32:28.223 [info] > git status -z -uall [78ms]
2025-07-25 20:32:28.253 [info] > git for-each-ref --sort -committerdate --format %(refname)%00%(objectname)%00%(*objectname) [35ms]
2025-07-25 20:32:33.417 [info] > git config --get commit.template [53ms]
2025-07-25 20:32:33.420 [info] > git for-each-ref --format=%(refname)%00%(upstream:short)%00%(objectname)%00%(upstream:track)%00%(upstream:remotename)%00%(upstream:remoteref) refs/heads/main refs/remotes/main [5ms]
2025-07-25 20:32:33.531 [info] > git status -z -uall [64ms]
2025-07-25 20:32:33.532 [info] > git for-each-ref --sort -committerdate --format %(refname)%00%(objectname)%00%(*objectname) [10ms]
2025-07-25 20:32:38.686 [info] > git config --get commit.template [51ms]
2025-07-25 20:32:38.688 [info] > git for-each-ref --format=%(refname)%00%(upstream:short)%00%(objectname)%00%(upstream:track)%00%(upstream:remotename)%00%(upstream:remoteref) refs/heads/main refs/remotes/main [5ms]
2025-07-25 20:32:38.791 [info] > git status -z -uall [55ms]
2025-07-25 20:32:38.807 [info] > git for-each-ref --sort -committerdate --format %(refname)%00%(objectname)%00%(*objectname) [19ms]
2025-07-25 20:32:43.953 [info] > git config --get commit.template [51ms]
2025-07-25 20:32:43.957 [info] > git for-each-ref --format=%(refname)%00%(upstream:short)%00%(objectname)%00%(upstream:track)%00%(upstream:remotename)%00%(upstream:remoteref) refs/heads/main refs/remotes/main [6ms]
2025-07-25 20:32:44.058 [info] > git status -z -uall [58ms]
2025-07-25 20:32:44.059 [info] > git for-each-ref --sort -committerdate --format %(refname)%00%(objectname)%00%(*objectname) [12ms]
2025-07-25 20:32:49.212 [info] > git config --get commit.template [52ms]
2025-07-25 20:32:49.215 [info] > git for-each-ref --format=%(refname)%00%(upstream:short)%00%(objectname)%00%(upstream:track)%00%(upstream:remotename)%00%(upstream:remoteref) refs/heads/main refs/remotes/main [5ms]
2025-07-25 20:32:49.320 [info] > git status -z -uall [57ms]
2025-07-25 20:32:49.335 [info] > git for-each-ref --sort -committerdate --format %(refname)%00%(objectname)%00%(*objectname) [24ms]
2025-07-25 20:32:54.628 [info] > git config --get commit.template [18ms]
2025-07-25 20:32:54.815 [info] > git for-each-ref --format=%(refname)%00%(upstream:short)%00%(objectname)%00%(upstream:track)%00%(upstream:remotename)%00%(upstream:remoteref) refs/heads/main refs/remotes/main [20ms]
2025-07-25 20:32:55.049 [info] > git status -z -uall [179ms]
2025-07-25 20:32:55.049 [info] > git for-each-ref --sort -committerdate --format %(refname)%00%(objectname)%00%(*objectname) [14ms]
2025-07-25 20:32:55.808 [info] > git ls-files --stage -- README.md [7ms]
2025-07-25 20:32:55.869 [info] > git cat-file -s 262426f5acdda5eb58d7138f3d3788b4550d02ac [11ms]
2025-07-25 20:32:55.963 [info] > git show --textconv :README.md [8ms]
2025-07-25 20:32:57.452 [info] > git ls-files --stage -- README.md [5ms]
2025-07-25 20:32:57.505 [info] > git cat-file -s 262426f5acdda5eb58d7138f3d3788b4550d02ac [5ms]
2025-07-25 20:32:57.568 [info] > git show --textconv :README.md [8ms]
2025-07-25 20:33:00.213 [info] > git config --get commit.template [57ms]
2025-07-25 20:33:00.215 [info] > git for-each-ref --format=%(refname)%00%(upstream:short)%00%(objectname)%00%(upstream:track)%00%(upstream:remotename)%00%(upstream:remoteref) refs/heads/main refs/remotes/main [8ms]
2025-07-25 20:33:00.328 [info] > git status -z -uall [65ms]
2025-07-25 20:33:00.328 [info] > git for-each-ref --sort -committerdate --format %(refname)%00%(objectname)%00%(*objectname) [13ms]
2025-07-25 20:33:05.487 [info] > git config --get commit.template [51ms]
2025-07-25 20:33:05.489 [info] > git for-each-ref --format=%(refname)%00%(upstream:short)%00%(objectname)%00%(upstream:track)%00%(upstream:remotename)%00%(upstream:remoteref) refs/heads/main refs/remotes/main [5ms]
2025-07-25 20:33:05.589 [info] > git status -z -uall [55ms]
2025-07-25 20:33:05.606 [info] > git for-each-ref --sort -committerdate --format %(refname)%00%(objectname)%00%(*objectname) [20ms]
2025-07-25 20:33:10.748 [info] > git config --get commit.template [55ms]
2025-07-25 20:33:10.751 [info] > git for-each-ref --format=%(refname)%00%(upstream:short)%00%(objectname)%00%(upstream:track)%00%(upstream:remotename)%00%(upstream:remoteref) refs/heads/main refs/remotes/main [6ms]
2025-07-25 20:33:10.851 [info] > git status -z -uall [54ms]
2025-07-25 20:33:10.870 [info] > git for-each-ref --sort -committerdate --format %(refname)%00%(objectname)%00%(*objectname) [22ms]
2025-07-25 20:33:16.029 [info] > git config --get commit.template [64ms]
2025-07-25 20:33:16.031 [info] > git for-each-ref --format=%(refname)%00%(upstream:short)%00%(objectname)%00%(upstream:track)%00%(upstream:remotename)%00%(upstream:remoteref) refs/heads/main refs/remotes/main [11ms]
2025-07-25 20:33:16.169 [info] > git status -z -uall [85ms]
2025-07-25 20:33:16.190 [info] > git for-each-ref --sort -committerdate --format %(refname)%00%(objectname)%00%(*objectname) [28ms]
2025-07-25 20:33:21.463 [info] > git config --get commit.template [158ms]
2025-07-25 20:33:21.470 [info] > git for-each-ref --format=%(refname)%00%(upstream:short)%00%(objectname)%00%(upstream:track)%00%(upstream:remotename)%00%(upstream:remoteref) refs/heads/main refs/remotes/main [18ms]
2025-07-25 20:33:21.658 [info] > git status -z -uall [95ms]
2025-07-25 20:33:21.688 [info] > git for-each-ref --sort -committerdate --format %(refname)%00%(objectname)%00%(*objectname) [35ms]
2025-07-25 20:33:21.801 [info] > git config --get commit.template [18ms]
2025-07-25 20:33:22.283 [info] > git for-each-ref --format=%(refname)%00%(upstream:short)%00%(objectname)%00%(upstream:track)%00%(upstream:remotename)%00%(upstream:remoteref) refs/heads/main refs/remotes/main [17ms]
2025-07-25 20:33:22.443 [info] > git status -z -uall [99ms]
2025-07-25 20:33:22.467 [info] > git for-each-ref --sort -committerdate --format %(refname)%00%(objectname)%00%(*objectname) [32ms]
2025-07-25 20:34:39.624 [info] > git config --get commit.template [16ms]
2025-07-25 20:34:39.702 [info] > git for-each-ref --format=%(refname)%00%(upstream:short)%00%(objectname)%00%(upstream:track)%00%(upstream:remotename)%00%(upstream:remoteref) refs/heads/main refs/remotes/main [13ms]
2025-07-25 20:34:39.935 [info] > git status -z -uall [141ms]
2025-07-25 20:34:39.937 [info] > git for-each-ref --sort -committerdate --format %(refname)%00%(objectname)%00%(*objectname) [45ms]
2025-07-25 20:34:45.120 [info] > git config --get commit.template [56ms]
2025-07-25 20:34:45.124 [info] > git for-each-ref --format=%(refname)%00%(upstream:short)%00%(objectname)%00%(upstream:track)%00%(upstream:remotename)%00%(upstream:remoteref) refs/heads/main refs/remotes/main [7ms]
2025-07-25 20:34:45.226 [info] > git status -z -uall [55ms]
2025-07-25 20:34:45.242 [info] > git for-each-ref --sort -committerdate --format %(refname)%00%(objectname)%00%(*objectname) [20ms]
2025-07-25 20:34:50.391 [info] > git config --get commit.template [56ms]
2025-07-25 20:34:50.394 [info] > git for-each-ref --format=%(refname)%00%(upstream:short)%00%(objectname)%00%(upstream:track)%00%(upstream:remotename)%00%(upstream:remoteref) refs/heads/main refs/remotes/main [6ms]
2025-07-25 20:34:50.503 [info] > git status -z -uall [62ms]
2025-07-25 20:34:50.518 [info] > git for-each-ref --sort -committerdate --format %(refname)%00%(objectname)%00%(*objectname) [22ms]
2025-07-25 20:34:55.698 [info] > git config --get commit.template [77ms]
2025-07-25 20:34:55.705 [info] > git for-each-ref --format=%(refname)%00%(upstream:short)%00%(objectname)%00%(upstream:track)%00%(upstream:remotename)%00%(upstream:remoteref) refs/heads/main refs/remotes/main [22ms]
2025-07-25 20:34:55.819 [info] > git status -z -uall [67ms]
2025-07-25 20:34:55.840 [info] > git for-each-ref --sort -committerdate --format %(refname)%00%(objectname)%00%(*objectname) [26ms]
2025-07-25 20:35:01.280 [info] > git config --get commit.template [70ms]
2025-07-25 20:35:01.294 [info] > git for-each-ref --format=%(refname)%00%(upstream:short)%00%(objectname)%00%(upstream:track)%00%(upstream:remotename)%00%(upstream:remoteref) refs/heads/main refs/remotes/main [18ms]
2025-07-25 20:35:01.516 [info] > git status -z -uall [157ms]
2025-07-25 20:35:01.537 [info] > git for-each-ref --sort -committerdate --format %(refname)%00%(objectname)%00%(*objectname) [32ms]
2025-07-25 20:35:06.907 [info] > git config --get commit.template [8ms]
2025-07-25 20:35:06.993 [info] > git for-each-ref --format=%(refname)%00%(upstream:short)%00%(objectname)%00%(upstream:track)%00%(upstream:remotename)%00%(upstream:remoteref) refs/heads/main refs/remotes/main [14ms]
2025-07-25 20:35:07.207 [info] > git status -z -uall [149ms]
2025-07-25 20:35:07.245 [info] > git for-each-ref --sort -committerdate --format %(refname)%00%(objectname)%00%(*objectname) [46ms]
2025-07-25 20:35:12.353 [info] > git config --get commit.template [5ms]
2025-07-25 20:35:12.408 [info] > git for-each-ref --format=%(refname)%00%(upstream:short)%00%(objectname)%00%(upstream:track)%00%(upstream:remotename)%00%(upstream:remoteref) refs/heads/main refs/remotes/main [7ms]
2025-07-25 20:35:12.513 [info] > git status -z -uall [60ms]
2025-07-25 20:35:12.530 [info] > git for-each-ref --sort -committerdate --format %(refname)%00%(objectname)%00%(*objectname) [22ms]
2025-07-25 20:35:18.805 [info] > git config --get commit.template [7ms]
2025-07-25 20:35:18.875 [info] > git for-each-ref --format=%(refname)%00%(upstream:short)%00%(objectname)%00%(upstream:track)%00%(upstream:remotename)%00%(upstream:remoteref) refs/heads/main refs/remotes/main [15ms]
2025-07-25 20:35:19.057 [info] > git status -z -uall [98ms]
2025-07-25 20:35:19.058 [info] > git for-each-ref --sort -committerdate --format %(refname)%00%(objectname)%00%(*objectname) [19ms]
2025-07-25 20:35:24.362 [info] > git config --get commit.template [82ms]
2025-07-25 20:35:24.369 [info] > git for-each-ref --format=%(refname)%00%(upstream:short)%00%(objectname)%00%(upstream:track)%00%(upstream:remotename)%00%(upstream:remoteref) refs/heads/main refs/remotes/main [12ms]
2025-07-25 20:35:24.477 [info] > git status -z -uall [62ms]
2025-07-25 20:35:24.495 [info] > git for-each-ref --sort -committerdate --format %(refname)%00%(objectname)%00%(*objectname) [24ms]
2025-07-25 20:35:30.087 [info] > git config --get commit.template [12ms]
2025-07-25 20:35:30.163 [info] > git for-each-ref --format=%(refname)%00%(upstream:short)%00%(objectname)%00%(upstream:track)%00%(upstream:remotename)%00%(upstream:remoteref) refs/heads/main refs/remotes/main [7ms]
2025-07-25 20:35:30.377 [info] > git status -z -uall [160ms]
2025-07-25 20:35:30.379 [info] > git for-each-ref --sort -committerdate --format %(refname)%00%(objectname)%00%(*objectname) [38ms]
2025-07-25 20:35:35.554 [info] > git config --get commit.template [54ms]
2025-07-25 20:35:35.558 [info] > git for-each-ref --format=%(refname)%00%(upstream:short)%00%(objectname)%00%(upstream:track)%00%(upstream:remotename)%00%(upstream:remoteref) refs/heads/main refs/remotes/main [7ms]
2025-07-25 20:35:35.670 [info] > git status -z -uall [61ms]
2025-07-25 20:35:35.680 [info] > git for-each-ref --sort -committerdate --format %(refname)%00%(objectname)%00%(*objectname) [18ms]
2025-07-25 20:35:43.746 [info] > git config --get commit.template [6ms]
2025-07-25 20:35:43.814 [info] > git for-each-ref --format=%(refname)%00%(upstream:short)%00%(objectname)%00%(upstream:track)%00%(upstream:remotename)%00%(upstream:remoteref) refs/heads/main refs/remotes/main [11ms]
2025-07-25 20:35:44.078 [info] > git status -z -uall [173ms]
2025-07-25 20:35:44.117 [info] > git for-each-ref --sort -committerdate --format %(refname)%00%(objectname)%00%(*objectname) [48ms]
2025-07-25 20:35:46.157 [info] > git ls-files --stage -- README.md [6ms]
2025-07-25 20:35:46.211 [info] > git cat-file -s 262426f5acdda5eb58d7138f3d3788b4550d02ac [5ms]
2025-07-25 20:35:46.276 [info] > git show --textconv :README.md [7ms]
2025-07-25 20:35:49.293 [info] > git config --get commit.template [59ms]
2025-07-25 20:35:49.296 [info] > git for-each-ref --format=%(refname)%00%(upstream:short)%00%(objectname)%00%(upstream:track)%00%(upstream:remotename)%00%(upstream:remoteref) refs/heads/main refs/remotes/main [4ms]
2025-07-25 20:35:49.415 [info] > git status -z -uall [66ms]
2025-07-25 20:35:49.431 [info] > git for-each-ref --sort -committerdate --format %(refname)%00%(objectname)%00%(*objectname) [28ms]
2025-07-25 20:35:54.528 [info] > git config --get commit.template [4ms]
2025-07-25 20:35:54.589 [info] > git for-each-ref --format=%(refname)%00%(upstream:short)%00%(objectname)%00%(upstream:track)%00%(upstream:remotename)%00%(upstream:remoteref) refs/heads/main refs/remotes/main [7ms]
2025-07-25 20:35:54.703 [info] > git status -z -uall [63ms]
2025-07-25 20:35:54.716 [info] > git for-each-ref --sort -committerdate --format %(refname)%00%(objectname)%00%(*objectname) [20ms]
2025-07-25 20:35:59.884 [info] > git config --get commit.template [76ms]
2025-07-25 20:35:59.895 [info] > git for-each-ref --format=%(refname)%00%(upstream:short)%00%(objectname)%00%(upstream:track)%00%(upstream:remotename)%00%(upstream:remoteref) refs/heads/main refs/remotes/main [22ms]
2025-07-25 20:36:00.019 [info] > git status -z -uall [67ms]
2025-07-25 20:36:00.034 [info] > git for-each-ref --sort -committerdate --format %(refname)%00%(objectname)%00%(*objectname) [24ms]
2025-07-25 20:36:05.190 [info] > git config --get commit.template [66ms]
2025-07-25 20:36:05.198 [info] > git for-each-ref --format=%(refname)%00%(upstream:short)%00%(objectname)%00%(upstream:track)%00%(upstream:remotename)%00%(upstream:remoteref) refs/heads/main refs/remotes/main [10ms]
2025-07-25 20:36:05.300 [info] > git status -z -uall [55ms]
2025-07-25 20:36:05.315 [info] > git for-each-ref --sort -committerdate --format %(refname)%00%(objectname)%00%(*objectname) [20ms]
2025-07-25 20:36:10.459 [info] > git config --get commit.template [56ms]
2025-07-25 20:36:10.462 [info] > git for-each-ref --format=%(refname)%00%(upstream:short)%00%(objectname)%00%(upstream:track)%00%(upstream:remotename)%00%(upstream:remoteref) refs/heads/main refs/remotes/main [7ms]
2025-07-25 20:36:10.566 [info] > git status -z -uall [57ms]
2025-07-25 20:36:10.567 [info] > git for-each-ref --sort -committerdate --format %(refname)%00%(objectname)%00%(*objectname) [11ms]
2025-07-25 20:36:12.427 [info] > git ls-files --stage -- README.md [5ms]
2025-07-25 20:36:12.481 [info] > git cat-file -s 262426f5acdda5eb58d7138f3d3788b4550d02ac [6ms]
2025-07-25 20:36:12.542 [info] > git show --textconv :README.md [6ms]
2025-07-25 20:36:15.716 [info] > git config --get commit.template [48ms]
2025-07-25 20:36:15.720 [info] > git for-each-ref --format=%(refname)%00%(upstream:short)%00%(objectname)%00%(upstream:track)%00%(upstream:remotename)%00%(upstream:remoteref) refs/heads/main refs/remotes/main [6ms]
2025-07-25 20:36:15.820 [info] > git status -z -uall [54ms]
2025-07-25 20:36:15.831 [info] > git for-each-ref --sort -committerdate --format %(refname)%00%(objectname)%00%(*objectname) [18ms]
2025-07-25 20:36:37.977 [info] > git config --get commit.template [121ms]
2025-07-25 20:36:37.987 [info] > git for-each-ref --format=%(refname)%00%(upstream:short)%00%(objectname)%00%(upstream:track)%00%(upstream:remotename)%00%(upstream:remoteref) refs/heads/main refs/remotes/main [19ms]
2025-07-25 20:36:38.342 [info] > git for-each-ref --sort -committerdate --format %(refname)%00%(objectname)%00%(*objectname) [9ms]
2025-07-25 20:36:38.390 [info] > git status -z -uall [235ms]
2025-07-25 20:36:43.640 [info] > git config --get commit.template [49ms]
2025-07-25 20:36:43.644 [info] > git for-each-ref --format=%(refname)%00%(upstream:short)%00%(objectname)%00%(upstream:track)%00%(upstream:remotename)%00%(upstream:remoteref) refs/heads/main refs/remotes/main [7ms]
2025-07-25 20:36:43.764 [info] > git status -z -uall [72ms]
2025-07-25 20:36:43.780 [info] > git for-each-ref --sort -committerdate --format %(refname)%00%(objectname)%00%(*objectname) [21ms]
2025-07-25 20:36:48.930 [info] > git config --get commit.template [53ms]
2025-07-25 20:36:48.933 [info] > git for-each-ref --format=%(refname)%00%(upstream:short)%00%(objectname)%00%(upstream:track)%00%(upstream:remotename)%00%(upstream:remoteref) refs/heads/main refs/remotes/main [7ms]
2025-07-25 20:36:49.035 [info] > git status -z -uall [56ms]
2025-07-25 20:36:49.050 [info] > git for-each-ref --sort -committerdate --format %(refname)%00%(objectname)%00%(*objectname) [19ms]
2025-07-25 20:36:54.195 [info] > git config --get commit.template [54ms]
2025-07-25 20:36:54.199 [info] > git for-each-ref --format=%(refname)%00%(upstream:short)%00%(objectname)%00%(upstream:track)%00%(upstream:remotename)%00%(upstream:remoteref) refs/heads/main refs/remotes/main [7ms]
2025-07-25 20:36:54.331 [info] > git status -z -uall [85ms]
2025-07-25 20:36:54.351 [info] > git for-each-ref --sort -committerdate --format %(refname)%00%(objectname)%00%(*objectname) [23ms]
2025-07-25 20:36:59.490 [info] > git config --get commit.template [59ms]
2025-07-25 20:36:59.493 [info] > git for-each-ref --format=%(refname)%00%(upstream:short)%00%(objectname)%00%(upstream:track)%00%(upstream:remotename)%00%(upstream:remoteref) refs/heads/main refs/remotes/main [5ms]
2025-07-25 20:36:59.601 [info] > git status -z -uall [62ms]
2025-07-25 20:36:59.616 [info] > git for-each-ref --sort -committerdate --format %(refname)%00%(objectname)%00%(*objectname) [18ms]
2025-07-25 20:37:04.763 [info] > git config --get commit.template [57ms]
2025-07-25 20:37:04.781 [info] > git for-each-ref --format=%(refname)%00%(upstream:short)%00%(objectname)%00%(upstream:track)%00%(upstream:remotename)%00%(upstream:remoteref) refs/heads/main refs/remotes/main [25ms]
2025-07-25 20:37:04.930 [info] > git for-each-ref --sort -committerdate --format %(refname)%00%(objectname)%00%(*objectname) [20ms]
2025-07-25 20:37:04.946 [info] > git status -z -uall [113ms]
2025-07-25 20:37:10.395 [info] > git config --get commit.template [55ms]
2025-07-25 20:37:10.400 [info] > git for-each-ref --format=%(refname)%00%(upstream:short)%00%(objectname)%00%(upstream:track)%00%(upstream:remotename)%00%(upstream:remoteref) refs/heads/main refs/remotes/main [8ms]
2025-07-25 20:37:10.528 [info] > git status -z -uall [80ms]
2025-07-25 20:37:10.541 [info] > git for-each-ref --sort -committerdate --format %(refname)%00%(objectname)%00%(*objectname) [28ms]
2025-07-25 20:37:15.702 [info] > git config --get commit.template [62ms]
2025-07-25 20:37:15.710 [info] > git for-each-ref --format=%(refname)%00%(upstream:short)%00%(objectname)%00%(upstream:track)%00%(upstream:remotename)%00%(upstream:remoteref) refs/heads/main refs/remotes/main [13ms]
2025-07-25 20:37:15.853 [info] > git status -z -uall [79ms]
2025-07-25 20:37:15.870 [info] > git for-each-ref --sort -committerdate --format %(refname)%00%(objectname)%00%(*objectname) [21ms]
2025-07-25 20:37:21.002 [info] > git config --get commit.template [51ms]
2025-07-25 20:37:21.006 [info] > git for-each-ref --format=%(refname)%00%(upstream:short)%00%(objectname)%00%(upstream:track)%00%(upstream:remotename)%00%(upstream:remoteref) refs/heads/main refs/remotes/main [6ms]
2025-07-25 20:37:21.114 [info] > git status -z -uall [59ms]
2025-07-25 20:37:21.114 [info] > git for-each-ref --sort -committerdate --format %(refname)%00%(objectname)%00%(*objectname) [12ms]
2025-07-25 20:37:26.224 [info] > git config --get commit.template [6ms]
2025-07-25 20:37:26.340 [info] > git for-each-ref --format=%(refname)%00%(upstream:short)%00%(objectname)%00%(upstream:track)%00%(upstream:remotename)%00%(upstream:remoteref) refs/heads/main refs/remotes/main [21ms]
2025-07-25 20:37:26.562 [info] > git status -z -uall [155ms]
2025-07-25 20:37:26.598 [info] > git for-each-ref --sort -committerdate --format %(refname)%00%(objectname)%00%(*objectname) [58ms]
