2025-07-23 21:08:16.485 [info] Reading sessions from keychain...
2025-07-23 21:08:16.485 [info] Getting sessions for all scopes...
2025-07-23 21:08:16.485 [info] Getting sessions for all scopes...
2025-07-23 21:08:16.485 [info] Getting sessions for all scopes...
2025-07-23 21:08:16.485 [info] Getting sessions for all scopes...
2025-07-23 21:08:16.485 [info] Getting sessions for all scopes...
2025-07-23 21:08:16.485 [info] Getting sessions for all scopes...
2025-07-23 21:08:16.485 [info] Getting sessions for all scopes...
2025-07-23 21:08:16.485 [info] Getting sessions for all scopes...
2025-07-23 21:08:16.485 [info] Got stored sessions!
2025-07-23 21:08:16.485 [info] Got 1 verified sessions.
2025-07-23 21:08:16.485 [info] Got 1 sessions for ...
2025-07-23 21:08:16.485 [info] Got 1 sessions for ...
2025-07-23 21:08:16.485 [info] Got 1 sessions for ...
2025-07-23 21:08:16.485 [info] Got 1 sessions for ...
2025-07-23 21:08:16.485 [info] Got 1 sessions for ...
2025-07-23 21:08:16.485 [info] Got 1 sessions for ...
2025-07-23 21:08:16.485 [info] Got 1 sessions for ...
2025-07-23 21:08:16.485 [info] Got 1 sessions for ...
2025-07-23 21:08:16.485 [info] Getting sessions for all scopes...
2025-07-23 21:08:16.485 [info] Got 1 sessions for ...
2025-07-23 21:08:16.485 [info] Getting sessions for all scopes...
2025-07-23 21:08:16.485 [info] Got 1 sessions for ...
2025-07-23 21:08:16.485 [info] Getting sessions for all scopes...
2025-07-23 21:08:16.485 [info] Got 1 sessions for ...
2025-07-23 21:08:16.485 [info] Getting sessions for all scopes...
2025-07-23 21:08:16.485 [info] Got 1 sessions for ...
2025-07-23 21:08:16.485 [info] Getting sessions for all scopes...
2025-07-23 21:08:16.485 [info] Got 1 sessions for ...
2025-07-23 21:08:16.485 [info] Getting sessions for all scopes...
2025-07-23 21:08:16.485 [info] Got 1 sessions for ...
2025-07-23 21:08:16.485 [info] Getting sessions for all scopes...
2025-07-23 21:08:16.486 [info] Got 1 sessions for ...
2025-07-23 21:08:16.486 [info] Getting sessions for all scopes...
2025-07-23 21:08:16.486 [info] Got 1 sessions for ...
2025-07-23 21:08:16.486 [info] Getting sessions for all scopes...
2025-07-23 21:08:16.486 [info] Got 1 sessions for ...
2025-07-23 21:08:16.486 [info] Getting sessions for all scopes...
2025-07-23 21:08:16.486 [info] Got 1 sessions for ...
2025-07-23 21:08:16.486 [info] Getting sessions for read:user,repo,user:email,workflow...
2025-07-23 21:08:16.486 [info] Got 0 sessions for read:user,repo,user:email,workflow...
2025-07-23 21:08:16.486 [info] Getting sessions for all scopes...
2025-07-23 21:08:16.486 [info] Got 1 sessions for ...
2025-07-23 21:08:16.958 [info] Getting sessions for all scopes...
2025-07-23 21:08:16.959 [info] Got 1 sessions for ...
2025-07-23 21:08:16.978 [info] Getting sessions for read:user,repo,user:email,workflow...
2025-07-23 21:08:16.978 [info] Got 0 sessions for read:user,repo,user:email,workflow...
2025-07-23 21:08:17.577 [info] Getting sessions for user:email...
2025-07-23 21:08:17.586 [info] Got 1 sessions for user:email...
2025-07-23 21:08:17.603 [info] Getting sessions for read:user,repo,user:email,workflow...
2025-07-23 21:08:17.604 [info] Got 0 sessions for read:user,repo,user:email,workflow...
2025-07-23 21:08:18.249 [info] Getting sessions for read:user...
2025-07-23 21:08:18.249 [info] Got 0 sessions for read:user...
2025-07-23 21:08:19.811 [info] Getting sessions for all scopes...
2025-07-23 21:08:19.812 [info] Got 1 sessions for ...
2025-07-23 21:08:19.813 [info] Getting sessions for all scopes...
2025-07-23 21:08:19.816 [info] Got 1 sessions for ...
2025-07-23 21:08:20.118 [info] Getting sessions for user:email...
2025-07-23 21:08:20.119 [info] Got 1 sessions for user:email...
2025-07-23 21:08:20.574 [info] Getting sessions for read:user,repo,user:email,workflow...
2025-07-23 21:08:20.575 [info] Got 0 sessions for read:user,repo,user:email,workflow...
2025-07-23 21:08:20.612 [info] Getting sessions for user:email...
2025-07-23 21:08:20.612 [info] Got 1 sessions for user:email...
2025-07-23 21:08:36.072 [info] Getting sessions for all scopes...
2025-07-23 21:08:36.072 [info] Got 1 sessions for ...
2025-07-23 21:08:36.074 [info] Getting sessions for all scopes...
2025-07-23 21:08:36.074 [info] Got 1 sessions for ...
2025-07-23 21:08:36.085 [info] Getting sessions for read:user,repo,user:email,workflow...
2025-07-23 21:08:36.085 [info] Got 0 sessions for read:user,repo,user:email,workflow...
2025-07-23 21:08:36.094 [info] Getting sessions for user:email...
2025-07-23 21:08:36.095 [info] Got 1 sessions for user:email...
2025-07-23 21:08:36.097 [info] Getting sessions for read:user,repo,user:email,workflow...
2025-07-23 21:08:36.097 [info] Got 0 sessions for read:user,repo,user:email,workflow...
2025-07-23 21:08:36.210 [info] Getting sessions for all scopes...
2025-07-23 21:08:36.235 [info] Got 1 sessions for ...
2025-07-23 21:08:36.343 [info] Getting sessions for read:user,repo,user:email,workflow...
2025-07-23 21:08:36.343 [info] Got 0 sessions for read:user,repo,user:email,workflow...
2025-07-23 21:08:36.960 [info] Getting sessions for user:email...
2025-07-23 21:08:36.960 [info] Got 1 sessions for user:email...
2025-07-23 21:08:38.052 [info] Getting sessions for all scopes...
2025-07-23 21:08:38.052 [info] Got 1 sessions for ...
2025-07-23 21:08:38.069 [info] Getting sessions for all scopes...
2025-07-23 21:08:38.069 [info] Got 1 sessions for ...
2025-07-23 21:08:38.103 [info] Getting sessions for read:user,repo,user:email,workflow...
2025-07-23 21:08:38.103 [info] Got 0 sessions for read:user,repo,user:email,workflow...
2025-07-23 21:08:38.124 [info] Getting sessions for user:email...
2025-07-23 21:08:38.124 [info] Got 1 sessions for user:email...
2025-07-23 21:08:38.128 [info] Getting sessions for read:user,repo,user:email,workflow...
2025-07-23 21:08:38.128 [info] Got 0 sessions for read:user,repo,user:email,workflow...
2025-07-23 21:08:38.182 [info] Getting sessions for all scopes...
2025-07-23 21:08:38.183 [info] Got 1 sessions for ...
2025-07-23 21:08:38.210 [info] Getting sessions for all scopes...
2025-07-23 21:08:38.214 [info] Got 1 sessions for ...
2025-07-23 21:08:38.226 [info] Getting sessions for all scopes...
2025-07-23 21:08:38.226 [info] Got 1 sessions for ...
2025-07-23 21:08:38.258 [info] Getting sessions for read:user,repo,user:email,workflow...
2025-07-23 21:08:38.258 [info] Got 0 sessions for read:user,repo,user:email,workflow...
2025-07-23 21:08:38.280 [info] Getting sessions for user:email...
2025-07-23 21:08:38.280 [info] Got 1 sessions for user:email...
2025-07-23 21:08:42.141 [info] Getting sessions for all scopes...
2025-07-23 21:08:42.141 [info] Got 1 sessions for ...
2025-07-23 21:08:42.155 [info] Getting sessions for read:user,repo,user:email,workflow...
2025-07-23 21:08:42.155 [info] Got 0 sessions for read:user,repo,user:email,workflow...
2025-07-23 21:08:42.164 [info] Getting sessions for user:email...
2025-07-23 21:08:42.164 [info] Got 1 sessions for user:email...
2025-07-23 21:16:59.442 [info] Getting sessions for read:user,repo,user:email,workflow...
2025-07-23 21:16:59.442 [info] Got 0 sessions for read:user,repo,user:email,workflow...
2025-07-23 21:16:59.480 [info] Getting sessions for all scopes...
2025-07-23 21:16:59.480 [info] Got 1 sessions for ...
2025-07-23 21:16:59.560 [info] Getting sessions for read:user,repo,user:email,workflow...
2025-07-23 21:16:59.560 [info] Got 0 sessions for read:user,repo,user:email,workflow...
2025-07-23 21:16:59.588 [info] Getting sessions for read:user,repo,user:email,workflow...
2025-07-23 21:16:59.588 [info] Got 0 sessions for read:user,repo,user:email,workflow...
2025-07-23 21:16:59.620 [info] Getting sessions for all scopes...
2025-07-23 21:16:59.620 [info] Got 1 sessions for ...
2025-07-23 21:16:59.664 [info] Getting sessions for read:user,repo,user:email,workflow...
2025-07-23 21:16:59.667 [info] Got 0 sessions for read:user,repo,user:email,workflow...
2025-07-23 21:16:59.748 [info] Getting sessions for user:email...
2025-07-23 21:16:59.748 [info] Got 1 sessions for user:email...
2025-07-23 21:17:00.483 [info] Getting sessions for read:user,repo,user:email,workflow...
2025-07-23 21:17:00.484 [info] Got 0 sessions for read:user,repo,user:email,workflow...
2025-07-23 21:17:04.652 [info] Logging in with 'any' account...
2025-07-23 21:17:04.652 [info] Logging in for the following scopes: read:user repo user:email workflow
2025-07-23 21:17:04.890 [info] Trying without local server... (read:user repo user:email workflow)
2025-07-23 21:17:35.443 [info] Exchanging code for token...
2025-07-23 21:17:36.276 [info] Token exchange success!
2025-07-23 21:17:36.282 [info] Getting user info...
2025-07-23 21:17:37.112 [info] Got account info!
2025-07-23 21:17:37.120 [info] Storing 2 sessions...
2025-07-23 21:17:37.138 [info] Reading sessions from keychain...
2025-07-23 21:17:37.140 [info] Stored 2 sessions!
2025-07-23 21:17:37.145 [info] Login success!
2025-07-23 21:17:37.151 [info] Got stored sessions!
2025-07-23 21:17:37.152 [info] Got 2 verified sessions.
2025-07-23 21:17:37.153 [info] Getting sessions for all scopes...
2025-07-23 21:17:37.153 [info] Got 2 sessions for ...
2025-07-23 21:17:37.167 [info] Getting sessions for all scopes...
2025-07-23 21:17:37.167 [info] Got 2 sessions for ...
2025-07-23 21:17:37.170 [info] Getting sessions for all scopes...
2025-07-23 21:17:37.171 [info] Got 2 sessions for ...
2025-07-23 21:17:37.187 [info] Getting sessions for all scopes...
2025-07-23 21:17:37.187 [info] Got 2 sessions for ...
2025-07-23 21:17:37.201 [info] Getting sessions for all scopes...
2025-07-23 21:17:37.201 [info] Got 1 sessions for ...
2025-07-23 21:17:37.208 [info] Getting sessions for all scopes...
2025-07-23 21:17:37.208 [info] Got 1 sessions for ...
2025-07-23 21:17:37.240 [info] Getting sessions for all scopes...
2025-07-23 21:17:37.241 [info] Got 2 sessions for ...
2025-07-23 21:17:37.245 [info] Getting sessions for all scopes...
2025-07-23 21:17:37.246 [info] Got 2 sessions for ...
2025-07-23 21:17:37.248 [info] Getting sessions for read:user,repo,user:email,workflow...
2025-07-23 21:17:37.249 [info] Got 1 sessions for read:user,repo,user:email,workflow...
2025-07-23 21:17:37.258 [info] Getting sessions for read:user,repo,user:email,workflow...
2025-07-23 21:17:37.263 [info] Got 1 sessions for read:user,repo,user:email,workflow...
2025-07-23 21:17:37.520 [info] Getting sessions for read:user,repo,user:email,workflow...
2025-07-23 21:17:37.521 [info] Got 1 sessions for read:user,repo,user:email,workflow...
2025-07-23 21:17:37.525 [info] Getting sessions for read:user...
2025-07-23 21:17:37.527 [info] Got 0 sessions for read:user...
2025-07-23 21:17:37.804 [info] Getting sessions for user:email...
2025-07-23 21:17:37.804 [info] Got 1 sessions for user:email...
2025-07-23 21:17:37.810 [info] Getting sessions for read:user,repo,user:email,workflow...
2025-07-23 21:17:37.811 [info] Got 1 sessions for read:user,repo,user:email,workflow...
2025-07-23 21:17:37.813 [info] Getting sessions for user:email...
2025-07-23 21:17:37.813 [info] Got 1 sessions for user:email...
2025-07-23 21:17:37.936 [info] Getting sessions for all scopes...
2025-07-23 21:17:37.937 [info] Got 2 sessions for ...
2025-07-23 21:17:38.086 [info] Getting sessions for read:user,repo,user:email,workflow...
2025-07-23 21:17:38.088 [info] Got 1 sessions for read:user,repo,user:email,workflow...
2025-07-23 21:17:38.117 [info] Getting sessions for user:email...
2025-07-23 21:17:38.118 [info] Got 1 sessions for user:email...
2025-07-23 21:17:44.760 [info] Getting sessions for all scopes...
2025-07-23 21:17:44.760 [info] Got 2 sessions for ...
2025-07-23 21:17:44.782 [info] Getting sessions for read:user,repo,user:email,workflow...
2025-07-23 21:17:44.782 [info] Got 1 sessions for read:user,repo,user:email,workflow...
2025-07-23 21:17:44.791 [info] Getting sessions for user:email...
2025-07-23 21:17:44.793 [info] Got 1 sessions for user:email...
2025-07-23 21:17:47.939 [info] Getting sessions for all scopes...
2025-07-23 21:17:47.939 [info] Got 2 sessions for ...
2025-07-23 21:17:47.993 [info] Getting sessions for read:user,repo,user:email,workflow...
2025-07-23 21:17:47.993 [info] Got 1 sessions for read:user,repo,user:email,workflow...
2025-07-23 21:17:48.015 [info] Getting sessions for user:email...
2025-07-23 21:17:48.015 [info] Got 1 sessions for user:email...
2025-07-23 21:19:05.716 [info] Getting sessions for read:user,repo,user:email,workflow...
2025-07-23 21:19:05.717 [info] Got 1 sessions for read:user,repo,user:email,workflow...
2025-07-23 21:19:05.720 [info] Getting sessions for all scopes...
2025-07-23 21:19:05.720 [info] Got 2 sessions for ...
2025-07-23 21:19:05.819 [info] Getting sessions for read:user,repo,user:email,workflow...
2025-07-23 21:19:05.819 [info] Got 1 sessions for read:user,repo,user:email,workflow...
2025-07-23 21:19:05.837 [info] Getting sessions for read:user,repo,user:email,workflow...
2025-07-23 21:19:05.837 [info] Got 1 sessions for read:user,repo,user:email,workflow...
2025-07-23 21:19:05.855 [info] Getting sessions for all scopes...
2025-07-23 21:19:05.855 [info] Got 2 sessions for ...
2025-07-23 21:19:05.884 [info] Getting sessions for read:user,repo,user:email,workflow...
2025-07-23 21:19:05.884 [info] Got 1 sessions for read:user,repo,user:email,workflow...
2025-07-23 21:19:05.905 [info] Getting sessions for user:email...
2025-07-23 21:19:05.906 [info] Got 1 sessions for user:email...
2025-07-23 21:19:06.449 [info] Getting sessions for read:user,repo,user:email,workflow...
2025-07-23 21:19:06.450 [info] Got 1 sessions for read:user,repo,user:email,workflow...
2025-07-23 21:21:19.423 [info] Getting sessions for read:user,repo,user:email,workflow...
2025-07-23 21:21:19.423 [info] Got 1 sessions for read:user,repo,user:email,workflow...
2025-07-23 21:21:25.004 [info] Getting sessions for all scopes...
2025-07-23 21:21:25.005 [info] Got 2 sessions for ...
2025-07-23 21:21:26.567 [info] Getting sessions for read:user,repo,user:email,workflow...
2025-07-23 21:21:26.573 [info] Got 1 sessions for read:user,repo,user:email,workflow...
2025-07-23 21:21:26.680 [info] Getting sessions for read:user,repo,user:email,workflow...
2025-07-23 21:21:26.680 [info] Got 1 sessions for read:user,repo,user:email,workflow...
2025-07-23 21:21:27.467 [info] Getting sessions for read:user,repo,user:email,workflow...
2025-07-23 21:21:27.468 [info] Got 1 sessions for read:user,repo,user:email,workflow...
2025-07-23 21:21:27.536 [info] Getting sessions for all scopes...
2025-07-23 21:21:27.536 [info] Got 2 sessions for ...
2025-07-23 21:21:27.889 [info] Getting sessions for read:user,repo,user:email,workflow...
2025-07-23 21:21:27.890 [info] Got 1 sessions for read:user,repo,user:email,workflow...
2025-07-23 21:21:27.934 [info] Getting sessions for user:email...
2025-07-23 21:21:27.934 [info] Got 1 sessions for user:email...
2025-07-23 21:23:42.294 [info] Getting sessions for all scopes...
2025-07-23 21:23:42.296 [info] Got 2 sessions for ...
2025-07-23 21:23:42.307 [info] Getting sessions for read:user,repo,user:email,workflow...
2025-07-23 21:23:42.308 [info] Got 1 sessions for read:user,repo,user:email,workflow...
2025-07-23 21:23:42.323 [info] Getting sessions for user:email...
2025-07-23 21:23:42.323 [info] Got 1 sessions for user:email...
2025-07-23 21:23:42.341 [info] Getting sessions for all scopes...
2025-07-23 21:23:42.342 [info] Got 2 sessions for ...
2025-07-23 21:23:42.398 [info] Getting sessions for read:user,repo,user:email,workflow...
2025-07-23 21:23:42.398 [info] Got 1 sessions for read:user,repo,user:email,workflow...
2025-07-23 21:23:42.423 [info] Getting sessions for user:email...
2025-07-23 21:23:42.423 [info] Got 1 sessions for user:email...
