2025-07-25 16:43:47.325 [info] Reading sessions from keychain...
2025-07-25 16:43:47.325 [info] Getting sessions for all scopes...
2025-07-25 16:43:47.325 [info] Getting sessions for all scopes...
2025-07-25 16:43:47.325 [info] Getting sessions for all scopes...
2025-07-25 16:43:47.325 [info] Getting sessions for all scopes...
2025-07-25 16:43:47.325 [info] Getting sessions for all scopes...
2025-07-25 16:43:47.326 [info] Getting sessions for all scopes...
2025-07-25 16:43:47.326 [info] Getting sessions for all scopes...
2025-07-25 16:43:47.326 [info] Getting sessions for all scopes...
2025-07-25 16:43:47.326 [info] Got stored sessions!
2025-07-25 16:43:47.326 [info] Got 2 verified sessions.
2025-07-25 16:43:47.326 [info] Got 2 sessions for ...
2025-07-25 16:43:47.326 [info] Got 2 sessions for ...
2025-07-25 16:43:47.326 [info] Got 2 sessions for ...
2025-07-25 16:43:47.326 [info] Got 2 sessions for ...
2025-07-25 16:43:47.326 [info] Got 2 sessions for ...
2025-07-25 16:43:47.326 [info] Got 2 sessions for ...
2025-07-25 16:43:47.326 [info] Got 2 sessions for ...
2025-07-25 16:43:47.326 [info] Got 2 sessions for ...
2025-07-25 16:43:47.326 [info] Getting sessions for all scopes...
2025-07-25 16:43:47.326 [info] Got 1 sessions for ...
2025-07-25 16:43:47.326 [info] Getting sessions for all scopes...
2025-07-25 16:43:47.326 [info] Got 1 sessions for ...
2025-07-25 16:43:47.326 [info] Getting sessions for all scopes...
2025-07-25 16:43:47.326 [info] Got 1 sessions for ...
2025-07-25 16:43:47.326 [info] Getting sessions for all scopes...
2025-07-25 16:43:47.326 [info] Got 1 sessions for ...
2025-07-25 16:43:47.326 [info] Getting sessions for all scopes...
2025-07-25 16:43:47.326 [info] Got 1 sessions for ...
2025-07-25 16:43:47.326 [info] Getting sessions for all scopes...
2025-07-25 16:43:47.326 [info] Got 1 sessions for ...
2025-07-25 16:43:47.326 [info] Getting sessions for all scopes...
2025-07-25 16:43:47.326 [info] Got 2 sessions for ...
2025-07-25 16:43:47.326 [info] Getting sessions for all scopes...
2025-07-25 16:43:47.326 [info] Got 2 sessions for ...
2025-07-25 16:43:47.327 [info] Getting sessions for all scopes...
2025-07-25 16:43:47.327 [info] Got 2 sessions for ...
2025-07-25 16:43:47.327 [info] Getting sessions for all scopes...
2025-07-25 16:43:47.327 [info] Got 2 sessions for ...
2025-07-25 16:43:49.952 [info] Getting sessions for all scopes...
2025-07-25 16:43:49.953 [info] Got 2 sessions for ...
2025-07-25 16:43:50.173 [info] Getting sessions for read:user,repo,user:email,workflow...
2025-07-25 16:43:50.177 [info] Got 1 sessions for read:user,repo,user:email,workflow...
2025-07-25 16:43:50.549 [info] Getting sessions for all scopes...
2025-07-25 16:43:50.549 [info] Got 1 sessions for ...
2025-07-25 16:43:50.550 [info] Getting sessions for read:user,repo,user:email,workflow...
2025-07-25 16:43:50.550 [info] Got 1 sessions for read:user,repo,user:email,workflow...
2025-07-25 16:43:53.827 [info] Getting sessions for user:email...
2025-07-25 16:43:53.827 [info] Got 1 sessions for user:email...
2025-07-25 16:43:53.828 [info] Getting sessions for read:user,repo,user:email,workflow...
2025-07-25 16:43:53.828 [info] Got 1 sessions for read:user,repo,user:email,workflow...
2025-07-25 16:43:54.474 [info] Getting sessions for read:user...
2025-07-25 16:43:54.474 [info] Got 0 sessions for read:user...
2025-07-25 16:43:54.495 [info] Getting sessions for read:user,repo,user:email,workflow...
2025-07-25 16:43:54.495 [info] Got 1 sessions for read:user,repo,user:email,workflow...
2025-07-25 16:43:55.116 [info] Getting sessions for all scopes...
2025-07-25 16:43:55.116 [info] Got 2 sessions for ...
2025-07-25 16:43:55.117 [info] Getting sessions for all scopes...
2025-07-25 16:43:55.122 [info] Got 2 sessions for ...
2025-07-25 16:43:55.377 [info] Getting sessions for user:email...
2025-07-25 16:43:55.377 [info] Got 1 sessions for user:email...
2025-07-25 16:43:57.188 [info] Getting sessions for read:user,repo,user:email,workflow...
2025-07-25 16:43:57.190 [info] Got 1 sessions for read:user,repo,user:email,workflow...
2025-07-25 16:43:57.372 [info] Getting sessions for user:email...
2025-07-25 16:43:57.379 [info] Got 1 sessions for user:email...
2025-07-25 16:43:58.142 [info] Getting sessions for read:user,repo,user:email,workflow...
2025-07-25 16:43:58.142 [info] Got 1 sessions for read:user,repo,user:email,workflow...
2025-07-25 16:44:00.457 [info] Getting sessions for all scopes...
2025-07-25 16:44:00.458 [info] Got 2 sessions for ...
2025-07-25 16:44:00.505 [info] Getting sessions for read:user,repo,user:email,workflow...
2025-07-25 16:44:00.505 [info] Got 1 sessions for read:user,repo,user:email,workflow...
2025-07-25 16:44:00.763 [info] Getting sessions for read:user,repo,user:email,workflow...
2025-07-25 16:44:00.764 [info] Got 1 sessions for read:user,repo,user:email,workflow...
2025-07-25 16:44:00.875 [info] Getting sessions for all scopes...
2025-07-25 16:44:00.875 [info] Got 2 sessions for ...
2025-07-25 16:44:00.883 [info] Getting sessions for read:user,repo,user:email,workflow...
2025-07-25 16:44:00.883 [info] Got 1 sessions for read:user,repo,user:email,workflow...
2025-07-25 16:44:00.948 [info] Getting sessions for user:email...
2025-07-25 16:44:00.948 [info] Got 1 sessions for user:email...
2025-07-25 16:44:00.966 [info] Getting sessions for all scopes...
2025-07-25 16:44:00.967 [info] Got 2 sessions for ...
2025-07-25 16:44:00.982 [info] Getting sessions for read:user,repo,user:email,workflow...
2025-07-25 16:44:00.982 [info] Got 1 sessions for read:user,repo,user:email,workflow...
2025-07-25 16:44:00.993 [info] Getting sessions for user:email...
2025-07-25 16:44:00.993 [info] Got 1 sessions for user:email...
2025-07-25 16:44:11.867 [info] Getting sessions for all scopes...
2025-07-25 16:44:11.870 [info] Got 2 sessions for ...
2025-07-25 16:44:11.877 [info] Getting sessions for all scopes...
2025-07-25 16:44:11.877 [info] Got 2 sessions for ...
2025-07-25 16:44:12.522 [info] Getting sessions for read:user,repo,user:email,workflow...
2025-07-25 16:44:12.523 [info] Got 1 sessions for read:user,repo,user:email,workflow...
2025-07-25 16:44:12.699 [info] Getting sessions for user:email...
2025-07-25 16:44:12.700 [info] Got 1 sessions for user:email...
2025-07-25 16:44:12.705 [info] Getting sessions for read:user,repo,user:email,workflow...
2025-07-25 16:44:12.705 [info] Got 1 sessions for read:user,repo,user:email,workflow...
2025-07-25 16:44:12.801 [info] Getting sessions for all scopes...
2025-07-25 16:44:12.801 [info] Got 2 sessions for ...
2025-07-25 16:44:12.865 [info] Getting sessions for all scopes...
2025-07-25 16:44:12.866 [info] Got 1 sessions for ...
2025-07-25 16:44:12.915 [info] Getting sessions for all scopes...
2025-07-25 16:44:12.915 [info] Got 2 sessions for ...
2025-07-25 16:44:12.933 [info] Getting sessions for read:user,repo,user:email,workflow...
2025-07-25 16:44:12.933 [info] Got 1 sessions for read:user,repo,user:email,workflow...
2025-07-25 16:44:12.981 [info] Getting sessions for user:email...
2025-07-25 16:44:12.981 [info] Got 1 sessions for user:email...
2025-07-25 16:44:16.598 [info] Getting sessions for all scopes...
2025-07-25 16:44:16.598 [info] Got 2 sessions for ...
2025-07-25 16:44:16.638 [info] Getting sessions for read:user,repo,user:email,workflow...
2025-07-25 16:44:16.638 [info] Got 1 sessions for read:user,repo,user:email,workflow...
2025-07-25 16:44:16.658 [info] Getting sessions for user:email...
2025-07-25 16:44:16.658 [info] Got 1 sessions for user:email...
2025-07-25 16:48:45.513 [info] Getting sessions for all scopes...
2025-07-25 16:48:45.521 [info] Got 2 sessions for ...
2025-07-25 16:48:45.630 [info] Getting sessions for read:user,repo,user:email,workflow...
2025-07-25 16:48:45.631 [info] Got 1 sessions for read:user,repo,user:email,workflow...
2025-07-25 16:48:45.655 [info] Getting sessions for user:email...
2025-07-25 16:48:45.656 [info] Got 1 sessions for user:email...
2025-07-25 16:48:50.550 [info] Getting sessions for all scopes...
2025-07-25 16:48:50.550 [info] Got 2 sessions for ...
2025-07-25 16:48:50.635 [info] Getting sessions for read:user,repo,user:email,workflow...
2025-07-25 16:48:50.635 [info] Got 1 sessions for read:user,repo,user:email,workflow...
2025-07-25 16:48:50.688 [info] Getting sessions for user:email...
2025-07-25 16:48:50.689 [info] Got 1 sessions for user:email...
2025-07-25 16:48:51.964 [info] Getting sessions for all scopes...
2025-07-25 16:48:51.964 [info] Got 2 sessions for ...
2025-07-25 16:48:52.015 [info] Getting sessions for read:user,repo,user:email,workflow...
2025-07-25 16:48:52.016 [info] Got 1 sessions for read:user,repo,user:email,workflow...
2025-07-25 16:48:52.056 [info] Getting sessions for user:email...
2025-07-25 16:48:52.064 [info] Got 1 sessions for user:email...
2025-07-25 16:48:53.490 [info] Getting sessions for all scopes...
2025-07-25 16:48:53.490 [info] Got 2 sessions for ...
2025-07-25 16:48:53.804 [info] Getting sessions for read:user,repo,user:email,workflow...
2025-07-25 16:48:53.804 [info] Got 1 sessions for read:user,repo,user:email,workflow...
2025-07-25 16:48:53.829 [info] Getting sessions for user:email...
2025-07-25 16:48:53.829 [info] Got 1 sessions for user:email...
2025-07-25 16:48:54.514 [info] Getting sessions for all scopes...
2025-07-25 16:48:54.514 [info] Got 2 sessions for ...
2025-07-25 16:48:54.537 [info] Getting sessions for read:user,repo,user:email,workflow...
2025-07-25 16:48:54.538 [info] Got 1 sessions for read:user,repo,user:email,workflow...
2025-07-25 16:48:54.555 [info] Getting sessions for user:email...
2025-07-25 16:48:54.556 [info] Got 1 sessions for user:email...
2025-07-25 16:49:00.789 [info] Getting sessions for all scopes...
2025-07-25 16:49:00.789 [info] Got 2 sessions for ...
2025-07-25 16:49:04.143 [info] Getting sessions for read:user,repo,user:email,workflow...
2025-07-25 16:49:04.143 [info] Got 1 sessions for read:user,repo,user:email,workflow...
2025-07-25 16:49:05.549 [info] Getting sessions for user:email...
2025-07-25 16:49:05.550 [info] Got 1 sessions for user:email...
2025-07-25 16:49:05.992 [info] Getting sessions for all scopes...
2025-07-25 16:49:05.992 [info] Got 2 sessions for ...
2025-07-25 16:49:06.033 [info] Getting sessions for read:user,repo,user:email,workflow...
2025-07-25 16:49:06.034 [info] Got 1 sessions for read:user,repo,user:email,workflow...
2025-07-25 16:49:06.065 [info] Getting sessions for user:email...
2025-07-25 16:49:06.066 [info] Got 1 sessions for user:email...
2025-07-25 16:49:07.126 [info] Getting sessions for all scopes...
2025-07-25 16:49:07.126 [info] Got 2 sessions for ...
2025-07-25 16:49:07.703 [info] Getting sessions for read:user,repo,user:email,workflow...
2025-07-25 16:49:07.703 [info] Got 1 sessions for read:user,repo,user:email,workflow...
2025-07-25 16:49:07.790 [info] Getting sessions for user:email...
2025-07-25 16:49:07.790 [info] Got 1 sessions for user:email...
2025-07-25 16:49:08.961 [info] Getting sessions for all scopes...
2025-07-25 16:49:08.961 [info] Got 2 sessions for ...
2025-07-25 16:49:10.130 [info] Getting sessions for read:user,repo,user:email,workflow...
2025-07-25 16:49:10.131 [info] Got 1 sessions for read:user,repo,user:email,workflow...
2025-07-25 16:49:10.297 [info] Getting sessions for user:email...
2025-07-25 16:49:10.297 [info] Got 1 sessions for user:email...
2025-07-25 16:49:10.510 [info] Getting sessions for all scopes...
2025-07-25 16:49:10.510 [info] Got 2 sessions for ...
2025-07-25 16:49:10.804 [info] Getting sessions for read:user,repo,user:email,workflow...
2025-07-25 16:49:10.805 [info] Got 1 sessions for read:user,repo,user:email,workflow...
2025-07-25 16:49:10.856 [info] Getting sessions for user:email...
2025-07-25 16:49:10.857 [info] Got 1 sessions for user:email...
2025-07-25 16:49:11.252 [info] Getting sessions for all scopes...
2025-07-25 16:49:11.253 [info] Got 2 sessions for ...
2025-07-25 16:49:11.361 [info] Getting sessions for read:user,repo,user:email,workflow...
2025-07-25 16:49:11.361 [info] Got 1 sessions for read:user,repo,user:email,workflow...
2025-07-25 16:49:11.385 [info] Getting sessions for user:email...
2025-07-25 16:49:11.385 [info] Got 1 sessions for user:email...
2025-07-25 16:49:19.582 [info] Getting sessions for all scopes...
2025-07-25 16:49:19.582 [info] Got 2 sessions for ...
2025-07-25 16:49:19.979 [info] Getting sessions for read:user,repo,user:email,workflow...
2025-07-25 16:49:19.979 [info] Got 1 sessions for read:user,repo,user:email,workflow...
2025-07-25 16:49:20.091 [info] Getting sessions for user:email...
2025-07-25 16:49:20.092 [info] Got 1 sessions for user:email...
2025-07-25 16:49:20.325 [info] Getting sessions for all scopes...
2025-07-25 16:49:20.325 [info] Got 2 sessions for ...
2025-07-25 16:49:20.344 [info] Getting sessions for read:user,repo,user:email,workflow...
2025-07-25 16:49:20.344 [info] Got 1 sessions for read:user,repo,user:email,workflow...
2025-07-25 16:49:20.410 [info] Getting sessions for user:email...
2025-07-25 16:49:20.410 [info] Got 1 sessions for user:email...
2025-07-25 16:49:23.097 [info] Getting sessions for all scopes...
2025-07-25 16:49:23.099 [info] Got 2 sessions for ...
2025-07-25 16:49:23.135 [info] Getting sessions for read:user,repo,user:email,workflow...
2025-07-25 16:49:23.136 [info] Got 1 sessions for read:user,repo,user:email,workflow...
2025-07-25 16:49:23.148 [info] Getting sessions for user:email...
2025-07-25 16:49:23.149 [info] Got 1 sessions for user:email...
2025-07-25 16:49:24.211 [info] Getting sessions for all scopes...
2025-07-25 16:49:24.211 [info] Got 2 sessions for ...
2025-07-25 16:49:24.231 [info] Getting sessions for read:user,repo,user:email,workflow...
2025-07-25 16:49:24.231 [info] Got 1 sessions for read:user,repo,user:email,workflow...
2025-07-25 16:49:24.258 [info] Getting sessions for user:email...
2025-07-25 16:49:24.258 [info] Got 1 sessions for user:email...
2025-07-25 16:49:31.223 [info] Getting sessions for all scopes...
2025-07-25 16:49:31.223 [info] Got 2 sessions for ...
2025-07-25 16:49:32.028 [info] Getting sessions for read:user,repo,user:email,workflow...
2025-07-25 16:49:32.028 [info] Got 1 sessions for read:user,repo,user:email,workflow...
2025-07-25 16:49:33.146 [info] Getting sessions for user:email...
2025-07-25 16:49:33.147 [info] Got 1 sessions for user:email...
2025-07-25 16:49:33.551 [info] Getting sessions for all scopes...
2025-07-25 16:49:33.554 [info] Got 2 sessions for ...
2025-07-25 16:49:33.589 [info] Getting sessions for read:user,repo,user:email,workflow...
2025-07-25 16:49:33.589 [info] Got 1 sessions for read:user,repo,user:email,workflow...
2025-07-25 16:49:33.642 [info] Getting sessions for user:email...
2025-07-25 16:49:33.642 [info] Got 1 sessions for user:email...
2025-07-25 16:49:34.370 [info] Getting sessions for all scopes...
2025-07-25 16:49:34.370 [info] Got 2 sessions for ...
2025-07-25 16:49:34.387 [info] Getting sessions for read:user,repo,user:email,workflow...
2025-07-25 16:49:34.387 [info] Got 1 sessions for read:user,repo,user:email,workflow...
2025-07-25 16:49:34.400 [info] Getting sessions for user:email...
2025-07-25 16:49:34.400 [info] Got 1 sessions for user:email...
2025-07-25 16:49:36.985 [info] Getting sessions for all scopes...
2025-07-25 16:49:36.985 [info] Got 2 sessions for ...
2025-07-25 16:49:37.016 [info] Getting sessions for read:user,repo,user:email,workflow...
2025-07-25 16:49:37.016 [info] Got 1 sessions for read:user,repo,user:email,workflow...
2025-07-25 16:49:37.045 [info] Getting sessions for user:email...
2025-07-25 16:49:37.045 [info] Got 1 sessions for user:email...
2025-07-25 16:49:37.779 [info] Getting sessions for all scopes...
2025-07-25 16:49:37.779 [info] Got 2 sessions for ...
2025-07-25 16:49:37.824 [info] Getting sessions for read:user,repo,user:email,workflow...
2025-07-25 16:49:37.825 [info] Got 1 sessions for read:user,repo,user:email,workflow...
2025-07-25 16:49:37.853 [info] Getting sessions for user:email...
2025-07-25 16:49:37.853 [info] Got 1 sessions for user:email...
2025-07-25 16:49:37.895 [info] Getting sessions for all scopes...
2025-07-25 16:49:37.895 [info] Got 2 sessions for ...
2025-07-25 16:49:37.919 [info] Getting sessions for read:user,repo,user:email,workflow...
2025-07-25 16:49:37.919 [info] Got 1 sessions for read:user,repo,user:email,workflow...
2025-07-25 16:49:37.980 [info] Getting sessions for user:email...
2025-07-25 16:49:37.986 [info] Got 1 sessions for user:email...
2025-07-25 16:49:38.805 [info] Getting sessions for all scopes...
2025-07-25 16:49:38.806 [info] Got 2 sessions for ...
2025-07-25 16:49:38.833 [info] Getting sessions for read:user,repo,user:email,workflow...
2025-07-25 16:49:38.834 [info] Got 1 sessions for read:user,repo,user:email,workflow...
2025-07-25 16:49:38.852 [info] Getting sessions for user:email...
2025-07-25 16:49:38.852 [info] Got 1 sessions for user:email...
2025-07-25 16:49:40.364 [info] Getting sessions for all scopes...
2025-07-25 16:49:40.364 [info] Got 2 sessions for ...
2025-07-25 16:49:41.095 [info] Getting sessions for read:user,repo,user:email,workflow...
2025-07-25 16:49:41.095 [info] Got 1 sessions for read:user,repo,user:email,workflow...
2025-07-25 16:49:41.799 [info] Getting sessions for user:email...
2025-07-25 16:49:41.799 [info] Got 1 sessions for user:email...
2025-07-25 16:49:42.016 [info] Getting sessions for all scopes...
2025-07-25 16:49:42.016 [info] Got 2 sessions for ...
2025-07-25 16:49:42.085 [info] Getting sessions for read:user,repo,user:email,workflow...
2025-07-25 16:49:42.085 [info] Got 1 sessions for read:user,repo,user:email,workflow...
2025-07-25 16:49:42.127 [info] Getting sessions for user:email...
2025-07-25 16:49:42.127 [info] Got 1 sessions for user:email...
2025-07-25 16:49:42.699 [info] Getting sessions for all scopes...
2025-07-25 16:49:42.699 [info] Got 2 sessions for ...
2025-07-25 16:49:42.743 [info] Getting sessions for read:user,repo,user:email,workflow...
2025-07-25 16:49:42.743 [info] Got 1 sessions for read:user,repo,user:email,workflow...
2025-07-25 16:49:42.823 [info] Getting sessions for user:email...
2025-07-25 16:49:42.824 [info] Got 1 sessions for user:email...
2025-07-25 16:49:56.622 [info] Getting sessions for all scopes...
2025-07-25 16:49:56.622 [info] Got 2 sessions for ...
2025-07-25 16:49:56.739 [info] Getting sessions for read:user,repo,user:email,workflow...
2025-07-25 16:49:56.740 [info] Got 1 sessions for read:user,repo,user:email,workflow...
2025-07-25 16:49:57.420 [info] Getting sessions for user:email...
2025-07-25 16:49:57.421 [info] Got 1 sessions for user:email...
2025-07-25 16:49:57.635 [info] Getting sessions for all scopes...
2025-07-25 16:49:57.635 [info] Got 2 sessions for ...
2025-07-25 16:49:57.671 [info] Getting sessions for read:user,repo,user:email,workflow...
2025-07-25 16:49:57.671 [info] Got 1 sessions for read:user,repo,user:email,workflow...
2025-07-25 16:49:57.697 [info] Getting sessions for user:email...
2025-07-25 16:49:57.697 [info] Got 1 sessions for user:email...
2025-07-25 16:49:58.726 [info] Getting sessions for all scopes...
2025-07-25 16:49:58.726 [info] Got 2 sessions for ...
2025-07-25 16:50:00.856 [info] Getting sessions for read:user,repo,user:email,workflow...
2025-07-25 16:50:00.857 [info] Got 1 sessions for read:user,repo,user:email,workflow...
2025-07-25 16:50:02.413 [info] Getting sessions for user:email...
2025-07-25 16:50:02.413 [info] Got 1 sessions for user:email...
2025-07-25 16:50:02.896 [info] Getting sessions for all scopes...
2025-07-25 16:50:02.896 [info] Got 2 sessions for ...
2025-07-25 16:50:03.001 [info] Getting sessions for read:user,repo,user:email,workflow...
2025-07-25 16:50:03.001 [info] Got 1 sessions for read:user,repo,user:email,workflow...
2025-07-25 16:50:03.050 [info] Getting sessions for user:email...
2025-07-25 16:50:03.050 [info] Got 1 sessions for user:email...
2025-07-25 16:50:04.690 [info] Getting sessions for all scopes...
2025-07-25 16:50:04.690 [info] Got 2 sessions for ...
2025-07-25 16:50:04.731 [info] Getting sessions for read:user,repo,user:email,workflow...
2025-07-25 16:50:04.731 [info] Got 1 sessions for read:user,repo,user:email,workflow...
2025-07-25 16:50:04.781 [info] Getting sessions for user:email...
2025-07-25 16:50:04.781 [info] Got 1 sessions for user:email...
2025-07-25 16:50:05.721 [info] Getting sessions for all scopes...
2025-07-25 16:50:05.721 [info] Got 2 sessions for ...
2025-07-25 16:50:05.880 [info] Getting sessions for read:user,repo,user:email,workflow...
2025-07-25 16:50:05.880 [info] Got 1 sessions for read:user,repo,user:email,workflow...
2025-07-25 16:50:05.891 [info] Getting sessions for user:email...
2025-07-25 16:50:05.893 [info] Got 1 sessions for user:email...
2025-07-25 16:50:10.416 [info] Getting sessions for all scopes...
2025-07-25 16:50:10.416 [info] Got 2 sessions for ...
2025-07-25 16:50:10.448 [info] Getting sessions for read:user,repo,user:email,workflow...
2025-07-25 16:50:10.451 [info] Got 1 sessions for read:user,repo,user:email,workflow...
2025-07-25 16:50:10.465 [info] Getting sessions for user:email...
2025-07-25 16:50:10.465 [info] Got 1 sessions for user:email...
2025-07-25 16:51:24.028 [info] Getting sessions for all scopes...
2025-07-25 16:51:24.028 [info] Got 2 sessions for ...
2025-07-25 16:51:24.094 [info] Getting sessions for read:user,repo,user:email,workflow...
2025-07-25 16:51:24.094 [info] Got 1 sessions for read:user,repo,user:email,workflow...
2025-07-25 16:51:24.177 [info] Getting sessions for user:email...
2025-07-25 16:51:24.179 [info] Got 1 sessions for user:email...
2025-07-25 16:51:27.972 [info] Getting sessions for all scopes...
2025-07-25 16:51:27.972 [info] Got 2 sessions for ...
2025-07-25 16:51:28.017 [info] Getting sessions for read:user,repo,user:email,workflow...
2025-07-25 16:51:28.017 [info] Got 1 sessions for read:user,repo,user:email,workflow...
2025-07-25 16:51:28.046 [info] Getting sessions for user:email...
2025-07-25 16:51:28.046 [info] Got 1 sessions for user:email...
2025-07-25 16:51:28.761 [info] Getting sessions for all scopes...
2025-07-25 16:51:28.761 [info] Got 2 sessions for ...
2025-07-25 16:51:28.814 [info] Getting sessions for read:user,repo,user:email,workflow...
2025-07-25 16:51:28.814 [info] Got 1 sessions for read:user,repo,user:email,workflow...
2025-07-25 16:51:28.849 [info] Getting sessions for user:email...
2025-07-25 16:51:28.849 [info] Got 1 sessions for user:email...
2025-07-25 16:51:52.751 [info] Getting sessions for all scopes...
2025-07-25 16:51:52.754 [info] Got 2 sessions for ...
2025-07-25 16:51:53.749 [info] Getting sessions for read:user,repo,user:email,workflow...
2025-07-25 16:51:53.749 [info] Got 1 sessions for read:user,repo,user:email,workflow...
2025-07-25 16:51:53.949 [info] Getting sessions for user:email...
2025-07-25 16:51:53.949 [info] Got 1 sessions for user:email...
2025-07-25 16:51:54.145 [info] Getting sessions for all scopes...
2025-07-25 16:51:54.145 [info] Got 2 sessions for ...
2025-07-25 16:51:54.202 [info] Getting sessions for read:user,repo,user:email,workflow...
2025-07-25 16:51:54.202 [info] Got 1 sessions for read:user,repo,user:email,workflow...
2025-07-25 16:51:54.225 [info] Getting sessions for user:email...
2025-07-25 16:51:54.225 [info] Got 1 sessions for user:email...
2025-07-25 16:51:55.997 [info] Getting sessions for all scopes...
2025-07-25 16:51:55.998 [info] Got 2 sessions for ...
2025-07-25 16:51:56.475 [info] Getting sessions for read:user,repo,user:email,workflow...
2025-07-25 16:51:56.475 [info] Got 1 sessions for read:user,repo,user:email,workflow...
2025-07-25 16:51:56.507 [info] Getting sessions for user:email...
2025-07-25 16:51:56.508 [info] Got 1 sessions for user:email...
2025-07-25 16:51:56.796 [info] Getting sessions for all scopes...
2025-07-25 16:51:56.797 [info] Got 2 sessions for ...
2025-07-25 16:51:56.905 [info] Getting sessions for read:user,repo,user:email,workflow...
2025-07-25 16:51:56.905 [info] Got 1 sessions for read:user,repo,user:email,workflow...
2025-07-25 16:51:57.166 [info] Getting sessions for user:email...
2025-07-25 16:51:57.166 [info] Got 1 sessions for user:email...
2025-07-25 16:52:00.266 [info] Getting sessions for all scopes...
2025-07-25 16:52:00.266 [info] Got 2 sessions for ...
2025-07-25 16:52:00.577 [info] Getting sessions for read:user,repo,user:email,workflow...
2025-07-25 16:52:00.578 [info] Got 1 sessions for read:user,repo,user:email,workflow...
2025-07-25 16:52:00.603 [info] Getting sessions for user:email...
2025-07-25 16:52:00.604 [info] Got 1 sessions for user:email...
2025-07-25 16:52:04.963 [info] Getting sessions for all scopes...
2025-07-25 16:52:04.963 [info] Got 2 sessions for ...
2025-07-25 16:52:04.985 [info] Getting sessions for read:user,repo,user:email,workflow...
2025-07-25 16:52:04.985 [info] Got 1 sessions for read:user,repo,user:email,workflow...
2025-07-25 16:52:05.002 [info] Getting sessions for user:email...
2025-07-25 16:52:05.002 [info] Got 1 sessions for user:email...
2025-07-25 16:52:21.390 [info] Getting sessions for all scopes...
2025-07-25 16:52:21.390 [info] Got 2 sessions for ...
2025-07-25 16:52:22.884 [info] Getting sessions for read:user,repo,user:email,workflow...
2025-07-25 16:52:22.884 [info] Got 1 sessions for read:user,repo,user:email,workflow...
2025-07-25 16:52:23.100 [info] Getting sessions for user:email...
2025-07-25 16:52:23.100 [info] Got 1 sessions for user:email...
2025-07-25 16:52:23.262 [info] Getting sessions for all scopes...
2025-07-25 16:52:23.262 [info] Got 2 sessions for ...
2025-07-25 16:52:23.466 [info] Getting sessions for read:user,repo,user:email,workflow...
2025-07-25 16:52:23.466 [info] Got 1 sessions for read:user,repo,user:email,workflow...
2025-07-25 16:52:23.632 [info] Getting sessions for user:email...
2025-07-25 16:52:23.632 [info] Got 1 sessions for user:email...
2025-07-25 16:52:25.822 [info] Getting sessions for all scopes...
2025-07-25 16:52:25.822 [info] Got 2 sessions for ...
2025-07-25 16:52:26.215 [info] Getting sessions for read:user,repo,user:email,workflow...
2025-07-25 16:52:26.217 [info] Got 1 sessions for read:user,repo,user:email,workflow...
2025-07-25 16:52:26.360 [info] Getting sessions for user:email...
2025-07-25 16:52:26.360 [info] Got 1 sessions for user:email...
2025-07-25 16:52:26.566 [info] Getting sessions for all scopes...
2025-07-25 16:52:26.566 [info] Got 2 sessions for ...
2025-07-25 16:52:26.628 [info] Getting sessions for read:user,repo,user:email,workflow...
2025-07-25 16:52:26.628 [info] Got 1 sessions for read:user,repo,user:email,workflow...
2025-07-25 16:52:26.649 [info] Getting sessions for user:email...
2025-07-25 16:52:26.649 [info] Got 1 sessions for user:email...
2025-07-25 16:52:27.481 [info] Getting sessions for all scopes...
2025-07-25 16:52:27.481 [info] Got 2 sessions for ...
2025-07-25 16:52:28.360 [info] Getting sessions for read:user,repo,user:email,workflow...
2025-07-25 16:52:28.360 [info] Got 1 sessions for read:user,repo,user:email,workflow...
2025-07-25 16:52:28.794 [info] Getting sessions for user:email...
2025-07-25 16:52:28.797 [info] Got 1 sessions for user:email...
2025-07-25 16:52:30.254 [info] Getting sessions for all scopes...
2025-07-25 16:52:30.254 [info] Got 2 sessions for ...
2025-07-25 16:52:31.107 [info] Getting sessions for read:user,repo,user:email,workflow...
2025-07-25 16:52:31.108 [info] Got 1 sessions for read:user,repo,user:email,workflow...
2025-07-25 16:52:31.182 [info] Getting sessions for user:email...
2025-07-25 16:52:31.190 [info] Got 1 sessions for user:email...
2025-07-25 16:52:33.954 [info] Getting sessions for all scopes...
2025-07-25 16:52:33.963 [info] Got 2 sessions for ...
2025-07-25 16:52:34.131 [info] Getting sessions for read:user,repo,user:email,workflow...
2025-07-25 16:52:34.131 [info] Got 1 sessions for read:user,repo,user:email,workflow...
2025-07-25 16:52:34.293 [info] Getting sessions for user:email...
2025-07-25 16:52:34.294 [info] Got 1 sessions for user:email...
2025-07-25 16:52:36.452 [info] Getting sessions for all scopes...
2025-07-25 16:52:36.452 [info] Got 2 sessions for ...
2025-07-25 16:52:36.480 [info] Getting sessions for read:user,repo,user:email,workflow...
2025-07-25 16:52:36.480 [info] Got 1 sessions for read:user,repo,user:email,workflow...
2025-07-25 16:52:36.502 [info] Getting sessions for user:email...
2025-07-25 16:52:36.503 [info] Got 1 sessions for user:email...
2025-07-25 16:52:54.347 [info] Getting sessions for all scopes...
2025-07-25 16:52:54.347 [info] Got 2 sessions for ...
2025-07-25 16:52:54.428 [info] Getting sessions for read:user,repo,user:email,workflow...
2025-07-25 16:52:54.428 [info] Got 1 sessions for read:user,repo,user:email,workflow...
2025-07-25 16:52:54.628 [info] Getting sessions for user:email...
2025-07-25 16:52:54.628 [info] Got 1 sessions for user:email...
2025-07-25 16:52:56.300 [info] Getting sessions for all scopes...
2025-07-25 16:52:56.300 [info] Got 2 sessions for ...
2025-07-25 16:52:56.582 [info] Getting sessions for read:user,repo,user:email,workflow...
2025-07-25 16:52:56.582 [info] Got 1 sessions for read:user,repo,user:email,workflow...
2025-07-25 16:52:56.794 [info] Getting sessions for user:email...
2025-07-25 16:52:56.794 [info] Got 1 sessions for user:email...
2025-07-25 16:52:56.973 [info] Getting sessions for all scopes...
2025-07-25 16:52:56.973 [info] Got 2 sessions for ...
2025-07-25 16:52:56.992 [info] Getting sessions for read:user,repo,user:email,workflow...
2025-07-25 16:52:56.992 [info] Got 1 sessions for read:user,repo,user:email,workflow...
2025-07-25 16:52:57.067 [info] Getting sessions for user:email...
2025-07-25 16:52:57.069 [info] Got 1 sessions for user:email...
2025-07-25 16:52:58.859 [info] Getting sessions for all scopes...
2025-07-25 16:52:58.859 [info] Got 2 sessions for ...
2025-07-25 16:52:58.868 [info] Getting sessions for read:user,repo,user:email,workflow...
2025-07-25 16:52:58.871 [info] Got 1 sessions for read:user,repo,user:email,workflow...
2025-07-25 16:52:58.880 [info] Getting sessions for user:email...
2025-07-25 16:52:58.880 [info] Got 1 sessions for user:email...
2025-07-25 16:53:10.724 [info] Getting sessions for all scopes...
2025-07-25 16:53:10.724 [info] Got 2 sessions for ...
2025-07-25 16:53:12.176 [info] Getting sessions for read:user,repo,user:email,workflow...
2025-07-25 16:53:12.176 [info] Got 1 sessions for read:user,repo,user:email,workflow...
2025-07-25 16:53:12.925 [info] Getting sessions for user:email...
2025-07-25 16:53:12.925 [info] Got 1 sessions for user:email...
2025-07-25 16:53:13.463 [info] Getting sessions for all scopes...
2025-07-25 16:53:13.464 [info] Got 2 sessions for ...
2025-07-25 16:53:13.489 [info] Getting sessions for read:user,repo,user:email,workflow...
2025-07-25 16:53:13.489 [info] Got 1 sessions for read:user,repo,user:email,workflow...
2025-07-25 16:53:13.592 [info] Getting sessions for user:email...
2025-07-25 16:53:13.592 [info] Got 1 sessions for user:email...
2025-07-25 16:53:18.177 [info] Getting sessions for all scopes...
2025-07-25 16:53:18.177 [info] Got 2 sessions for ...
2025-07-25 16:53:18.308 [info] Getting sessions for read:user,repo,user:email,workflow...
2025-07-25 16:53:18.308 [info] Got 1 sessions for read:user,repo,user:email,workflow...
2025-07-25 16:53:18.351 [info] Getting sessions for user:email...
2025-07-25 16:53:18.351 [info] Got 1 sessions for user:email...
2025-07-25 16:53:18.482 [info] Getting sessions for all scopes...
2025-07-25 16:53:18.482 [info] Got 2 sessions for ...
2025-07-25 16:53:18.513 [info] Getting sessions for read:user,repo,user:email,workflow...
2025-07-25 16:53:18.513 [info] Got 1 sessions for read:user,repo,user:email,workflow...
2025-07-25 16:53:18.539 [info] Getting sessions for user:email...
2025-07-25 16:53:18.539 [info] Got 1 sessions for user:email...
2025-07-25 16:53:19.281 [info] Getting sessions for all scopes...
2025-07-25 16:53:19.281 [info] Got 2 sessions for ...
2025-07-25 16:53:19.347 [info] Getting sessions for read:user,repo,user:email,workflow...
2025-07-25 16:53:19.347 [info] Got 1 sessions for read:user,repo,user:email,workflow...
2025-07-25 16:53:19.405 [info] Getting sessions for user:email...
2025-07-25 16:53:19.405 [info] Got 1 sessions for user:email...
2025-07-25 16:54:38.726 [info] Getting sessions for all scopes...
2025-07-25 16:54:38.726 [info] Got 2 sessions for ...
2025-07-25 16:54:40.047 [info] Getting sessions for read:user,repo,user:email,workflow...
2025-07-25 16:54:40.048 [info] Got 1 sessions for read:user,repo,user:email,workflow...
2025-07-25 16:54:40.465 [info] Getting sessions for user:email...
2025-07-25 16:54:40.465 [info] Got 1 sessions for user:email...
2025-07-25 16:54:41.047 [info] Getting sessions for all scopes...
2025-07-25 16:54:41.047 [info] Got 2 sessions for ...
2025-07-25 16:54:41.187 [info] Getting sessions for read:user,repo,user:email,workflow...
2025-07-25 16:54:41.187 [info] Got 1 sessions for read:user,repo,user:email,workflow...
2025-07-25 16:54:41.238 [info] Getting sessions for user:email...
2025-07-25 16:54:41.238 [info] Got 1 sessions for user:email...
2025-07-25 16:54:42.944 [info] Getting sessions for all scopes...
2025-07-25 16:54:42.948 [info] Got 2 sessions for ...
2025-07-25 16:54:43.000 [info] Getting sessions for read:user,repo,user:email,workflow...
2025-07-25 16:54:43.000 [info] Got 1 sessions for read:user,repo,user:email,workflow...
2025-07-25 16:54:43.027 [info] Getting sessions for user:email...
2025-07-25 16:54:43.027 [info] Got 1 sessions for user:email...
2025-07-25 16:54:44.611 [info] Getting sessions for all scopes...
2025-07-25 16:54:44.612 [info] Got 2 sessions for ...
2025-07-25 16:54:46.473 [info] Getting sessions for read:user,repo,user:email,workflow...
2025-07-25 16:54:46.473 [info] Got 1 sessions for read:user,repo,user:email,workflow...
2025-07-25 16:54:47.400 [info] Getting sessions for user:email...
2025-07-25 16:54:47.400 [info] Got 1 sessions for user:email...
2025-07-25 16:54:48.050 [info] Getting sessions for all scopes...
2025-07-25 16:54:48.050 [info] Got 2 sessions for ...
2025-07-25 16:54:48.318 [info] Getting sessions for read:user,repo,user:email,workflow...
2025-07-25 16:54:48.318 [info] Got 1 sessions for read:user,repo,user:email,workflow...
2025-07-25 16:54:48.335 [info] Getting sessions for user:email...
2025-07-25 16:54:48.338 [info] Got 1 sessions for user:email...
2025-07-25 16:54:48.404 [info] Getting sessions for all scopes...
2025-07-25 16:54:48.404 [info] Got 2 sessions for ...
2025-07-25 16:54:48.433 [info] Getting sessions for read:user,repo,user:email,workflow...
2025-07-25 16:54:48.433 [info] Got 1 sessions for read:user,repo,user:email,workflow...
2025-07-25 16:54:48.492 [info] Getting sessions for user:email...
2025-07-25 16:54:48.492 [info] Got 1 sessions for user:email...
2025-07-25 16:54:48.683 [info] Getting sessions for all scopes...
2025-07-25 16:54:48.684 [info] Got 2 sessions for ...
2025-07-25 16:54:48.709 [info] Getting sessions for read:user,repo,user:email,workflow...
2025-07-25 16:54:48.709 [info] Got 1 sessions for read:user,repo,user:email,workflow...
2025-07-25 16:54:48.743 [info] Getting sessions for user:email...
2025-07-25 16:54:48.744 [info] Got 1 sessions for user:email...
2025-07-25 16:54:49.546 [info] Getting sessions for all scopes...
2025-07-25 16:54:49.546 [info] Got 2 sessions for ...
2025-07-25 16:54:50.897 [info] Getting sessions for read:user,repo,user:email,workflow...
2025-07-25 16:54:50.898 [info] Got 1 sessions for read:user,repo,user:email,workflow...
2025-07-25 16:54:52.671 [info] Getting sessions for user:email...
2025-07-25 16:54:52.671 [info] Got 1 sessions for user:email...
2025-07-25 16:54:53.213 [info] Getting sessions for all scopes...
2025-07-25 16:54:53.213 [info] Got 2 sessions for ...
2025-07-25 16:54:53.289 [info] Getting sessions for read:user,repo,user:email,workflow...
2025-07-25 16:54:53.291 [info] Got 1 sessions for read:user,repo,user:email,workflow...
2025-07-25 16:54:53.322 [info] Getting sessions for user:email...
2025-07-25 16:54:53.326 [info] Got 1 sessions for user:email...
2025-07-25 16:54:54.052 [info] Getting sessions for all scopes...
2025-07-25 16:54:54.052 [info] Got 2 sessions for ...
2025-07-25 16:54:54.124 [info] Getting sessions for read:user,repo,user:email,workflow...
2025-07-25 16:54:54.124 [info] Got 1 sessions for read:user,repo,user:email,workflow...
2025-07-25 16:54:54.146 [info] Getting sessions for user:email...
2025-07-25 16:54:54.148 [info] Got 1 sessions for user:email...
2025-07-25 16:54:58.066 [info] Getting sessions for all scopes...
2025-07-25 16:54:58.066 [info] Got 2 sessions for ...
2025-07-25 16:54:58.079 [info] Getting sessions for read:user,repo,user:email,workflow...
2025-07-25 16:54:58.080 [info] Got 1 sessions for read:user,repo,user:email,workflow...
2025-07-25 16:54:58.093 [info] Getting sessions for user:email...
2025-07-25 16:54:58.094 [info] Got 1 sessions for user:email...
2025-07-25 16:55:00.534 [info] Getting sessions for all scopes...
2025-07-25 16:55:00.534 [info] Got 2 sessions for ...
2025-07-25 16:55:03.011 [info] Getting sessions for read:user,repo,user:email,workflow...
2025-07-25 16:55:03.014 [info] Got 1 sessions for read:user,repo,user:email,workflow...
2025-07-25 16:55:03.455 [info] Getting sessions for user:email...
2025-07-25 16:55:03.455 [info] Got 1 sessions for user:email...
2025-07-25 16:55:03.810 [info] Getting sessions for all scopes...
2025-07-25 16:55:03.810 [info] Got 2 sessions for ...
2025-07-25 16:55:03.879 [info] Getting sessions for read:user,repo,user:email,workflow...
2025-07-25 16:55:03.882 [info] Got 1 sessions for read:user,repo,user:email,workflow...
2025-07-25 16:55:03.991 [info] Getting sessions for user:email...
2025-07-25 16:55:03.992 [info] Got 1 sessions for user:email...
2025-07-25 16:55:05.287 [info] Getting sessions for all scopes...
2025-07-25 16:55:05.288 [info] Got 2 sessions for ...
2025-07-25 16:55:05.394 [info] Getting sessions for read:user,repo,user:email,workflow...
2025-07-25 16:55:05.394 [info] Got 1 sessions for read:user,repo,user:email,workflow...
2025-07-25 16:55:05.455 [info] Getting sessions for user:email...
2025-07-25 16:55:05.455 [info] Got 1 sessions for user:email...
2025-07-25 16:55:07.049 [info] Getting sessions for all scopes...
2025-07-25 16:55:07.049 [info] Got 2 sessions for ...
2025-07-25 16:55:08.470 [info] Getting sessions for read:user,repo,user:email,workflow...
2025-07-25 16:55:08.470 [info] Got 1 sessions for read:user,repo,user:email,workflow...
2025-07-25 16:55:10.307 [info] Getting sessions for user:email...
2025-07-25 16:55:10.307 [info] Got 1 sessions for user:email...
2025-07-25 16:55:10.741 [info] Getting sessions for all scopes...
2025-07-25 16:55:10.742 [info] Got 2 sessions for ...
2025-07-25 16:55:10.754 [info] Getting sessions for read:user,repo,user:email,workflow...
2025-07-25 16:55:10.755 [info] Got 1 sessions for read:user,repo,user:email,workflow...
2025-07-25 16:55:10.771 [info] Getting sessions for user:email...
2025-07-25 16:55:10.771 [info] Got 1 sessions for user:email...
2025-07-25 16:55:10.819 [info] Getting sessions for all scopes...
2025-07-25 16:55:10.819 [info] Got 2 sessions for ...
2025-07-25 16:55:10.830 [info] Getting sessions for read:user,repo,user:email,workflow...
2025-07-25 16:55:10.830 [info] Got 1 sessions for read:user,repo,user:email,workflow...
2025-07-25 16:55:10.848 [info] Getting sessions for user:email...
2025-07-25 16:55:10.848 [info] Got 1 sessions for user:email...
2025-07-25 16:55:12.602 [info] Getting sessions for all scopes...
2025-07-25 16:55:12.602 [info] Got 2 sessions for ...
2025-07-25 16:55:13.691 [info] Getting sessions for read:user,repo,user:email,workflow...
2025-07-25 16:55:13.693 [info] Got 1 sessions for read:user,repo,user:email,workflow...
2025-07-25 16:55:14.901 [info] Getting sessions for user:email...
2025-07-25 16:55:14.914 [info] Got 1 sessions for user:email...
2025-07-25 16:55:15.468 [info] Getting sessions for all scopes...
2025-07-25 16:55:15.468 [info] Got 2 sessions for ...
2025-07-25 16:55:15.774 [info] Getting sessions for read:user,repo,user:email,workflow...
2025-07-25 16:55:15.774 [info] Got 1 sessions for read:user,repo,user:email,workflow...
2025-07-25 16:55:15.789 [info] Getting sessions for user:email...
2025-07-25 16:55:15.790 [info] Got 1 sessions for user:email...
2025-07-25 16:55:16.219 [info] Getting sessions for all scopes...
2025-07-25 16:55:16.219 [info] Got 2 sessions for ...
2025-07-25 16:55:16.238 [info] Getting sessions for read:user,repo,user:email,workflow...
2025-07-25 16:55:16.239 [info] Got 1 sessions for read:user,repo,user:email,workflow...
2025-07-25 16:55:16.252 [info] Getting sessions for user:email...
2025-07-25 16:55:16.252 [info] Got 1 sessions for user:email...
2025-07-25 16:55:35.300 [info] Getting sessions for all scopes...
2025-07-25 16:55:35.300 [info] Got 2 sessions for ...
2025-07-25 16:55:35.395 [info] Getting sessions for read:user,repo,user:email,workflow...
2025-07-25 16:55:35.395 [info] Got 1 sessions for read:user,repo,user:email,workflow...
2025-07-25 16:55:35.435 [info] Getting sessions for user:email...
2025-07-25 16:55:35.436 [info] Got 1 sessions for user:email...
2025-07-25 16:55:36.531 [info] Getting sessions for all scopes...
2025-07-25 16:55:36.532 [info] Got 2 sessions for ...
2025-07-25 16:55:36.637 [info] Getting sessions for read:user,repo,user:email,workflow...
2025-07-25 16:55:36.637 [info] Got 1 sessions for read:user,repo,user:email,workflow...
2025-07-25 16:55:36.782 [info] Getting sessions for user:email...
2025-07-25 16:55:36.782 [info] Got 1 sessions for user:email...
2025-07-25 16:55:39.294 [info] Getting sessions for all scopes...
2025-07-25 16:55:39.295 [info] Got 2 sessions for ...
2025-07-25 16:55:39.343 [info] Getting sessions for read:user,repo,user:email,workflow...
2025-07-25 16:55:39.343 [info] Got 1 sessions for read:user,repo,user:email,workflow...
2025-07-25 16:55:39.407 [info] Getting sessions for user:email...
2025-07-25 16:55:39.407 [info] Got 1 sessions for user:email...
2025-07-25 16:55:40.423 [info] Getting sessions for all scopes...
2025-07-25 16:55:40.423 [info] Got 2 sessions for ...
2025-07-25 16:55:41.280 [info] Getting sessions for read:user,repo,user:email,workflow...
2025-07-25 16:55:41.280 [info] Got 1 sessions for read:user,repo,user:email,workflow...
2025-07-25 16:55:41.756 [info] Getting sessions for user:email...
2025-07-25 16:55:41.756 [info] Got 1 sessions for user:email...
2025-07-25 16:55:42.145 [info] Getting sessions for all scopes...
2025-07-25 16:55:42.146 [info] Got 2 sessions for ...
2025-07-25 16:55:42.210 [info] Getting sessions for read:user,repo,user:email,workflow...
2025-07-25 16:55:42.210 [info] Got 1 sessions for read:user,repo,user:email,workflow...
2025-07-25 16:55:42.300 [info] Getting sessions for user:email...
2025-07-25 16:55:42.300 [info] Got 1 sessions for user:email...
2025-07-25 16:55:43.231 [info] Getting sessions for all scopes...
2025-07-25 16:55:43.231 [info] Got 2 sessions for ...
2025-07-25 16:55:43.287 [info] Getting sessions for read:user,repo,user:email,workflow...
2025-07-25 16:55:43.287 [info] Got 1 sessions for read:user,repo,user:email,workflow...
2025-07-25 16:55:43.311 [info] Getting sessions for user:email...
2025-07-25 16:55:43.313 [info] Got 1 sessions for user:email...
2025-07-25 16:55:43.420 [info] Getting sessions for all scopes...
2025-07-25 16:55:43.420 [info] Got 2 sessions for ...
2025-07-25 16:55:43.443 [info] Getting sessions for read:user,repo,user:email,workflow...
2025-07-25 16:55:43.443 [info] Got 1 sessions for read:user,repo,user:email,workflow...
2025-07-25 16:55:43.991 [info] Getting sessions for user:email...
2025-07-25 16:55:43.991 [info] Got 1 sessions for user:email...
2025-07-25 16:55:45.660 [info] Getting sessions for all scopes...
2025-07-25 16:55:45.660 [info] Got 2 sessions for ...
2025-07-25 16:55:46.438 [info] Getting sessions for read:user,repo,user:email,workflow...
2025-07-25 16:55:46.438 [info] Got 1 sessions for read:user,repo,user:email,workflow...
2025-07-25 16:55:46.454 [info] Getting sessions for user:email...
2025-07-25 16:55:46.454 [info] Got 1 sessions for user:email...
2025-07-25 16:55:47.332 [info] Getting sessions for all scopes...
2025-07-25 16:55:47.332 [info] Got 2 sessions for ...
2025-07-25 16:55:47.357 [info] Getting sessions for read:user,repo,user:email,workflow...
2025-07-25 16:55:47.357 [info] Got 1 sessions for read:user,repo,user:email,workflow...
2025-07-25 16:55:47.390 [info] Getting sessions for user:email...
2025-07-25 16:55:47.391 [info] Got 1 sessions for user:email...
2025-07-25 16:57:17.036 [info] Getting sessions for all scopes...
2025-07-25 16:57:17.036 [info] Got 2 sessions for ...
2025-07-25 16:57:17.901 [info] Getting sessions for read:user,repo,user:email,workflow...
2025-07-25 16:57:17.901 [info] Got 1 sessions for read:user,repo,user:email,workflow...
2025-07-25 16:57:19.208 [info] Getting sessions for user:email...
2025-07-25 16:57:19.208 [info] Got 1 sessions for user:email...
2025-07-25 16:57:19.876 [info] Getting sessions for all scopes...
2025-07-25 16:57:19.877 [info] Got 2 sessions for ...
2025-07-25 16:57:20.192 [info] Getting sessions for read:user,repo,user:email,workflow...
2025-07-25 16:57:20.196 [info] Got 1 sessions for read:user,repo,user:email,workflow...
2025-07-25 16:57:20.272 [info] Getting sessions for user:email...
2025-07-25 16:57:20.279 [info] Got 1 sessions for user:email...
2025-07-25 16:57:23.545 [info] Getting sessions for all scopes...
2025-07-25 16:57:23.545 [info] Got 2 sessions for ...
2025-07-25 16:57:23.583 [info] Getting sessions for read:user,repo,user:email,workflow...
2025-07-25 16:57:23.583 [info] Got 1 sessions for read:user,repo,user:email,workflow...
2025-07-25 16:57:23.620 [info] Getting sessions for user:email...
2025-07-25 16:57:23.620 [info] Got 1 sessions for user:email...
2025-07-25 16:57:24.717 [info] Getting sessions for all scopes...
2025-07-25 16:57:24.717 [info] Got 2 sessions for ...
2025-07-25 16:57:25.098 [info] Getting sessions for read:user,repo,user:email,workflow...
2025-07-25 16:57:25.098 [info] Got 1 sessions for read:user,repo,user:email,workflow...
2025-07-25 16:57:25.216 [info] Getting sessions for user:email...
2025-07-25 16:57:25.219 [info] Got 1 sessions for user:email...
2025-07-25 16:57:26.074 [info] Getting sessions for all scopes...
2025-07-25 16:57:26.074 [info] Got 2 sessions for ...
2025-07-25 16:57:26.587 [info] Getting sessions for read:user,repo,user:email,workflow...
2025-07-25 16:57:26.588 [info] Got 1 sessions for read:user,repo,user:email,workflow...
2025-07-25 16:57:27.009 [info] Getting sessions for user:email...
2025-07-25 16:57:27.010 [info] Got 1 sessions for user:email...
2025-07-25 16:57:28.316 [info] Getting sessions for all scopes...
2025-07-25 16:57:28.316 [info] Got 2 sessions for ...
2025-07-25 16:57:29.252 [info] Getting sessions for read:user,repo,user:email,workflow...
2025-07-25 16:57:29.252 [info] Got 1 sessions for read:user,repo,user:email,workflow...
2025-07-25 16:57:29.617 [info] Getting sessions for user:email...
2025-07-25 16:57:29.617 [info] Got 1 sessions for user:email...
2025-07-25 16:57:29.854 [info] Getting sessions for all scopes...
2025-07-25 16:57:29.854 [info] Got 2 sessions for ...
2025-07-25 16:57:29.869 [info] Getting sessions for read:user,repo,user:email,workflow...
2025-07-25 16:57:29.869 [info] Got 1 sessions for read:user,repo,user:email,workflow...
2025-07-25 16:57:29.889 [info] Getting sessions for user:email...
2025-07-25 16:57:29.889 [info] Got 1 sessions for user:email...
2025-07-25 16:57:30.649 [info] Getting sessions for all scopes...
2025-07-25 16:57:30.649 [info] Got 2 sessions for ...
2025-07-25 16:57:30.670 [info] Getting sessions for read:user,repo,user:email,workflow...
2025-07-25 16:57:30.670 [info] Got 1 sessions for read:user,repo,user:email,workflow...
2025-07-25 16:57:30.684 [info] Getting sessions for user:email...
2025-07-25 16:57:30.685 [info] Got 1 sessions for user:email...
2025-07-25 16:57:34.584 [info] Getting sessions for all scopes...
2025-07-25 16:57:34.585 [info] Got 2 sessions for ...
2025-07-25 16:57:34.625 [info] Getting sessions for read:user,repo,user:email,workflow...
2025-07-25 16:57:34.625 [info] Got 1 sessions for read:user,repo,user:email,workflow...
2025-07-25 16:57:34.645 [info] Getting sessions for user:email...
2025-07-25 16:57:34.645 [info] Got 1 sessions for user:email...
2025-07-25 16:57:35.995 [info] Getting sessions for all scopes...
2025-07-25 16:57:35.995 [info] Got 2 sessions for ...
2025-07-25 16:57:38.002 [info] Getting sessions for read:user,repo,user:email,workflow...
2025-07-25 16:57:38.003 [info] Got 1 sessions for read:user,repo,user:email,workflow...
2025-07-25 16:57:38.657 [info] Getting sessions for user:email...
2025-07-25 16:57:38.657 [info] Got 1 sessions for user:email...
2025-07-25 16:57:38.934 [info] Getting sessions for all scopes...
2025-07-25 16:57:38.935 [info] Got 2 sessions for ...
2025-07-25 16:57:39.052 [info] Getting sessions for read:user,repo,user:email,workflow...
2025-07-25 16:57:39.052 [info] Got 1 sessions for read:user,repo,user:email,workflow...
2025-07-25 16:57:39.080 [info] Getting sessions for user:email...
2025-07-25 16:57:39.080 [info] Got 1 sessions for user:email...
2025-07-25 16:57:40.089 [info] Getting sessions for all scopes...
2025-07-25 16:57:40.089 [info] Got 2 sessions for ...
2025-07-25 16:57:42.776 [info] Getting sessions for read:user,repo,user:email,workflow...
2025-07-25 16:57:42.776 [info] Got 1 sessions for read:user,repo,user:email,workflow...
2025-07-25 16:57:43.255 [info] Getting sessions for user:email...
2025-07-25 16:57:43.255 [info] Got 1 sessions for user:email...
2025-07-25 16:57:43.518 [info] Getting sessions for all scopes...
2025-07-25 16:57:43.522 [info] Got 2 sessions for ...
2025-07-25 16:57:43.586 [info] Getting sessions for read:user,repo,user:email,workflow...
2025-07-25 16:57:43.586 [info] Got 1 sessions for read:user,repo,user:email,workflow...
2025-07-25 16:57:43.648 [info] Getting sessions for user:email...
2025-07-25 16:57:43.648 [info] Got 1 sessions for user:email...
2025-07-25 16:57:44.357 [info] Getting sessions for all scopes...
2025-07-25 16:57:44.358 [info] Got 2 sessions for ...
2025-07-25 16:57:44.446 [info] Getting sessions for read:user,repo,user:email,workflow...
2025-07-25 16:57:44.446 [info] Got 1 sessions for read:user,repo,user:email,workflow...
2025-07-25 16:57:44.500 [info] Getting sessions for user:email...
2025-07-25 16:57:44.500 [info] Got 1 sessions for user:email...
2025-07-25 16:57:46.049 [info] Getting sessions for all scopes...
2025-07-25 16:57:46.049 [info] Got 2 sessions for ...
2025-07-25 16:57:46.203 [info] Getting sessions for read:user,repo,user:email,workflow...
2025-07-25 16:57:46.204 [info] Got 1 sessions for read:user,repo,user:email,workflow...
2025-07-25 16:57:46.287 [info] Getting sessions for user:email...
2025-07-25 16:57:46.287 [info] Got 1 sessions for user:email...
2025-07-25 16:57:47.092 [info] Getting sessions for all scopes...
2025-07-25 16:57:47.092 [info] Got 2 sessions for ...
2025-07-25 16:57:47.363 [info] Getting sessions for read:user,repo,user:email,workflow...
2025-07-25 16:57:47.364 [info] Got 1 sessions for read:user,repo,user:email,workflow...
2025-07-25 16:57:47.473 [info] Getting sessions for user:email...
2025-07-25 16:57:47.473 [info] Got 1 sessions for user:email...
2025-07-25 16:57:49.190 [info] Getting sessions for all scopes...
2025-07-25 16:57:49.190 [info] Got 2 sessions for ...
2025-07-25 16:57:50.027 [info] Getting sessions for read:user,repo,user:email,workflow...
2025-07-25 16:57:50.027 [info] Got 1 sessions for read:user,repo,user:email,workflow...
2025-07-25 16:57:50.065 [info] Getting sessions for user:email...
2025-07-25 16:57:50.065 [info] Got 1 sessions for user:email...
2025-07-25 16:57:50.164 [info] Getting sessions for all scopes...
2025-07-25 16:57:50.165 [info] Got 2 sessions for ...
2025-07-25 16:57:50.184 [info] Getting sessions for read:user,repo,user:email,workflow...
2025-07-25 16:57:50.184 [info] Got 1 sessions for read:user,repo,user:email,workflow...
2025-07-25 16:57:50.215 [info] Getting sessions for user:email...
2025-07-25 16:57:50.215 [info] Got 1 sessions for user:email...
2025-07-25 16:57:51.015 [info] Getting sessions for all scopes...
2025-07-25 16:57:51.019 [info] Got 2 sessions for ...
2025-07-25 16:57:51.407 [info] Getting sessions for read:user,repo,user:email,workflow...
2025-07-25 16:57:51.414 [info] Got 1 sessions for read:user,repo,user:email,workflow...
2025-07-25 16:57:52.501 [info] Getting sessions for user:email...
2025-07-25 16:57:52.501 [info] Got 1 sessions for user:email...
2025-07-25 16:57:52.750 [info] Getting sessions for all scopes...
2025-07-25 16:57:52.750 [info] Got 2 sessions for ...
2025-07-25 16:57:52.800 [info] Getting sessions for read:user,repo,user:email,workflow...
2025-07-25 16:57:52.800 [info] Got 1 sessions for read:user,repo,user:email,workflow...
2025-07-25 16:57:52.945 [info] Getting sessions for user:email...
2025-07-25 16:57:52.945 [info] Got 1 sessions for user:email...
2025-07-25 16:57:53.616 [info] Getting sessions for all scopes...
2025-07-25 16:57:53.616 [info] Got 2 sessions for ...
2025-07-25 16:57:53.681 [info] Getting sessions for read:user,repo,user:email,workflow...
2025-07-25 16:57:53.682 [info] Got 1 sessions for read:user,repo,user:email,workflow...
2025-07-25 16:57:53.717 [info] Getting sessions for user:email...
2025-07-25 16:57:53.717 [info] Got 1 sessions for user:email...
2025-07-25 16:58:23.286 [info] Getting sessions for all scopes...
2025-07-25 16:58:23.286 [info] Got 2 sessions for ...
2025-07-25 16:58:23.852 [info] Getting sessions for read:user,repo,user:email,workflow...
2025-07-25 16:58:23.852 [info] Got 1 sessions for read:user,repo,user:email,workflow...
2025-07-25 16:58:25.285 [info] Getting sessions for user:email...
2025-07-25 16:58:25.285 [info] Got 1 sessions for user:email...
2025-07-25 16:58:25.938 [info] Getting sessions for all scopes...
2025-07-25 16:58:25.939 [info] Got 2 sessions for ...
2025-07-25 16:58:26.000 [info] Getting sessions for read:user,repo,user:email,workflow...
2025-07-25 16:58:26.002 [info] Got 1 sessions for read:user,repo,user:email,workflow...
2025-07-25 16:58:26.036 [info] Getting sessions for user:email...
2025-07-25 16:58:26.036 [info] Got 1 sessions for user:email...
2025-07-25 16:58:26.835 [info] Getting sessions for all scopes...
2025-07-25 16:58:26.835 [info] Got 2 sessions for ...
2025-07-25 16:58:28.015 [info] Getting sessions for read:user,repo,user:email,workflow...
2025-07-25 16:58:28.015 [info] Got 1 sessions for read:user,repo,user:email,workflow...
2025-07-25 16:58:28.605 [info] Getting sessions for user:email...
2025-07-25 16:58:28.616 [info] Got 1 sessions for user:email...
2025-07-25 16:58:28.744 [info] Getting sessions for all scopes...
2025-07-25 16:58:28.744 [info] Got 2 sessions for ...
2025-07-25 16:58:28.786 [info] Getting sessions for read:user,repo,user:email,workflow...
2025-07-25 16:58:28.786 [info] Got 1 sessions for read:user,repo,user:email,workflow...
2025-07-25 16:58:28.825 [info] Getting sessions for user:email...
2025-07-25 16:58:28.825 [info] Got 1 sessions for user:email...
2025-07-25 16:58:32.692 [info] Getting sessions for all scopes...
2025-07-25 16:58:32.692 [info] Got 2 sessions for ...
2025-07-25 16:58:32.728 [info] Getting sessions for read:user,repo,user:email,workflow...
2025-07-25 16:58:32.728 [info] Got 1 sessions for read:user,repo,user:email,workflow...
2025-07-25 16:58:32.743 [info] Getting sessions for user:email...
2025-07-25 16:58:32.743 [info] Got 1 sessions for user:email...
2025-07-25 16:58:47.435 [info] Getting sessions for all scopes...
2025-07-25 16:58:47.435 [info] Got 2 sessions for ...
2025-07-25 16:58:47.809 [info] Getting sessions for read:user,repo,user:email,workflow...
2025-07-25 16:58:47.813 [info] Got 1 sessions for read:user,repo,user:email,workflow...
2025-07-25 16:58:48.612 [info] Getting sessions for user:email...
2025-07-25 16:58:48.612 [info] Got 1 sessions for user:email...
2025-07-25 16:58:49.434 [info] Getting sessions for all scopes...
2025-07-25 16:58:49.434 [info] Got 2 sessions for ...
2025-07-25 16:58:49.640 [info] Getting sessions for read:user,repo,user:email,workflow...
2025-07-25 16:58:49.640 [info] Got 1 sessions for read:user,repo,user:email,workflow...
2025-07-25 16:58:50.286 [info] Getting sessions for user:email...
2025-07-25 16:58:50.286 [info] Got 1 sessions for user:email...
2025-07-25 16:58:55.325 [info] Getting sessions for all scopes...
2025-07-25 16:58:55.325 [info] Got 2 sessions for ...
2025-07-25 16:58:55.343 [info] Getting sessions for read:user,repo,user:email,workflow...
2025-07-25 16:58:55.343 [info] Got 1 sessions for read:user,repo,user:email,workflow...
2025-07-25 16:58:55.369 [info] Getting sessions for user:email...
2025-07-25 16:58:55.369 [info] Got 1 sessions for user:email...
2025-07-25 16:58:56.760 [info] Getting sessions for all scopes...
2025-07-25 16:58:56.760 [info] Got 2 sessions for ...
2025-07-25 16:58:56.844 [info] Getting sessions for read:user,repo,user:email,workflow...
2025-07-25 16:58:56.844 [info] Got 1 sessions for read:user,repo,user:email,workflow...
2025-07-25 16:58:56.890 [info] Getting sessions for user:email...
2025-07-25 16:58:56.890 [info] Got 1 sessions for user:email...
2025-07-25 16:59:14.212 [info] Getting sessions for all scopes...
2025-07-25 16:59:14.213 [info] Got 2 sessions for ...
2025-07-25 16:59:15.490 [info] Getting sessions for read:user,repo,user:email,workflow...
2025-07-25 16:59:15.490 [info] Got 1 sessions for read:user,repo,user:email,workflow...
2025-07-25 16:59:16.055 [info] Getting sessions for user:email...
2025-07-25 16:59:16.056 [info] Got 1 sessions for user:email...
2025-07-25 16:59:16.545 [info] Getting sessions for all scopes...
2025-07-25 16:59:16.545 [info] Got 2 sessions for ...
2025-07-25 16:59:16.760 [info] Getting sessions for read:user,repo,user:email,workflow...
2025-07-25 16:59:16.760 [info] Got 1 sessions for read:user,repo,user:email,workflow...
2025-07-25 16:59:17.354 [info] Getting sessions for user:email...
2025-07-25 16:59:17.354 [info] Got 1 sessions for user:email...
2025-07-25 16:59:17.697 [info] Getting sessions for all scopes...
2025-07-25 16:59:17.697 [info] Got 2 sessions for ...
2025-07-25 16:59:17.722 [info] Getting sessions for read:user,repo,user:email,workflow...
2025-07-25 16:59:17.722 [info] Got 1 sessions for read:user,repo,user:email,workflow...
2025-07-25 16:59:17.744 [info] Getting sessions for user:email...
2025-07-25 16:59:17.744 [info] Got 1 sessions for user:email...
2025-07-25 16:59:21.707 [info] Getting sessions for all scopes...
2025-07-25 16:59:21.707 [info] Got 2 sessions for ...
2025-07-25 16:59:21.719 [info] Getting sessions for read:user,repo,user:email,workflow...
2025-07-25 16:59:21.719 [info] Got 1 sessions for read:user,repo,user:email,workflow...
2025-07-25 16:59:21.729 [info] Getting sessions for user:email...
2025-07-25 16:59:21.729 [info] Got 1 sessions for user:email...
2025-07-25 16:59:41.625 [info] Getting sessions for all scopes...
2025-07-25 16:59:41.625 [info] Got 2 sessions for ...
2025-07-25 16:59:42.346 [info] Getting sessions for read:user,repo,user:email,workflow...
2025-07-25 16:59:42.347 [info] Got 1 sessions for read:user,repo,user:email,workflow...
2025-07-25 16:59:43.564 [info] Getting sessions for user:email...
2025-07-25 16:59:43.572 [info] Got 1 sessions for user:email...
2025-07-25 16:59:44.121 [info] Getting sessions for all scopes...
2025-07-25 16:59:44.122 [info] Got 2 sessions for ...
2025-07-25 16:59:44.400 [info] Getting sessions for read:user,repo,user:email,workflow...
2025-07-25 16:59:44.400 [info] Got 1 sessions for read:user,repo,user:email,workflow...
2025-07-25 16:59:44.495 [info] Getting sessions for user:email...
2025-07-25 16:59:44.500 [info] Got 1 sessions for user:email...
2025-07-25 16:59:48.628 [info] Getting sessions for all scopes...
2025-07-25 16:59:48.628 [info] Got 2 sessions for ...
2025-07-25 16:59:48.648 [info] Getting sessions for read:user,repo,user:email,workflow...
2025-07-25 16:59:48.648 [info] Got 1 sessions for read:user,repo,user:email,workflow...
2025-07-25 16:59:48.665 [info] Getting sessions for user:email...
2025-07-25 16:59:48.666 [info] Got 1 sessions for user:email...
2025-07-25 17:00:23.049 [info] Getting sessions for all scopes...
2025-07-25 17:00:23.049 [info] Got 2 sessions for ...
2025-07-25 17:00:23.866 [info] Getting sessions for read:user,repo,user:email,workflow...
2025-07-25 17:00:23.866 [info] Got 1 sessions for read:user,repo,user:email,workflow...
2025-07-25 17:00:24.153 [info] Getting sessions for user:email...
2025-07-25 17:00:24.154 [info] Got 1 sessions for user:email...
2025-07-25 17:00:24.600 [info] Getting sessions for all scopes...
2025-07-25 17:00:24.600 [info] Got 2 sessions for ...
2025-07-25 17:00:24.880 [info] Getting sessions for read:user,repo,user:email,workflow...
2025-07-25 17:00:24.880 [info] Got 1 sessions for read:user,repo,user:email,workflow...
2025-07-25 17:00:24.951 [info] Getting sessions for user:email...
2025-07-25 17:00:24.951 [info] Got 1 sessions for user:email...
2025-07-25 17:00:29.682 [info] Getting sessions for all scopes...
2025-07-25 17:00:29.682 [info] Got 2 sessions for ...
2025-07-25 17:00:29.693 [info] Getting sessions for read:user,repo,user:email,workflow...
2025-07-25 17:00:29.693 [info] Got 1 sessions for read:user,repo,user:email,workflow...
2025-07-25 17:00:29.704 [info] Getting sessions for user:email...
2025-07-25 17:00:29.704 [info] Got 1 sessions for user:email...
2025-07-25 17:03:22.255 [info] Getting sessions for all scopes...
2025-07-25 17:03:22.256 [info] Got 2 sessions for ...
2025-07-25 17:03:22.299 [info] Getting sessions for read:user,repo,user:email,workflow...
2025-07-25 17:03:22.299 [info] Got 1 sessions for read:user,repo,user:email,workflow...
2025-07-25 17:03:22.357 [info] Getting sessions for user:email...
2025-07-25 17:03:22.357 [info] Got 1 sessions for user:email...
2025-07-25 17:03:26.135 [info] Getting sessions for all scopes...
2025-07-25 17:03:26.135 [info] Got 2 sessions for ...
2025-07-25 17:03:28.427 [info] Getting sessions for read:user,repo,user:email,workflow...
2025-07-25 17:03:28.430 [info] Got 1 sessions for read:user,repo,user:email,workflow...
2025-07-25 17:03:28.482 [info] Getting sessions for user:email...
2025-07-25 17:03:28.482 [info] Got 1 sessions for user:email...
2025-07-25 17:03:28.722 [info] Getting sessions for all scopes...
2025-07-25 17:03:28.722 [info] Got 2 sessions for ...
2025-07-25 17:03:28.803 [info] Getting sessions for read:user,repo,user:email,workflow...
2025-07-25 17:03:28.803 [info] Got 1 sessions for read:user,repo,user:email,workflow...
2025-07-25 17:03:28.853 [info] Getting sessions for user:email...
2025-07-25 17:03:28.853 [info] Got 1 sessions for user:email...
2025-07-25 17:03:29.447 [info] Getting sessions for all scopes...
2025-07-25 17:03:29.447 [info] Got 2 sessions for ...
2025-07-25 17:03:29.580 [info] Getting sessions for read:user,repo,user:email,workflow...
2025-07-25 17:03:29.580 [info] Got 1 sessions for read:user,repo,user:email,workflow...
2025-07-25 17:03:29.631 [info] Getting sessions for user:email...
2025-07-25 17:03:29.631 [info] Got 1 sessions for user:email...
2025-07-25 17:03:31.821 [info] Getting sessions for all scopes...
2025-07-25 17:03:31.827 [info] Got 2 sessions for ...
2025-07-25 17:03:32.190 [info] Getting sessions for read:user,repo,user:email,workflow...
2025-07-25 17:03:32.190 [info] Got 1 sessions for read:user,repo,user:email,workflow...
2025-07-25 17:03:32.239 [info] Getting sessions for user:email...
2025-07-25 17:03:32.257 [info] Got 1 sessions for user:email...
2025-07-25 17:03:32.478 [info] Getting sessions for all scopes...
2025-07-25 17:03:32.478 [info] Got 2 sessions for ...
2025-07-25 17:03:32.514 [info] Getting sessions for read:user,repo,user:email,workflow...
2025-07-25 17:03:32.514 [info] Got 1 sessions for read:user,repo,user:email,workflow...
2025-07-25 17:03:32.531 [info] Getting sessions for user:email...
2025-07-25 17:03:32.531 [info] Got 1 sessions for user:email...
2025-07-25 17:03:32.946 [info] Getting sessions for all scopes...
2025-07-25 17:03:32.946 [info] Got 2 sessions for ...
2025-07-25 17:03:32.962 [info] Getting sessions for read:user,repo,user:email,workflow...
2025-07-25 17:03:32.962 [info] Got 1 sessions for read:user,repo,user:email,workflow...
2025-07-25 17:03:32.983 [info] Getting sessions for user:email...
2025-07-25 17:03:32.983 [info] Got 1 sessions for user:email...
2025-07-25 17:03:35.443 [info] Getting sessions for all scopes...
2025-07-25 17:03:35.444 [info] Got 2 sessions for ...
2025-07-25 17:03:36.163 [info] Getting sessions for read:user,repo,user:email,workflow...
2025-07-25 17:03:36.163 [info] Got 1 sessions for read:user,repo,user:email,workflow...
2025-07-25 17:03:36.267 [info] Getting sessions for user:email...
2025-07-25 17:03:36.267 [info] Got 1 sessions for user:email...
2025-07-25 17:03:40.263 [info] Getting sessions for all scopes...
2025-07-25 17:03:40.263 [info] Got 2 sessions for ...
2025-07-25 17:03:40.298 [info] Getting sessions for read:user,repo,user:email,workflow...
2025-07-25 17:03:40.299 [info] Got 1 sessions for read:user,repo,user:email,workflow...
2025-07-25 17:03:40.326 [info] Getting sessions for user:email...
2025-07-25 17:03:40.326 [info] Got 1 sessions for user:email...
2025-07-25 17:03:51.501 [info] Getting sessions for all scopes...
2025-07-25 17:03:51.501 [info] Got 2 sessions for ...
2025-07-25 17:03:52.807 [info] Getting sessions for read:user,repo,user:email,workflow...
2025-07-25 17:03:52.807 [info] Got 1 sessions for read:user,repo,user:email,workflow...
2025-07-25 17:03:55.355 [info] Getting sessions for user:email...
2025-07-25 17:03:55.355 [info] Got 1 sessions for user:email...
2025-07-25 17:03:57.598 [info] Getting sessions for all scopes...
2025-07-25 17:03:57.598 [info] Got 2 sessions for ...
2025-07-25 17:03:58.399 [info] Getting sessions for read:user,repo,user:email,workflow...
2025-07-25 17:03:58.399 [info] Got 1 sessions for read:user,repo,user:email,workflow...
2025-07-25 17:03:58.556 [info] Getting sessions for user:email...
2025-07-25 17:03:58.556 [info] Got 1 sessions for user:email...
2025-07-25 17:03:58.783 [info] Getting sessions for all scopes...
2025-07-25 17:03:58.783 [info] Got 2 sessions for ...
2025-07-25 17:03:58.801 [info] Getting sessions for read:user,repo,user:email,workflow...
2025-07-25 17:03:58.802 [info] Got 1 sessions for read:user,repo,user:email,workflow...
2025-07-25 17:03:58.899 [info] Getting sessions for user:email...
2025-07-25 17:03:58.899 [info] Got 1 sessions for user:email...
2025-07-25 17:03:59.462 [info] Getting sessions for all scopes...
2025-07-25 17:03:59.464 [info] Got 2 sessions for ...
2025-07-25 17:03:59.484 [info] Getting sessions for read:user,repo,user:email,workflow...
2025-07-25 17:03:59.484 [info] Got 1 sessions for read:user,repo,user:email,workflow...
2025-07-25 17:03:59.509 [info] Getting sessions for user:email...
2025-07-25 17:03:59.509 [info] Got 1 sessions for user:email...
2025-07-25 17:04:02.468 [info] Getting sessions for all scopes...
2025-07-25 17:04:02.468 [info] Got 2 sessions for ...
2025-07-25 17:04:02.483 [info] Getting sessions for read:user,repo,user:email,workflow...
2025-07-25 17:04:02.484 [info] Got 1 sessions for read:user,repo,user:email,workflow...
2025-07-25 17:04:02.503 [info] Getting sessions for user:email...
2025-07-25 17:04:02.503 [info] Got 1 sessions for user:email...
2025-07-25 17:04:08.880 [info] Getting sessions for all scopes...
2025-07-25 17:04:08.881 [info] Got 2 sessions for ...
2025-07-25 17:04:08.895 [info] Getting sessions for read:user,repo,user:email,workflow...
2025-07-25 17:04:08.895 [info] Got 1 sessions for read:user,repo,user:email,workflow...
2025-07-25 17:04:08.905 [info] Getting sessions for user:email...
2025-07-25 17:04:08.906 [info] Got 1 sessions for user:email...
2025-07-25 17:05:08.993 [info] Getting sessions for all scopes...
2025-07-25 17:05:08.993 [info] Got 2 sessions for ...
2025-07-25 17:05:09.732 [info] Getting sessions for read:user,repo,user:email,workflow...
2025-07-25 17:05:09.733 [info] Got 1 sessions for read:user,repo,user:email,workflow...
2025-07-25 17:05:11.310 [info] Getting sessions for user:email...
2025-07-25 17:05:11.311 [info] Got 1 sessions for user:email...
2025-07-25 17:05:11.869 [info] Getting sessions for all scopes...
2025-07-25 17:05:11.869 [info] Got 2 sessions for ...
2025-07-25 17:05:11.916 [info] Getting sessions for read:user,repo,user:email,workflow...
2025-07-25 17:05:11.916 [info] Got 1 sessions for read:user,repo,user:email,workflow...
2025-07-25 17:05:11.936 [info] Getting sessions for user:email...
2025-07-25 17:05:11.936 [info] Got 1 sessions for user:email...
2025-07-25 17:05:13.855 [info] Getting sessions for all scopes...
2025-07-25 17:05:13.855 [info] Got 2 sessions for ...
2025-07-25 17:05:13.856 [info] Getting sessions for all scopes...
2025-07-25 17:05:13.856 [info] Got 2 sessions for ...
2025-07-25 17:05:13.865 [info] Getting sessions for read:user,repo,user:email,workflow...
2025-07-25 17:05:13.865 [info] Got 1 sessions for read:user,repo,user:email,workflow...
2025-07-25 17:05:13.880 [info] Getting sessions for user:email...
2025-07-25 17:05:13.881 [info] Got 1 sessions for user:email...
2025-07-25 17:05:13.883 [info] Getting sessions for read:user,repo,user:email,workflow...
2025-07-25 17:05:13.883 [info] Got 1 sessions for read:user,repo,user:email,workflow...
2025-07-25 17:05:13.900 [info] Getting sessions for all scopes...
2025-07-25 17:05:13.900 [info] Got 2 sessions for ...
2025-07-25 17:05:13.921 [info] Getting sessions for read:user,repo,user:email,workflow...
2025-07-25 17:05:13.921 [info] Got 1 sessions for read:user,repo,user:email,workflow...
2025-07-25 17:05:13.931 [info] Getting sessions for user:email...
2025-07-25 17:05:13.931 [info] Got 1 sessions for user:email...
2025-07-25 17:05:13.956 [info] Getting sessions for all scopes...
2025-07-25 17:05:13.956 [info] Got 2 sessions for ...
2025-07-25 17:05:13.958 [info] Getting sessions for all scopes...
2025-07-25 17:05:13.958 [info] Got 2 sessions for ...
2025-07-25 17:05:13.965 [info] Getting sessions for read:user,repo,user:email,workflow...
2025-07-25 17:05:13.966 [info] Got 1 sessions for read:user,repo,user:email,workflow...
2025-07-25 17:05:13.979 [info] Getting sessions for user:email...
2025-07-25 17:05:13.979 [info] Got 1 sessions for user:email...
2025-07-25 17:05:13.980 [info] Getting sessions for read:user,repo,user:email,workflow...
2025-07-25 17:05:13.980 [info] Got 1 sessions for read:user,repo,user:email,workflow...
2025-07-25 17:05:14.223 [info] Getting sessions for all scopes...
2025-07-25 17:05:14.223 [info] Got 2 sessions for ...
2025-07-25 17:05:14.387 [info] Getting sessions for read:user,repo,user:email,workflow...
2025-07-25 17:05:14.387 [info] Got 1 sessions for read:user,repo,user:email,workflow...
2025-07-25 17:05:14.475 [info] Getting sessions for user:email...
2025-07-25 17:05:14.475 [info] Got 1 sessions for user:email...
2025-07-25 17:05:16.497 [info] Getting sessions for all scopes...
2025-07-25 17:05:16.497 [info] Got 2 sessions for ...
2025-07-25 17:05:16.534 [info] Getting sessions for read:user,repo,user:email,workflow...
2025-07-25 17:05:16.534 [info] Got 1 sessions for read:user,repo,user:email,workflow...
2025-07-25 17:05:16.553 [info] Getting sessions for user:email...
2025-07-25 17:05:16.553 [info] Got 1 sessions for user:email...
2025-07-25 17:05:17.939 [info] Getting sessions for all scopes...
2025-07-25 17:05:17.939 [info] Got 2 sessions for ...
2025-07-25 17:05:18.578 [info] Getting sessions for read:user,repo,user:email,workflow...
2025-07-25 17:05:18.578 [info] Got 1 sessions for read:user,repo,user:email,workflow...
2025-07-25 17:05:19.299 [info] Getting sessions for user:email...
2025-07-25 17:05:19.300 [info] Got 1 sessions for user:email...
2025-07-25 17:05:21.678 [info] Getting sessions for all scopes...
2025-07-25 17:05:21.678 [info] Got 2 sessions for ...
2025-07-25 17:05:21.747 [info] Getting sessions for read:user,repo,user:email,workflow...
2025-07-25 17:05:21.747 [info] Got 1 sessions for read:user,repo,user:email,workflow...
2025-07-25 17:05:21.790 [info] Getting sessions for user:email...
2025-07-25 17:05:21.790 [info] Got 1 sessions for user:email...
2025-07-25 17:05:23.963 [info] Getting sessions for all scopes...
2025-07-25 17:05:23.963 [info] Got 2 sessions for ...
2025-07-25 17:05:26.594 [info] Getting sessions for read:user,repo,user:email,workflow...
2025-07-25 17:05:26.594 [info] Got 1 sessions for read:user,repo,user:email,workflow...
2025-07-25 17:05:29.235 [info] Getting sessions for user:email...
2025-07-25 17:05:29.236 [info] Got 1 sessions for user:email...
2025-07-25 17:05:32.928 [info] Getting sessions for all scopes...
2025-07-25 17:05:32.928 [info] Got 2 sessions for ...
2025-07-25 17:05:34.123 [info] Getting sessions for read:user,repo,user:email,workflow...
2025-07-25 17:05:34.123 [info] Got 1 sessions for read:user,repo,user:email,workflow...
2025-07-25 17:05:35.547 [info] Getting sessions for user:email...
2025-07-25 17:05:35.547 [info] Got 1 sessions for user:email...
2025-07-25 17:05:35.741 [info] Getting sessions for all scopes...
2025-07-25 17:05:35.741 [info] Got 2 sessions for ...
2025-07-25 17:05:35.780 [info] Getting sessions for read:user,repo,user:email,workflow...
2025-07-25 17:05:35.780 [info] Got 1 sessions for read:user,repo,user:email,workflow...
2025-07-25 17:05:35.851 [info] Getting sessions for user:email...
2025-07-25 17:05:35.854 [info] Got 1 sessions for user:email...
2025-07-25 17:05:36.557 [info] Getting sessions for all scopes...
2025-07-25 17:05:36.557 [info] Got 2 sessions for ...
2025-07-25 17:05:36.651 [info] Getting sessions for read:user,repo,user:email,workflow...
2025-07-25 17:05:36.651 [info] Got 1 sessions for read:user,repo,user:email,workflow...
2025-07-25 17:05:36.751 [info] Getting sessions for user:email...
2025-07-25 17:05:36.752 [info] Got 1 sessions for user:email...
2025-07-25 17:07:27.408 [info] Getting sessions for all scopes...
2025-07-25 17:07:27.409 [info] Got 2 sessions for ...
2025-07-25 17:07:28.048 [info] Getting sessions for read:user,repo,user:email,workflow...
2025-07-25 17:07:28.048 [info] Got 1 sessions for read:user,repo,user:email,workflow...
2025-07-25 17:07:28.473 [info] Getting sessions for user:email...
2025-07-25 17:07:28.473 [info] Got 1 sessions for user:email...
2025-07-25 17:07:29.872 [info] Getting sessions for all scopes...
2025-07-25 17:07:29.872 [info] Got 2 sessions for ...
2025-07-25 17:07:30.529 [info] Getting sessions for read:user,repo,user:email,workflow...
2025-07-25 17:07:30.529 [info] Got 1 sessions for read:user,repo,user:email,workflow...
2025-07-25 17:07:32.392 [info] Getting sessions for user:email...
2025-07-25 17:07:32.397 [info] Got 1 sessions for user:email...
2025-07-25 17:07:33.483 [info] Getting sessions for all scopes...
2025-07-25 17:07:33.484 [info] Got 2 sessions for ...
2025-07-25 17:07:35.496 [info] Getting sessions for read:user,repo,user:email,workflow...
2025-07-25 17:07:35.497 [info] Got 1 sessions for read:user,repo,user:email,workflow...
2025-07-25 17:07:37.569 [info] Getting sessions for user:email...
2025-07-25 17:07:37.569 [info] Got 1 sessions for user:email...
2025-07-25 17:07:38.802 [info] Getting sessions for all scopes...
2025-07-25 17:07:38.806 [info] Got 2 sessions for ...
2025-07-25 17:07:39.960 [info] Getting sessions for read:user,repo,user:email,workflow...
2025-07-25 17:07:39.961 [info] Got 1 sessions for read:user,repo,user:email,workflow...
2025-07-25 17:07:40.119 [info] Getting sessions for user:email...
2025-07-25 17:07:40.119 [info] Got 1 sessions for user:email...
2025-07-25 17:07:41.392 [info] Getting sessions for all scopes...
2025-07-25 17:07:41.393 [info] Got 2 sessions for ...
2025-07-25 17:07:41.439 [info] Getting sessions for read:user,repo,user:email,workflow...
2025-07-25 17:07:41.439 [info] Got 1 sessions for read:user,repo,user:email,workflow...
2025-07-25 17:07:42.294 [info] Getting sessions for user:email...
2025-07-25 17:07:42.294 [info] Got 1 sessions for user:email...
2025-07-25 17:07:44.881 [info] Getting sessions for all scopes...
2025-07-25 17:07:44.881 [info] Got 2 sessions for ...
2025-07-25 17:07:45.433 [info] Getting sessions for read:user,repo,user:email,workflow...
2025-07-25 17:07:45.434 [info] Got 1 sessions for read:user,repo,user:email,workflow...
2025-07-25 17:07:45.809 [info] Getting sessions for user:email...
2025-07-25 17:07:45.809 [info] Got 1 sessions for user:email...
2025-07-25 17:08:09.674 [info] Getting sessions for all scopes...
2025-07-25 17:08:09.682 [info] Got 2 sessions for ...
2025-07-25 17:08:10.290 [info] Getting sessions for read:user,repo,user:email,workflow...
2025-07-25 17:08:10.291 [info] Got 1 sessions for read:user,repo,user:email,workflow...
2025-07-25 17:08:11.272 [info] Getting sessions for user:email...
2025-07-25 17:08:11.273 [info] Got 1 sessions for user:email...
2025-07-25 17:08:12.306 [info] Getting sessions for all scopes...
2025-07-25 17:08:12.306 [info] Got 2 sessions for ...
2025-07-25 17:08:12.391 [info] Getting sessions for read:user,repo,user:email,workflow...
2025-07-25 17:08:12.392 [info] Got 1 sessions for read:user,repo,user:email,workflow...
2025-07-25 17:08:12.438 [info] Getting sessions for user:email...
2025-07-25 17:08:12.440 [info] Got 1 sessions for user:email...
2025-07-25 17:08:36.553 [info] Getting sessions for all scopes...
2025-07-25 17:08:36.553 [info] Got 2 sessions for ...
2025-07-25 17:08:36.970 [info] Getting sessions for read:user,repo,user:email,workflow...
2025-07-25 17:08:36.970 [info] Got 1 sessions for read:user,repo,user:email,workflow...
2025-07-25 17:08:37.073 [info] Getting sessions for user:email...
2025-07-25 17:08:37.073 [info] Got 1 sessions for user:email...
2025-07-25 17:08:38.043 [info] Getting sessions for all scopes...
2025-07-25 17:08:38.043 [info] Got 2 sessions for ...
2025-07-25 17:08:38.680 [info] Getting sessions for read:user,repo,user:email,workflow...
2025-07-25 17:08:38.680 [info] Got 1 sessions for read:user,repo,user:email,workflow...
2025-07-25 17:08:39.653 [info] Getting sessions for user:email...
2025-07-25 17:08:39.653 [info] Got 1 sessions for user:email...
2025-07-25 17:08:40.273 [info] Getting sessions for all scopes...
2025-07-25 17:08:40.274 [info] Got 2 sessions for ...
2025-07-25 17:08:40.436 [info] Getting sessions for read:user,repo,user:email,workflow...
2025-07-25 17:08:40.436 [info] Got 1 sessions for read:user,repo,user:email,workflow...
2025-07-25 17:08:40.719 [info] Getting sessions for user:email...
2025-07-25 17:08:40.720 [info] Got 1 sessions for user:email...
2025-07-25 17:08:46.149 [info] Getting sessions for all scopes...
2025-07-25 17:08:46.149 [info] Got 2 sessions for ...
2025-07-25 17:08:47.005 [info] Getting sessions for read:user,repo,user:email,workflow...
2025-07-25 17:08:47.006 [info] Got 1 sessions for read:user,repo,user:email,workflow...
2025-07-25 17:08:48.219 [info] Getting sessions for user:email...
2025-07-25 17:08:48.219 [info] Got 1 sessions for user:email...
2025-07-25 17:08:49.117 [info] Getting sessions for all scopes...
2025-07-25 17:08:49.117 [info] Got 2 sessions for ...
2025-07-25 17:08:49.767 [info] Getting sessions for read:user,repo,user:email,workflow...
2025-07-25 17:08:49.767 [info] Got 1 sessions for read:user,repo,user:email,workflow...
2025-07-25 17:08:52.096 [info] Getting sessions for user:email...
2025-07-25 17:08:52.105 [info] Got 1 sessions for user:email...
2025-07-25 17:08:52.785 [info] Getting sessions for all scopes...
2025-07-25 17:08:52.785 [info] Got 2 sessions for ...
2025-07-25 17:08:52.991 [info] Getting sessions for read:user,repo,user:email,workflow...
2025-07-25 17:08:52.991 [info] Got 1 sessions for read:user,repo,user:email,workflow...
2025-07-25 17:08:53.040 [info] Getting sessions for user:email...
2025-07-25 17:08:53.040 [info] Got 1 sessions for user:email...
2025-07-25 17:09:49.542 [info] Getting sessions for read:user,repo,user:email,workflow...
2025-07-25 17:09:49.542 [info] Got 1 sessions for read:user,repo,user:email,workflow...
2025-07-25 17:09:51.018 [info] Getting sessions for read:user...
2025-07-25 17:09:51.018 [info] Got 0 sessions for read:user...
2025-07-25 17:09:52.214 [info] Getting sessions for all scopes...
2025-07-25 17:09:52.214 [info] Got 2 sessions for ...
2025-07-25 17:09:52.262 [info] Getting sessions for user:email...
2025-07-25 17:09:52.262 [info] Got 1 sessions for user:email...
2025-07-25 17:09:53.914 [info] Getting sessions for read:user,repo,user:email,workflow...
2025-07-25 17:09:53.914 [info] Got 1 sessions for read:user,repo,user:email,workflow...
2025-07-25 17:09:54.540 [info] Getting sessions for user:email...
2025-07-25 17:09:54.552 [info] Got 1 sessions for user:email...
2025-07-25 17:09:55.176 [info] Getting sessions for all scopes...
2025-07-25 17:09:55.176 [info] Got 2 sessions for ...
2025-07-25 17:09:55.258 [info] Getting sessions for read:user,repo,user:email,workflow...
2025-07-25 17:09:55.259 [info] Got 1 sessions for read:user,repo,user:email,workflow...
2025-07-25 17:09:55.298 [info] Getting sessions for user:email...
2025-07-25 17:09:55.309 [info] Got 1 sessions for user:email...
2025-07-25 17:09:56.185 [info] Getting sessions for all scopes...
2025-07-25 17:09:56.185 [info] Got 2 sessions for ...
2025-07-25 17:09:58.609 [info] Getting sessions for read:user,repo,user:email,workflow...
2025-07-25 17:09:58.609 [info] Got 1 sessions for read:user,repo,user:email,workflow...
2025-07-25 17:10:00.345 [info] Getting sessions for user:email...
2025-07-25 17:10:00.345 [info] Got 1 sessions for user:email...
2025-07-25 17:10:01.201 [info] Getting sessions for all scopes...
2025-07-25 17:10:01.201 [info] Got 2 sessions for ...
2025-07-25 17:10:02.867 [info] Getting sessions for read:user,repo,user:email,workflow...
2025-07-25 17:10:02.877 [info] Got 1 sessions for read:user,repo,user:email,workflow...
2025-07-25 17:10:04.847 [info] Getting sessions for user:email...
2025-07-25 17:10:04.847 [info] Got 1 sessions for user:email...
2025-07-25 17:10:07.887 [info] Getting sessions for all scopes...
2025-07-25 17:10:07.887 [info] Got 2 sessions for ...
2025-07-25 17:10:09.007 [info] Getting sessions for read:user,repo,user:email,workflow...
2025-07-25 17:10:09.007 [info] Got 1 sessions for read:user,repo,user:email,workflow...
2025-07-25 17:10:09.594 [info] Getting sessions for user:email...
2025-07-25 17:10:09.594 [info] Got 1 sessions for user:email...
2025-07-25 17:10:10.114 [info] Getting sessions for all scopes...
2025-07-25 17:10:10.114 [info] Got 2 sessions for ...
2025-07-25 17:10:10.220 [info] Getting sessions for read:user,repo,user:email,workflow...
2025-07-25 17:10:10.220 [info] Got 1 sessions for read:user,repo,user:email,workflow...
2025-07-25 17:10:10.307 [info] Getting sessions for user:email...
2025-07-25 17:10:10.308 [info] Got 1 sessions for user:email...
2025-07-25 17:10:13.367 [info] Getting sessions for all scopes...
2025-07-25 17:10:13.367 [info] Got 2 sessions for ...
2025-07-25 17:10:13.476 [info] Getting sessions for read:user,repo,user:email,workflow...
2025-07-25 17:10:13.476 [info] Got 1 sessions for read:user,repo,user:email,workflow...
2025-07-25 17:10:13.501 [info] Getting sessions for user:email...
2025-07-25 17:10:13.501 [info] Got 1 sessions for user:email...
2025-07-25 17:10:16.141 [info] Getting sessions for all scopes...
2025-07-25 17:10:16.141 [info] Got 2 sessions for ...
2025-07-25 17:10:16.189 [info] Getting sessions for read:user,repo,user:email,workflow...
2025-07-25 17:10:16.189 [info] Got 1 sessions for read:user,repo,user:email,workflow...
2025-07-25 17:10:16.218 [info] Getting sessions for user:email...
2025-07-25 17:10:16.219 [info] Got 1 sessions for user:email...
2025-07-25 17:10:17.676 [info] Getting sessions for all scopes...
2025-07-25 17:10:17.676 [info] Got 2 sessions for ...
2025-07-25 17:10:18.752 [info] Getting sessions for read:user,repo,user:email,workflow...
2025-07-25 17:10:18.753 [info] Got 1 sessions for read:user,repo,user:email,workflow...
2025-07-25 17:10:20.789 [info] Getting sessions for user:email...
2025-07-25 17:10:20.789 [info] Got 1 sessions for user:email...
2025-07-25 17:10:21.927 [info] Getting sessions for all scopes...
2025-07-25 17:10:21.927 [info] Got 2 sessions for ...
2025-07-25 17:10:24.592 [info] Getting sessions for read:user,repo,user:email,workflow...
2025-07-25 17:10:24.592 [info] Got 1 sessions for read:user,repo,user:email,workflow...
2025-07-25 17:10:25.113 [info] Getting sessions for user:email...
2025-07-25 17:10:25.114 [info] Got 1 sessions for user:email...
2025-07-25 17:10:25.523 [info] Getting sessions for all scopes...
2025-07-25 17:10:25.523 [info] Got 2 sessions for ...
2025-07-25 17:10:25.579 [info] Getting sessions for read:user,repo,user:email,workflow...
2025-07-25 17:10:25.579 [info] Got 1 sessions for read:user,repo,user:email,workflow...
2025-07-25 17:10:25.631 [info] Getting sessions for user:email...
2025-07-25 17:10:25.631 [info] Got 1 sessions for user:email...
2025-07-25 17:10:29.510 [info] Getting sessions for all scopes...
2025-07-25 17:10:29.510 [info] Got 2 sessions for ...
2025-07-25 17:10:29.736 [info] Getting sessions for read:user,repo,user:email,workflow...
2025-07-25 17:10:29.737 [info] Got 1 sessions for read:user,repo,user:email,workflow...
2025-07-25 17:10:29.960 [info] Getting sessions for user:email...
2025-07-25 17:10:29.960 [info] Got 1 sessions for user:email...
2025-07-25 17:10:32.110 [info] Getting sessions for all scopes...
2025-07-25 17:10:32.110 [info] Got 2 sessions for ...
2025-07-25 17:10:32.664 [info] Getting sessions for read:user,repo,user:email,workflow...
2025-07-25 17:10:32.664 [info] Got 1 sessions for read:user,repo,user:email,workflow...
2025-07-25 17:10:32.784 [info] Getting sessions for user:email...
2025-07-25 17:10:32.786 [info] Got 1 sessions for user:email...
2025-07-25 17:10:33.163 [info] Getting sessions for all scopes...
2025-07-25 17:10:33.165 [info] Got 2 sessions for ...
2025-07-25 17:10:33.210 [info] Getting sessions for read:user,repo,user:email,workflow...
2025-07-25 17:10:33.210 [info] Got 1 sessions for read:user,repo,user:email,workflow...
2025-07-25 17:10:33.229 [info] Getting sessions for user:email...
2025-07-25 17:10:33.229 [info] Got 1 sessions for user:email...
