2025-07-24 15:32:22.421 [info] [main] Log level: Info
2025-07-24 15:32:22.421 [info] [main] Validating found git in: "git"
2025-07-24 15:32:22.421 [info] [main] Using git "2.39.5" from "git"
2025-07-24 15:32:22.421 [info] [Model][doInitialScan] Initial repository scan started
2025-07-24 15:32:22.421 [info] > git rev-parse --show-toplevel [639ms]
2025-07-24 15:32:22.421 [info] fatal: not a git repository (or any of the parent directories): .git
2025-07-24 15:32:22.421 [info] > git rev-parse --show-toplevel [190ms]
2025-07-24 15:32:22.421 [info] fatal: not a git repository (or any of the parent directories): .git
2025-07-24 15:32:22.456 [info] > git rev-parse --show-toplevel [578ms]
2025-07-24 15:32:22.456 [info] fatal: not a git repository (or any of the parent directories): .git
2025-07-24 15:32:23.375 [info] > git rev-parse --show-toplevel [191ms]
2025-07-24 15:32:23.376 [info] fatal: not a git repository (or any of the parent directories): .git
2025-07-24 15:32:23.564 [info] > git rev-parse --show-toplevel [78ms]
2025-07-24 15:32:23.565 [info] fatal: not a git repository (or any of the parent directories): .git
2025-07-24 15:32:23.964 [info] > git rev-parse --show-toplevel [98ms]
2025-07-24 15:32:23.964 [info] fatal: not a git repository (or any of the parent directories): .git
2025-07-24 15:32:24.230 [info] > git rev-parse --show-toplevel [72ms]
2025-07-24 15:32:24.230 [info] fatal: not a git repository (or any of the parent directories): .git
2025-07-24 15:32:24.709 [info] > git rev-parse --show-toplevel [85ms]
2025-07-24 15:32:24.709 [info] fatal: not a git repository (or any of the parent directories): .git
2025-07-24 15:32:24.813 [info] > git rev-parse --show-toplevel [28ms]
2025-07-24 15:32:24.814 [info] fatal: not a git repository (or any of the parent directories): .git
2025-07-24 15:32:24.898 [info] > git rev-parse --show-toplevel [22ms]
2025-07-24 15:32:24.898 [info] fatal: not a git repository (or any of the parent directories): .git
2025-07-24 15:32:24.958 [info] > git rev-parse --show-toplevel [17ms]
2025-07-24 15:32:24.958 [info] fatal: not a git repository (or any of the parent directories): .git
2025-07-24 15:32:25.292 [info] > git rev-parse --show-toplevel [279ms]
2025-07-24 15:32:25.292 [info] fatal: not a git repository (or any of the parent directories): .git
2025-07-24 15:32:25.363 [info] > git rev-parse --show-toplevel [21ms]
2025-07-24 15:32:25.363 [info] fatal: not a git repository (or any of the parent directories): .git
2025-07-24 15:32:25.412 [info] > git rev-parse --show-toplevel [9ms]
2025-07-24 15:32:25.468 [info] > git rev-parse --git-dir --git-common-dir [15ms]
2025-07-24 15:32:25.576 [info] [Model][openRepository] Opened repository (path): /home/ramijaebr/madhushreyar.github.io
2025-07-24 15:32:25.577 [info] [Model][openRepository] Opened repository (real path): /home/ramijaebr/madhushreyar.github.io
2025-07-24 15:32:25.810 [info] > git rev-parse --show-toplevel [70ms]
2025-07-24 15:32:25.811 [info] fatal: not a git repository (or any of the parent directories): .git
2025-07-24 15:32:25.815 [info] > git config --get commit.template [140ms]
2025-07-24 15:32:25.926 [info] > git rev-parse --show-toplevel [58ms]
2025-07-24 15:32:25.928 [info] fatal: not a git repository (or any of the parent directories): .git
2025-07-24 15:32:25.937 [info] [Model][doInitialScan] Initial repository scan completed - repositories (1), closed repositories (0), parent repositories (0), unsafe repositories (0)
2025-07-24 15:32:25.957 [info] > git for-each-ref --format=%(refname)%00%(upstream:short)%00%(objectname)%00%(upstream:track)%00%(upstream:remotename)%00%(upstream:remoteref) refs/heads/main refs/remotes/main [41ms]
2025-07-24 15:32:26.056 [warning] [Git][revParse] Unable to read file: ENOENT: no such file or directory, open '/home/ramijaebr/madhushreyar.github.io/.git/refs/remotes/origin/main'
2025-07-24 15:32:26.087 [info] > git rev-parse refs/remotes/origin/main [31ms]
2025-07-24 15:32:26.425 [info] > git status -z -uall [281ms]
2025-07-24 15:32:26.428 [info] > git for-each-ref --sort -committerdate --format %(refname)%00%(objectname)%00%(*objectname) [175ms]
2025-07-24 15:32:27.001 [info] > git check-ignore -v -z --stdin [217ms]
2025-07-24 15:32:27.049 [info] > git for-each-ref --format=%(refname)%00%(upstream:short)%00%(objectname)%00%(upstream:track)%00%(upstream:remotename)%00%(upstream:remoteref) refs/heads/main refs/remotes/main [458ms]
2025-07-24 15:32:27.146 [info] > git config --get --local branch.main.vscode-merge-base [42ms]
2025-07-24 15:32:27.235 [info] > git config --get commit.template [283ms]
2025-07-24 15:32:27.253 [info] > git for-each-ref --format=%(refname)%00%(upstream:short)%00%(objectname)%00%(upstream:track)%00%(upstream:remotename)%00%(upstream:remoteref) refs/heads/origin/main refs/remotes/origin/main [25ms]
2025-07-24 15:32:27.573 [info] > git merge-base refs/heads/main refs/remotes/origin/main [180ms]
2025-07-24 15:32:27.673 [info] > git diff --name-status -z --diff-filter=ADMR 5846a4cec008b5a929daca2bc29e80b749a5c7e6...refs/remotes/origin/main [20ms]
2025-07-24 15:32:27.677 [info] > git for-each-ref --format=%(refname)%00%(upstream:short)%00%(objectname)%00%(upstream:track)%00%(upstream:remotename)%00%(upstream:remoteref) refs/heads/main refs/remotes/main [144ms]
2025-07-24 15:32:27.766 [warning] [Git][revParse] Unable to read file: ENOENT: no such file or directory, open '/home/ramijaebr/madhushreyar.github.io/.git/refs/remotes/origin/main'
2025-07-24 15:32:27.872 [info] > git rev-parse refs/remotes/origin/main [107ms]
2025-07-24 15:32:27.953 [info] > git status -z -uall [48ms]
2025-07-24 15:32:27.956 [info] > git for-each-ref --sort -committerdate --format %(refname)%00%(objectname)%00%(*objectname) [13ms]
2025-07-24 15:32:28.048 [info] > git config --get commit.template [25ms]
2025-07-24 15:32:28.754 [info] > git for-each-ref --format=%(refname)%00%(upstream:short)%00%(objectname)%00%(upstream:track)%00%(upstream:remotename)%00%(upstream:remoteref) refs/heads/main refs/remotes/main [347ms]
2025-07-24 15:32:28.810 [warning] [Git][revParse] Unable to read file: ENOENT: no such file or directory, open '/home/ramijaebr/madhushreyar.github.io/.git/refs/remotes/origin/main'
2025-07-24 15:32:28.868 [info] > git rev-parse refs/remotes/origin/main [58ms]
2025-07-24 15:32:29.035 [info] > git status -z -uall [95ms]
2025-07-24 15:32:29.060 [info] > git for-each-ref --sort -committerdate --format %(refname)%00%(objectname)%00%(*objectname) [42ms]
2025-07-24 15:32:43.816 [info] > git rev-parse --show-toplevel [708ms]
2025-07-24 15:32:43.816 [info] fatal: not a git repository (or any of the parent directories): .git
2025-07-24 15:32:44.178 [info] > git rev-parse --show-toplevel [131ms]
2025-07-24 15:32:44.180 [info] fatal: not a git repository (or any of the parent directories): .git
2025-07-24 15:32:44.680 [info] > git rev-parse --show-toplevel [324ms]
2025-07-24 15:32:44.683 [info] fatal: not a git repository (or any of the parent directories): .git
2025-07-24 15:32:45.437 [info] > git rev-parse --show-toplevel [11ms]
2025-07-24 15:32:45.438 [info] fatal: not a git repository (or any of the parent directories): .git
2025-07-24 15:40:05.382 [info] > git rev-parse --show-toplevel [30ms]
2025-07-24 15:40:05.382 [info] fatal: not a git repository (or any of the parent directories): .git
2025-07-24 15:43:30.322 [info] > git rev-parse --show-toplevel [16ms]
2025-07-24 15:43:30.323 [info] fatal: not a git repository (or any of the parent directories): .git
2025-07-24 15:44:08.227 [info] > git rev-parse --show-toplevel [31ms]
2025-07-24 15:44:08.227 [info] fatal: not a git repository (or any of the parent directories): .git
2025-07-24 15:46:30.003 [info] > git rev-parse --show-toplevel [36ms]
2025-07-24 15:46:30.004 [info] fatal: not a git repository (or any of the parent directories): .git
2025-07-24 15:48:36.876 [info] > git rev-parse --show-toplevel [25ms]
2025-07-24 15:48:36.876 [info] fatal: not a git repository (or any of the parent directories): .git
2025-07-24 15:51:41.489 [info] > git rev-parse --show-toplevel [24ms]
2025-07-24 15:51:41.489 [info] fatal: not a git repository (or any of the parent directories): .git
2025-07-24 16:10:00.851 [info] > git rev-parse --show-toplevel [27ms]
2025-07-24 16:10:00.852 [info] fatal: not a git repository (or any of the parent directories): .git
2025-07-24 16:10:38.170 [info] > git rev-parse --show-toplevel [61ms]
2025-07-24 16:10:38.170 [info] fatal: not a git repository (or any of the parent directories): .git
2025-07-24 16:10:54.920 [info] > git rev-parse --show-toplevel [30ms]
2025-07-24 16:10:54.922 [info] fatal: not a git repository (or any of the parent directories): .git
2025-07-24 16:11:38.671 [info] > git rev-parse --show-toplevel [71ms]
2025-07-24 16:11:38.672 [info] fatal: not a git repository (or any of the parent directories): .git
2025-07-24 16:12:33.749 [info] > git rev-parse --show-toplevel [27ms]
2025-07-24 16:12:33.752 [info] fatal: not a git repository (or any of the parent directories): .git
2025-07-24 16:17:41.952 [info] > git rev-parse --show-toplevel [31ms]
2025-07-24 16:17:41.953 [info] fatal: not a git repository (or any of the parent directories): .git
2025-07-24 16:18:09.210 [info] > git rev-parse --show-toplevel [23ms]
2025-07-24 16:18:09.211 [info] fatal: not a git repository (or any of the parent directories): .git
2025-07-24 16:20:05.980 [info] > git rev-parse --show-toplevel [14ms]
2025-07-24 16:20:05.981 [info] fatal: not a git repository (or any of the parent directories): .git
2025-07-24 16:23:11.117 [info] > git rev-parse --show-toplevel [10ms]
2025-07-24 16:23:11.118 [info] fatal: not a git repository (or any of the parent directories): .git
2025-07-24 16:24:31.200 [info] > git rev-parse --show-toplevel [14ms]
2025-07-24 16:24:31.204 [info] fatal: not a git repository (or any of the parent directories): .git
2025-07-24 16:24:51.970 [info] > git rev-parse --show-toplevel [16ms]
2025-07-24 16:24:51.972 [info] fatal: not a git repository (or any of the parent directories): .git
2025-07-24 16:25:19.115 [info] > git rev-parse --show-toplevel [11ms]
2025-07-24 16:25:19.115 [info] fatal: not a git repository (or any of the parent directories): .git
2025-07-24 16:30:47.897 [info] > git rev-parse --show-toplevel [17ms]
2025-07-24 16:30:47.898 [info] fatal: not a git repository (or any of the parent directories): .git
2025-07-24 16:31:44.226 [info] > git rev-parse --show-toplevel [40ms]
2025-07-24 16:31:44.230 [info] fatal: not a git repository (or any of the parent directories): .git
2025-07-24 16:32:21.796 [info] > git rev-parse --show-toplevel [51ms]
2025-07-24 16:32:21.796 [info] fatal: not a git repository (or any of the parent directories): .git
2025-07-24 16:37:10.516 [info] > git rev-parse --show-toplevel [36ms]
2025-07-24 16:37:10.516 [info] fatal: not a git repository (or any of the parent directories): .git
2025-07-24 16:38:58.916 [info] > git rev-parse --show-toplevel [17ms]
2025-07-24 16:38:58.916 [info] fatal: not a git repository (or any of the parent directories): .git
2025-07-24 16:39:13.225 [info] > git rev-parse --show-toplevel [25ms]
2025-07-24 16:39:13.225 [info] fatal: not a git repository (or any of the parent directories): .git
2025-07-24 16:40:14.373 [info] > git rev-parse --show-toplevel [7ms]
2025-07-24 16:40:14.373 [info] fatal: not a git repository (or any of the parent directories): .git
2025-07-24 16:44:38.207 [info] > git rev-parse --show-toplevel [12ms]
2025-07-24 16:44:38.207 [info] fatal: not a git repository (or any of the parent directories): .git
2025-07-24 16:44:52.777 [info] > git rev-parse --show-toplevel [25ms]
2025-07-24 16:44:52.778 [info] fatal: not a git repository (or any of the parent directories): .git
2025-07-24 16:45:30.495 [info] > git rev-parse --show-toplevel [16ms]
2025-07-24 16:45:30.495 [info] fatal: not a git repository (or any of the parent directories): .git
2025-07-24 16:56:01.391 [info] > git rev-parse --show-toplevel [76ms]
2025-07-24 16:56:01.391 [info] fatal: not a git repository (or any of the parent directories): .git
2025-07-24 16:56:43.536 [info] > git rev-parse --show-toplevel [57ms]
2025-07-24 16:56:43.542 [info] fatal: not a git repository (or any of the parent directories): .git
2025-07-24 16:56:48.023 [info] > git rev-parse --show-toplevel [31ms]
2025-07-24 16:56:48.026 [info] fatal: not a git repository (or any of the parent directories): .git
2025-07-24 16:57:14.359 [info] > git rev-parse --show-toplevel [25ms]
2025-07-24 16:57:14.359 [info] fatal: not a git repository (or any of the parent directories): .git
2025-07-24 16:58:50.790 [info] > git rev-parse --show-toplevel [26ms]
2025-07-24 16:58:50.792 [info] fatal: not a git repository (or any of the parent directories): .git
2025-07-24 17:06:24.753 [info] > git rev-parse --show-toplevel [35ms]
2025-07-24 17:06:24.753 [info] fatal: not a git repository (or any of the parent directories): .git
